{"total": {"lines":{"total":825,"covered":788,"skipped":0,"pct":95.51},"statements":{"total":830,"covered":793,"skipped":0,"pct":95.54},"functions":{"total":202,"covered":198,"skipped":0,"pct":98.01},"branches":{"total":629,"covered":570,"skipped":0,"pct":90.62},"branchesTrue":{"total":0,"covered":0,"skipped":0,"pct":100}}
,"/home/runner/work/magicmirror-module-sandbox/magicmirror-module-sandbox/bin/install-guard.ts": {"lines":{"total":42,"covered":37,"skipped":0,"pct":88.09},"functions":{"total":13,"covered":11,"skipped":0,"pct":84.61},"statements":{"total":43,"covered":38,"skipped":0,"pct":88.37},"branches":{"total":47,"covered":42,"skipped":0,"pct":89.36}}
,"/home/runner/work/magicmirror-module-sandbox/magicmirror-module-sandbox/bin/preview.ts": {"lines":{"total":14,"covered":14,"skipped":0,"pct":100},"functions":{"total":5,"covered":5,"skipped":0,"pct":100},"statements":{"total":15,"covered":15,"skipped":0,"pct":100},"branches":{"total":12,"covered":11,"skipped":0,"pct":91.66}}
,"/home/runner/work/magicmirror-module-sandbox/magicmirror-module-sandbox/bin/sync-magicmirror-assets.ts": {"lines":{"total":74,"covered":66,"skipped":0,"pct":89.18},"functions":{"total":19,"covered":19,"skipped":0,"pct":100},"statements":{"total":75,"covered":67,"skipped":0,"pct":89.33},"branches":{"total":42,"covered":32,"skipped":0,"pct":76.19}}
,"/home/runner/work/magicmirror-module-sandbox/magicmirror-module-sandbox/bin/helpers/css-bundler.ts": {"lines":{"total":50,"covered":50,"skipped":0,"pct":100},"functions":{"total":17,"covered":17,"skipped":0,"pct":100},"statements":{"total":51,"covered":51,"skipped":0,"pct":100},"branches":{"total":32,"covered":29,"skipped":0,"pct":90.62}}
,"/home/runner/work/magicmirror-module-sandbox/magicmirror-module-sandbox/client/app/components/Footer.tsx": {"lines":{"total":1,"covered":1,"skipped":0,"pct":100},"functions":{"total":1,"covered":1,"skipped":0,"pct":100},"statements":{"total":1,"covered":1,"skipped":0,"pct":100},"branches":{"total":6,"covered":6,"skipped":0,"pct":100}}
,"/home/runner/work/magicmirror-module-sandbox/magicmirror-module-sandbox/client/app/components/Sidebar.tsx": {"lines":{"total":1,"covered":1,"skipped":0,"pct":100},"functions":{"total":1,"covered":1,"skipped":0,"pct":100},"statements":{"total":1,"covered":1,"skipped":0,"pct":100},"branches":{"total":0,"covered":0,"skipped":0,"pct":100}}
,"/home/runner/work/magicmirror-module-sandbox/magicmirror-module-sandbox/client/app/components/Topbar.tsx": {"lines":{"total":3,"covered":3,"skipped":0,"pct":100},"functions":{"total":2,"covered":2,"skipped":0,"pct":100},"statements":{"total":3,"covered":3,"skipped":0,"pct":100},"branches":{"total":4,"covered":3,"skipped":0,"pct":75}}
,"/home/runner/work/magicmirror-module-sandbox/magicmirror-module-sandbox/client/app/components/icons/GitHubMark.tsx": {"lines":{"total":1,"covered":1,"skipped":0,"pct":100},"functions":{"total":1,"covered":1,"skipped":0,"pct":100},"statements":{"total":1,"covered":1,"skipped":0,"pct":100},"branches":{"total":0,"covered":0,"skipped":0,"pct":100}}
,"/home/runner/work/magicmirror-module-sandbox/magicmirror-module-sandbox/client/app/components/sidebar/AboutDomain.tsx": {"lines":{"total":1,"covered":1,"skipped":0,"pct":100},"functions":{"total":1,"covered":1,"skipped":0,"pct":100},"statements":{"total":1,"covered":1,"skipped":0,"pct":100},"branches":{"total":0,"covered":0,"skipped":0,"pct":100}}
,"/home/runner/work/magicmirror-module-sandbox/magicmirror-module-sandbox/client/app/components/sidebar/ConfigDomain.tsx": {"lines":{"total":11,"covered":11,"skipped":0,"pct":100},"functions":{"total":8,"covered":8,"skipped":0,"pct":100},"statements":{"total":11,"covered":11,"skipped":0,"pct":100},"branches":{"total":28,"covered":25,"skipped":0,"pct":89.28}}
,"/home/runner/work/magicmirror-module-sandbox/magicmirror-module-sandbox/client/app/components/sidebar/DebugDomain.tsx": {"lines":{"total":1,"covered":1,"skipped":0,"pct":100},"functions":{"total":1,"covered":1,"skipped":0,"pct":100},"statements":{"total":1,"covered":1,"skipped":0,"pct":100},"branches":{"total":0,"covered":0,"skipped":0,"pct":100}}
,"/home/runner/work/magicmirror-module-sandbox/magicmirror-module-sandbox/client/app/components/sidebar/NotificationsDomain.tsx": {"lines":{"total":2,"covered":2,"skipped":0,"pct":100},"functions":{"total":1,"covered":1,"skipped":0,"pct":100},"statements":{"total":2,"covered":2,"skipped":0,"pct":100},"branches":{"total":0,"covered":0,"skipped":0,"pct":100}}
,"/home/runner/work/magicmirror-module-sandbox/magicmirror-module-sandbox/client/app/components/sidebar/QualityDomain.tsx": {"lines":{"total":1,"covered":1,"skipped":0,"pct":100},"functions":{"total":1,"covered":1,"skipped":0,"pct":100},"statements":{"total":1,"covered":1,"skipped":0,"pct":100},"branches":{"total":0,"covered":0,"skipped":0,"pct":100}}
,"/home/runner/work/magicmirror-module-sandbox/magicmirror-module-sandbox/client/app/components/sidebar/RuntimeDomain.tsx": {"lines":{"total":1,"covered":1,"skipped":0,"pct":100},"functions":{"total":1,"covered":1,"skipped":0,"pct":100},"statements":{"total":1,"covered":1,"skipped":0,"pct":100},"branches":{"total":4,"covered":4,"skipped":0,"pct":100}}
,"/home/runner/work/magicmirror-module-sandbox/magicmirror-module-sandbox/config/contract.ts": {"lines":{"total":2,"covered":2,"skipped":0,"pct":100},"functions":{"total":1,"covered":1,"skipped":0,"pct":100},"statements":{"total":2,"covered":2,"skipped":0,"pct":100},"branches":{"total":0,"covered":0,"skipped":0,"pct":100}}
,"/home/runner/work/magicmirror-module-sandbox/magicmirror-module-sandbox/config/harness.config.ts": {"lines":{"total":4,"covered":4,"skipped":0,"pct":100},"functions":{"total":1,"covered":1,"skipped":0,"pct":100},"statements":{"total":4,"covered":4,"skipped":0,"pct":100},"branches":{"total":6,"covered":6,"skipped":0,"pct":100}}
,"/home/runner/work/magicmirror-module-sandbox/magicmirror-module-sandbox/config/magicmirror-languages.ts": {"lines":{"total":1,"covered":1,"skipped":0,"pct":100},"functions":{"total":0,"covered":0,"skipped":0,"pct":100},"statements":{"total":1,"covered":1,"skipped":0,"pct":100},"branches":{"total":0,"covered":0,"skipped":0,"pct":100}}
,"/home/runner/work/magicmirror-module-sandbox/magicmirror-module-sandbox/config/module-options.ts": {"lines":{"total":74,"covered":70,"skipped":0,"pct":94.59},"functions":{"total":10,"covered":10,"skipped":0,"pct":100},"statements":{"total":74,"covered":70,"skipped":0,"pct":94.59},"branches":{"total":68,"covered":63,"skipped":0,"pct":92.64}}
,"/home/runner/work/magicmirror-module-sandbox/magicmirror-module-sandbox/server/config-payloads.ts": {"lines":{"total":12,"covered":12,"skipped":0,"pct":100},"functions":{"total":3,"covered":3,"skipped":0,"pct":100},"statements":{"total":12,"covered":12,"skipped":0,"pct":100},"branches":{"total":4,"covered":4,"skipped":0,"pct":100}}
,"/home/runner/work/magicmirror-module-sandbox/magicmirror-module-sandbox/server/config.ts": {"lines":{"total":95,"covered":91,"skipped":0,"pct":95.78},"functions":{"total":26,"covered":26,"skipped":0,"pct":100},"statements":{"total":95,"covered":91,"skipped":0,"pct":95.78},"branches":{"total":89,"covered":82,"skipped":0,"pct":92.13}}
,"/home/runner/work/magicmirror-module-sandbox/magicmirror-module-sandbox/server/errors.ts": {"lines":{"total":3,"covered":3,"skipped":0,"pct":100},"functions":{"total":1,"covered":1,"skipped":0,"pct":100},"statements":{"total":3,"covered":3,"skipped":0,"pct":100},"branches":{"total":0,"covered":0,"skipped":0,"pct":100}}
,"/home/runner/work/magicmirror-module-sandbox/magicmirror-module-sandbox/server/helper-runtime.ts": {"lines":{"total":47,"covered":47,"skipped":0,"pct":100},"functions":{"total":6,"covered":6,"skipped":0,"pct":100},"statements":{"total":47,"covered":47,"skipped":0,"pct":100},"branches":{"total":27,"covered":24,"skipped":0,"pct":88.88}}
,"/home/runner/work/magicmirror-module-sandbox/magicmirror-module-sandbox/server/html.ts": {"lines":{"total":38,"covered":37,"skipped":0,"pct":97.36},"functions":{"total":8,"covered":8,"skipped":0,"pct":100},"statements":{"total":38,"covered":37,"skipped":0,"pct":97.36},"branches":{"total":30,"covered":26,"skipped":0,"pct":86.66}}
,"/home/runner/work/magicmirror-module-sandbox/magicmirror-module-sandbox/server/log-store.ts": {"lines":{"total":22,"covered":22,"skipped":0,"pct":100},"functions":{"total":4,"covered":4,"skipped":0,"pct":100},"statements":{"total":22,"covered":22,"skipped":0,"pct":100},"branches":{"total":16,"covered":16,"skipped":0,"pct":100}}
,"/home/runner/work/magicmirror-module-sandbox/magicmirror-module-sandbox/server/paths.ts": {"lines":{"total":89,"covered":84,"skipped":0,"pct":94.38},"functions":{"total":20,"covered":20,"skipped":0,"pct":100},"statements":{"total":90,"covered":85,"skipped":0,"pct":94.44},"branches":{"total":71,"covered":64,"skipped":0,"pct":90.14}}
,"/home/runner/work/magicmirror-module-sandbox/magicmirror-module-sandbox/server/routes.ts": {"lines":{"total":70,"covered":69,"skipped":0,"pct":98.57},"functions":{"total":15,"covered":14,"skipped":0,"pct":93.33},"statements":{"total":70,"covered":69,"skipped":0,"pct":98.57},"branches":{"total":18,"covered":16,"skipped":0,"pct":88.88}}
,"/home/runner/work/magicmirror-module-sandbox/magicmirror-module-sandbox/server/startup-scripts.ts": {"lines":{"total":68,"covered":64,"skipped":0,"pct":94.11},"functions":{"total":15,"covered":14,"skipped":0,"pct":93.33},"statements":{"total":68,"covered":64,"skipped":0,"pct":94.11},"branches":{"total":53,"covered":50,"skipped":0,"pct":94.33}}
,"/home/runner/work/magicmirror-module-sandbox/magicmirror-module-sandbox/server/watch.ts": {"lines":{"total":97,"covered":92,"skipped":0,"pct":94.84},"functions":{"total":20,"covered":20,"skipped":0,"pct":100},"statements":{"total":97,"covered":92,"skipped":0,"pct":94.84},"branches":{"total":72,"covered":67,"skipped":0,"pct":93.05}}
}
