{"/home/runner/work/magicmirror-module-sandbox/magicmirror-module-sandbox/bin/install-guard.ts": {"path":"/home/runner/work/magicmirror-module-sandbox/magicmirror-module-sandbox/bin/install-guard.ts","statementMap":{"0":{"start":{"line":12,"column":6},"end":{"line":12,"column":51}},"1":{"start":{"line":12,"column":30},"end":{"line":12,"column":51}},"2":{"start":{"line":14,"column":24},"end":{"line":17,"column":null}},"3":{"start":{"line":20,"column":1},"end":{"line":22,"column":33}},"4":{"start":{"line":36,"column":23},"end":{"line":36,"column":57}},"5":{"start":{"line":37,"column":1},"end":{"line":39,"column":null}},"6":{"start":{"line":46,"column":1},"end":{"line":46,"column":null}},"7":{"start":{"line":53,"column":1},"end":{"line":58,"column":null}},"8":{"start":{"line":70,"column":26},"end":{"line":73,"column":null}},"9":{"start":{"line":75,"column":24},"end":{"line":79,"column":null}},"10":{"start":{"line":89,"column":7},"end":{"line":92,"column":3}},"11":{"start":{"line":112,"column":24},"end":{"line":113,"column":null}},"12":{"start":{"line":113,"column":36},"end":{"line":113,"column":53}},"13":{"start":{"line":116,"column":1},"end":{"line":121,"column":null}},"14":{"start":{"line":117,"column":25},"end":{"line":117,"column":52}},"15":{"start":{"line":118,"column":26},"end":{"line":118,"column":67}},"16":{"start":{"line":120,"column":2},"end":{"line":121,"column":null}},"17":{"start":{"line":121,"column":3},"end":{"line":121,"column":null}},"18":{"start":{"line":125,"column":1},"end":{"line":125,"column":null}},"19":{"start":{"line":138,"column":1},"end":{"line":139,"column":null}},"20":{"start":{"line":139,"column":2},"end":{"line":139,"column":null}},"21":{"start":{"line":142,"column":1},"end":{"line":147,"column":null}},"22":{"start":{"line":158,"column":1},"end":{"line":159,"column":null}},"23":{"start":{"line":159,"column":2},"end":{"line":159,"column":null}},"24":{"start":{"line":162,"column":1},"end":{"line":163,"column":null}},"25":{"start":{"line":163,"column":2},"end":{"line":163,"column":null}},"26":{"start":{"line":166,"column":1},"end":{"line":166,"column":null}},"27":{"start":{"line":181,"column":24},"end":{"line":181,"column":75}},"28":{"start":{"line":183,"column":1},"end":{"line":184,"column":null}},"29":{"start":{"line":184,"column":2},"end":{"line":184,"column":null}},"30":{"start":{"line":187,"column":1},"end":{"line":193,"column":null}},"31":{"start":{"line":208,"column":21},"end":{"line":208,"column":48}},"32":{"start":{"line":209,"column":33},"end":{"line":212,"column":3}},"33":{"start":{"line":214,"column":1},"end":{"line":215,"column":null}},"34":{"start":{"line":215,"column":2},"end":{"line":215,"column":null}},"35":{"start":{"line":218,"column":29},"end":{"line":219,"column":null}},"36":{"start":{"line":221,"column":1},"end":{"line":225,"column":null}},"37":{"start":{"line":227,"column":1},"end":{"line":227,"column":null}},"38":{"start":{"line":242,"column":1},"end":{"line":243,"column":null}},"39":{"start":{"line":243,"column":2},"end":{"line":243,"column":null}},"40":{"start":{"line":246,"column":1},"end":{"line":246,"column":null}},"41":{"start":{"line":263,"column":1},"end":{"line":267,"column":null}},"42":{"start":{"line":268,"column":1},"end":{"line":272,"column":null}}},"fnMap":{"0":{"name":"(anonymous_0)","decl":{"start":{"line":12,"column":6},"end":{"line":12,"column":16}},"loc":{"start":{"line":12,"column":30},"end":{"line":12,"column":51}},"line":12},"1":{"name":"getPackageRoot","decl":{"start":{"line":35,"column":9},"end":{"line":35,"column":34}},"loc":{"start":{"line":35,"column":34},"end":{"line":39,"column":null}},"line":35},"2":{"name":"readJsonFile","decl":{"start":{"line":45,"column":9},"end":{"line":45,"column":22}},"loc":{"start":{"line":45,"column":49},"end":{"line":46,"column":null}},"line":45},"3":{"name":"getPackageName","decl":{"start":{"line":52,"column":9},"end":{"line":52,"column":24}},"loc":{"start":{"line":52,"column":64},"end":{"line":58,"column":null}},"line":52},"4":{"name":"syncMagicMirrorAssetsForMaintainerRepo","decl":{"start":{"line":65,"column":9},"end":{"line":65,"column":48}},"loc":{"start":{"line":69,"column":14},"end":{"line":98,"column":null}},"line":69},"5":{"name":"resolveConsumerPackageJsonPath","decl":{"start":{"line":105,"column":9},"end":{"line":105,"column":40}},"loc":{"start":{"line":111,"column":23},"end":{"line":125,"column":null}},"line":111},"6":{"name":"(anonymous_6)","decl":{"start":{"line":112,"column":68},"end":{"line":112,"column":null}},"loc":{"start":{"line":113,"column":36},"end":{"line":113,"column":53}},"line":113},"7":{"name":"isMaintainerSourceRepo","decl":{"start":{"line":131,"column":9},"end":{"line":131,"column":32}},"loc":{"start":{"line":137,"column":17},"end":{"line":147,"column":null}},"line":137},"8":{"name":"getInstallSection","decl":{"start":{"line":154,"column":9},"end":{"line":154,"column":null}},"loc":{"start":{"line":157,"column":45},"end":{"line":166,"column":null}},"line":157},"9":{"name":"assertSupportedInstallType","decl":{"start":{"line":172,"column":9},"end":{"line":172,"column":36}},"loc":{"start":{"line":180,"column":46},"end":{"line":193,"column":null}},"line":180},"10":{"name":"runInstallGuard","decl":{"start":{"line":199,"column":9},"end":{"line":199,"column":25}},"loc":{"start":{"line":207,"column":14},"end":{"line":227,"column":null}},"line":207},"11":{"name":"runMaintainerPostinstall","decl":{"start":{"line":233,"column":9},"end":{"line":233,"column":34}},"loc":{"start":{"line":241,"column":14},"end":{"line":246,"column":null}},"line":241},"12":{"name":"runPostinstall","decl":{"start":{"line":252,"column":9},"end":{"line":252,"column":24}},"loc":{"start":{"line":262,"column":14},"end":{"line":272,"column":null}},"line":262}},"branchMap":{"0":{"loc":{"start":{"line":20,"column":1},"end":{"line":22,"column":33}},"type":"cond-expr","locations":[{"start":{"line":21,"column":4},"end":{"line":21,"column":21}},{"start":{"line":22,"column":4},"end":{"line":22,"column":33}}],"line":20},"1":{"loc":{"start":{"line":37,"column":8},"end":{"line":39,"column":null}},"type":"cond-expr","locations":[{"start":{"line":38,"column":4},"end":{"line":38,"column":37}},{"start":{"line":39,"column":4},"end":{"line":39,"column":null}}],"line":37},"2":{"loc":{"start":{"line":52,"column":24},"end":{"line":52,"column":54}},"type":"default-arg","locations":[{"start":{"line":52,"column":38},"end":{"line":52,"column":54}}],"line":52},"3":{"loc":{"start":{"line":55,"column":3},"end":{"line":58,"column":null}},"type":"binary-expr","locations":[{"start":{"line":55,"column":3},"end":{"line":58,"column":12}},{"start":{"line":58,"column":12},"end":{"line":58,"column":null}}],"line":55},"4":{"loc":{"start":{"line":65,"column":48},"end":{"line":69,"column":6}},"type":"default-arg","locations":[{"start":{"line":69,"column":4},"end":{"line":69,"column":6}}],"line":65},"5":{"loc":{"start":{"line":66,"column":1},"end":{"line":66,"column":31}},"type":"default-arg","locations":[{"start":{"line":66,"column":15},"end":{"line":66,"column":31}}],"line":66},"6":{"loc":{"start":{"line":105,"column":40},"end":{"line":111,"column":6}},"type":"default-arg","locations":[{"start":{"line":111,"column":4},"end":{"line":111,"column":6}}],"line":105},"7":{"loc":{"start":{"line":106,"column":1},"end":{"line":106,"column":null}},"type":"default-arg","locations":[{"start":{"line":106,"column":7},"end":{"line":106,"column":null}}],"line":106},"8":{"loc":{"start":{"line":107,"column":1},"end":{"line":107,"column":31}},"type":"default-arg","locations":[{"start":{"line":107,"column":15},"end":{"line":107,"column":31}}],"line":107},"9":{"loc":{"start":{"line":120,"column":2},"end":{"line":121,"column":null}},"type":"if","locations":[{"start":{"line":120,"column":2},"end":{"line":121,"column":null}},{"start":{},"end":{}}],"line":120},"10":{"loc":{"start":{"line":120,"column":6},"end":{"line":120,"column":70}},"type":"binary-expr","locations":[{"start":{"line":120,"column":6},"end":{"line":120,"column":40}},{"start":{"line":120,"column":40},"end":{"line":120,"column":70}}],"line":120},"11":{"loc":{"start":{"line":131,"column":32},"end":{"line":137,"column":6}},"type":"default-arg","locations":[{"start":{"line":137,"column":4},"end":{"line":137,"column":6}}],"line":131},"12":{"loc":{"start":{"line":132,"column":1},"end":{"line":132,"column":null}},"type":"default-arg","locations":[{"start":{"line":132,"column":7},"end":{"line":132,"column":null}}],"line":132},"13":{"loc":{"start":{"line":133,"column":1},"end":{"line":133,"column":31}},"type":"default-arg","locations":[{"start":{"line":133,"column":15},"end":{"line":133,"column":31}}],"line":133},"14":{"loc":{"start":{"line":138,"column":1},"end":{"line":139,"column":null}},"type":"if","locations":[{"start":{"line":138,"column":1},"end":{"line":139,"column":null}},{"start":{},"end":{}}],"line":138},"15":{"loc":{"start":{"line":143,"column":2},"end":{"line":147,"column":67}},"type":"binary-expr","locations":[{"start":{"line":143,"column":2},"end":{"line":143,"column":null}},{"start":{"line":144,"column":2},"end":{"line":145,"column":null}},{"start":{"line":147,"column":2},"end":{"line":147,"column":67}}],"line":143},"16":{"loc":{"start":{"line":158,"column":1},"end":{"line":159,"column":null}},"type":"if","locations":[{"start":{"line":158,"column":1},"end":{"line":159,"column":null}},{"start":{},"end":{}}],"line":158},"17":{"loc":{"start":{"line":162,"column":1},"end":{"line":163,"column":null}},"type":"if","locations":[{"start":{"line":162,"column":1},"end":{"line":163,"column":null}},{"start":{},"end":{}}],"line":162},"18":{"loc":{"start":{"line":183,"column":1},"end":{"line":184,"column":null}},"type":"if","locations":[{"start":{"line":183,"column":1},"end":{"line":184,"column":null}},{"start":{},"end":{}}],"line":183},"19":{"loc":{"start":{"line":199,"column":25},"end":{"line":207,"column":6}},"type":"default-arg","locations":[{"start":{"line":207,"column":4},"end":{"line":207,"column":6}}],"line":199},"20":{"loc":{"start":{"line":200,"column":1},"end":{"line":200,"column":null}},"type":"default-arg","locations":[{"start":{"line":200,"column":7},"end":{"line":200,"column":null}}],"line":200},"21":{"loc":{"start":{"line":201,"column":1},"end":{"line":201,"column":31}},"type":"default-arg","locations":[{"start":{"line":201,"column":15},"end":{"line":201,"column":31}}],"line":201},"22":{"loc":{"start":{"line":202,"column":1},"end":{"line":202,"column":null}},"type":"default-arg","locations":[{"start":{"line":202,"column":10},"end":{"line":202,"column":null}}],"line":202},"23":{"loc":{"start":{"line":214,"column":1},"end":{"line":215,"column":null}},"type":"if","locations":[{"start":{"line":214,"column":1},"end":{"line":215,"column":null}},{"start":{},"end":{}}],"line":214},"24":{"loc":{"start":{"line":233,"column":34},"end":{"line":241,"column":6}},"type":"default-arg","locations":[{"start":{"line":241,"column":4},"end":{"line":241,"column":6}}],"line":233},"25":{"loc":{"start":{"line":234,"column":1},"end":{"line":234,"column":null}},"type":"default-arg","locations":[{"start":{"line":234,"column":7},"end":{"line":234,"column":null}}],"line":234},"26":{"loc":{"start":{"line":235,"column":1},"end":{"line":235,"column":31}},"type":"default-arg","locations":[{"start":{"line":235,"column":15},"end":{"line":235,"column":31}}],"line":235},"27":{"loc":{"start":{"line":236,"column":1},"end":{"line":236,"column":null}},"type":"default-arg","locations":[{"start":{"line":236,"column":14},"end":{"line":236,"column":null}}],"line":236},"28":{"loc":{"start":{"line":242,"column":1},"end":{"line":243,"column":null}},"type":"if","locations":[{"start":{"line":242,"column":1},"end":{"line":243,"column":null}},{"start":{},"end":{}}],"line":242},"29":{"loc":{"start":{"line":252,"column":24},"end":{"line":262,"column":6}},"type":"default-arg","locations":[{"start":{"line":262,"column":4},"end":{"line":262,"column":6}}],"line":252},"30":{"loc":{"start":{"line":253,"column":1},"end":{"line":253,"column":null}},"type":"default-arg","locations":[{"start":{"line":253,"column":7},"end":{"line":253,"column":null}}],"line":253},"31":{"loc":{"start":{"line":254,"column":1},"end":{"line":254,"column":31}},"type":"default-arg","locations":[{"start":{"line":254,"column":15},"end":{"line":254,"column":31}}],"line":254},"32":{"loc":{"start":{"line":255,"column":1},"end":{"line":255,"column":null}},"type":"default-arg","locations":[{"start":{"line":255,"column":10},"end":{"line":255,"column":null}}],"line":255},"33":{"loc":{"start":{"line":256,"column":1},"end":{"line":256,"column":null}},"type":"default-arg","locations":[{"start":{"line":256,"column":14},"end":{"line":256,"column":null}}],"line":256}},"s":{"0":1,"1":2,"2":1,"3":1,"4":0,"5":0,"6":6,"7":5,"8":0,"9":0,"10":0,"11":6,"12":12,"13":6,"14":6,"15":6,"16":6,"17":4,"18":2,"19":6,"20":1,"21":5,"22":7,"23":2,"24":5,"25":3,"26":2,"27":4,"28":4,"29":3,"30":1,"31":3,"32":3,"33":3,"34":2,"35":1,"36":1,"37":1,"38":3,"39":1,"40":2,"41":1,"42":1},"f":{"0":2,"1":0,"2":6,"3":5,"4":0,"5":6,"6":12,"7":6,"8":7,"9":4,"10":3,"11":3,"12":1},"b":{"0":[1,0],"1":[0,0],"2":[5],"3":[5,1],"4":[0],"5":[0],"6":[6],"7":[6],"8":[6],"9":[4,2],"10":[6,4],"11":[6],"12":[6],"13":[6],"14":[1,5],"15":[5,4,3],"16":[2,5],"17":[3,2],"18":[3,1],"19":[3],"20":[3],"21":[3],"22":[3],"23":[2,1],"24":[3],"25":[3],"26":[3],"27":[3],"28":[1,2],"29":[1],"30":[1],"31":[1],"32":[1],"33":[1]},"meta":{"lastBranch":34,"lastFunction":13,"lastStatement":43,"seen":{"s:12:6:12:51":0,"f:12:6:12:16":0,"s:12:30:12:51":1,"s:14:24:17:Infinity":2,"s:20:1:22:33":3,"b:21:4:21:21:22:4:22:33":0,"f:35:9:35:34":1,"s:36:23:36:57":4,"s:37:1:39:Infinity":5,"b:38:4:38:37:39:4:39:Infinity":1,"f:45:9:45:22":2,"s:46:1:46:Infinity":6,"f:52:9:52:24":3,"b:52:38:52:54":2,"s:53:1:58:Infinity":7,"b:55:3:58:12:58:12:58:Infinity":3,"f:65:9:65:48":4,"b:69:4:69:6":4,"b:66:15:66:31":5,"s:70:26:73:Infinity":8,"s:75:24:79:Infinity":9,"s:89:7:92:3":10,"f:105:9:105:40":5,"b:111:4:111:6":6,"b:106:7:106:Infinity":7,"b:107:15:107:31":8,"s:112:24:113:Infinity":11,"f:112:68:112:Infinity":6,"s:113:36:113:53":12,"s:116:1:121:Infinity":13,"s:117:25:117:52":14,"s:118:26:118:67":15,"b:120:2:121:Infinity:undefined:undefined:undefined:undefined":9,"s:120:2:121:Infinity":16,"b:120:6:120:40:120:40:120:70":10,"s:121:3:121:Infinity":17,"s:125:1:125:Infinity":18,"f:131:9:131:32":7,"b:137:4:137:6":11,"b:132:7:132:Infinity":12,"b:133:15:133:31":13,"b:138:1:139:Infinity:undefined:undefined:undefined:undefined":14,"s:138:1:139:Infinity":19,"s:139:2:139:Infinity":20,"s:142:1:147:Infinity":21,"b:143:2:143:Infinity:144:2:145:Infinity:147:2:147:67":15,"f:154:9:154:Infinity":8,"b:158:1:159:Infinity:undefined:undefined:undefined:undefined":16,"s:158:1:159:Infinity":22,"s:159:2:159:Infinity":23,"b:162:1:163:Infinity:undefined:undefined:undefined:undefined":17,"s:162:1:163:Infinity":24,"s:163:2:163:Infinity":25,"s:166:1:166:Infinity":26,"f:172:9:172:36":9,"s:181:24:181:75":27,"b:183:1:184:Infinity:undefined:undefined:undefined:undefined":18,"s:183:1:184:Infinity":28,"s:184:2:184:Infinity":29,"s:187:1:193:Infinity":30,"f:199:9:199:25":10,"b:207:4:207:6":19,"b:200:7:200:Infinity":20,"b:201:15:201:31":21,"b:202:10:202:Infinity":22,"s:208:21:208:48":31,"s:209:33:212:3":32,"b:214:1:215:Infinity:undefined:undefined:undefined:undefined":23,"s:214:1:215:Infinity":33,"s:215:2:215:Infinity":34,"s:218:29:219:Infinity":35,"s:221:1:225:Infinity":36,"s:227:1:227:Infinity":37,"f:233:9:233:34":11,"b:241:4:241:6":24,"b:234:7:234:Infinity":25,"b:235:15:235:31":26,"b:236:14:236:Infinity":27,"b:242:1:243:Infinity:undefined:undefined:undefined:undefined":28,"s:242:1:243:Infinity":38,"s:243:2:243:Infinity":39,"s:246:1:246:Infinity":40,"f:252:9:252:24":12,"b:262:4:262:6":29,"b:253:7:253:Infinity":30,"b:254:15:254:31":31,"b:255:10:255:Infinity":32,"b:256:14:256:Infinity":33,"s:263:1:267:Infinity":41,"s:268:1:272:Infinity":42}}}
,"/home/runner/work/magicmirror-module-sandbox/magicmirror-module-sandbox/bin/preview.ts": {"path":"/home/runner/work/magicmirror-module-sandbox/magicmirror-module-sandbox/bin/preview.ts","statementMap":{"0":{"start":{"line":9,"column":6},"end":{"line":9,"column":51}},"1":{"start":{"line":9,"column":30},"end":{"line":9,"column":51}},"2":{"start":{"line":11,"column":28},"end":{"line":11,"column":null}},"3":{"start":{"line":12,"column":29},"end":{"line":12,"column":null}},"4":{"start":{"line":13,"column":34},"end":{"line":13,"column":null}},"5":{"start":{"line":20,"column":24},"end":{"line":23,"column":null}},"6":{"start":{"line":26,"column":1},"end":{"line":28,"column":33}},"7":{"start":{"line":45,"column":1},"end":{"line":45,"column":null}},"8":{"start":{"line":52,"column":21},"end":{"line":52,"column":54}},"9":{"start":{"line":53,"column":1},"end":{"line":56,"column":null}},"10":{"start":{"line":72,"column":1},"end":{"line":75,"column":null}},"11":{"start":{"line":73,"column":2},"end":{"line":75,"column":null}},"12":{"start":{"line":78,"column":21},"end":{"line":78,"column":54}},"13":{"start":{"line":79,"column":1},"end":{"line":79,"column":null}},"14":{"start":{"line":81,"column":1},"end":{"line":86,"column":null}}},"fnMap":{"0":{"name":"(anonymous_0)","decl":{"start":{"line":9,"column":6},"end":{"line":9,"column":16}},"loc":{"start":{"line":9,"column":30},"end":{"line":9,"column":51}},"line":9},"1":{"name":"getPackageRoot","decl":{"start":{"line":33,"column":9},"end":{"line":33,"column":34}},"loc":{"start":{"line":33,"column":34},"end":{"line":38,"column":null}},"line":33},"2":{"name":"getPreviewModuleRoot","decl":{"start":{"line":44,"column":9},"end":{"line":44,"column":30}},"loc":{"start":{"line":44,"column":70},"end":{"line":45,"column":null}},"line":44},"3":{"name":"hasMaintainerPreviewFixture","decl":{"start":{"line":51,"column":9},"end":{"line":51,"column":37}},"loc":{"start":{"line":51,"column":78},"end":{"line":56,"column":null}},"line":51},"4":{"name":"applyMaintainerPreviewEnv","decl":{"start":{"line":63,"column":9},"end":{"line":63,"column":35}},"loc":{"start":{"line":71,"column":2},"end":{"line":86,"column":null}},"line":71}},"branchMap":{"0":{"loc":{"start":{"line":26,"column":1},"end":{"line":28,"column":33}},"type":"cond-expr","locations":[{"start":{"line":27,"column":4},"end":{"line":27,"column":21}},{"start":{"line":28,"column":4},"end":{"line":28,"column":33}}],"line":26},"1":{"loc":{"start":{"line":44,"column":30},"end":{"line":44,"column":60}},"type":"default-arg","locations":[{"start":{"line":44,"column":44},"end":{"line":44,"column":60}}],"line":44},"2":{"loc":{"start":{"line":51,"column":37},"end":{"line":51,"column":67}},"type":"default-arg","locations":[{"start":{"line":51,"column":51},"end":{"line":51,"column":67}}],"line":51},"3":{"loc":{"start":{"line":54,"column":2},"end":{"line":56,"column":61}},"type":"binary-expr","locations":[{"start":{"line":54,"column":2},"end":{"line":54,"column":55}},{"start":{"line":55,"column":2},"end":{"line":55,"column":57}},{"start":{"line":56,"column":2},"end":{"line":56,"column":61}}],"line":54},"4":{"loc":{"start":{"line":63,"column":35},"end":{"line":66,"column":25}},"type":"default-arg","locations":[{"start":{"line":66,"column":23},"end":{"line":66,"column":25}}],"line":63},"5":{"loc":{"start":{"line":64,"column":1},"end":{"line":64,"column":null}},"type":"default-arg","locations":[{"start":{"line":64,"column":7},"end":{"line":64,"column":null}}],"line":64},"6":{"loc":{"start":{"line":65,"column":1},"end":{"line":65,"column":31}},"type":"default-arg","locations":[{"start":{"line":65,"column":15},"end":{"line":65,"column":31}}],"line":65},"7":{"loc":{"start":{"line":72,"column":1},"end":{"line":75,"column":null}},"type":"if","locations":[{"start":{"line":72,"column":1},"end":{"line":75,"column":null}},{"start":{},"end":{}}],"line":72}},"s":{"0":1,"1":2,"2":1,"3":1,"4":1,"5":1,"6":1,"7":9,"8":5,"9":5,"10":2,"11":1,"12":1,"13":1,"14":1},"f":{"0":2,"1":1,"2":9,"3":5,"4":2},"b":{"0":[1,0],"1":[9],"2":[5],"3":[5,4,3],"4":[2],"5":[2],"6":[2],"7":[1,1]},"meta":{"lastBranch":8,"lastFunction":5,"lastStatement":15,"seen":{"s:9:6:9:51":0,"f:9:6:9:16":0,"s:9:30:9:51":1,"s:11:28:11:Infinity":2,"s:12:29:12:Infinity":3,"s:13:34:13:Infinity":4,"s:20:24:23:Infinity":5,"s:26:1:28:33":6,"b:27:4:27:21:28:4:28:33":0,"f:33:9:33:34":1,"f:44:9:44:30":2,"b:44:44:44:60":1,"s:45:1:45:Infinity":7,"f:51:9:51:37":3,"b:51:51:51:67":2,"s:52:21:52:54":8,"s:53:1:56:Infinity":9,"b:54:2:54:55:55:2:55:57:56:2:56:61":3,"f:63:9:63:35":4,"b:66:23:66:25":4,"b:64:7:64:Infinity":5,"b:65:15:65:31":6,"b:72:1:75:Infinity:undefined:undefined:undefined:undefined":7,"s:72:1:75:Infinity":10,"s:73:2:75:Infinity":11,"s:78:21:78:54":12,"s:79:1:79:Infinity":13,"s:81:1:86:Infinity":14}}}
,"/home/runner/work/magicmirror-module-sandbox/magicmirror-module-sandbox/bin/sync-magicmirror-assets.ts": {"path":"/home/runner/work/magicmirror-module-sandbox/magicmirror-module-sandbox/bin/sync-magicmirror-assets.ts","statementMap":{"0":{"start":{"line":17,"column":36},"end":{"line":17,"column":null}},"1":{"start":{"line":18,"column":6},"end":{"line":18,"column":51}},"2":{"start":{"line":18,"column":30},"end":{"line":18,"column":51}},"3":{"start":{"line":19,"column":24},"end":{"line":22,"column":null}},"4":{"start":{"line":25,"column":1},"end":{"line":27,"column":33}},"5":{"start":{"line":28,"column":6},"end":{"line":31,"column":null}},"6":{"start":{"line":39,"column":23},"end":{"line":39,"column":57}},"7":{"start":{"line":40,"column":1},"end":{"line":42,"column":null}},"8":{"start":{"line":49,"column":30},"end":{"line":51,"column":3}},"9":{"start":{"line":52,"column":1},"end":{"line":52,"column":null}},"10":{"start":{"line":59,"column":1},"end":{"line":61,"column":null}},"11":{"start":{"line":68,"column":1},"end":{"line":68,"column":null}},"12":{"start":{"line":75,"column":22},"end":{"line":75,"column":60}},"13":{"start":{"line":76,"column":1},"end":{"line":77,"column":null}},"14":{"start":{"line":77,"column":2},"end":{"line":77,"column":null}},"15":{"start":{"line":80,"column":1},"end":{"line":91,"column":null}},"16":{"start":{"line":81,"column":17},"end":{"line":81,"column":66}},"17":{"start":{"line":84,"column":2},"end":{"line":89,"column":null}},"18":{"start":{"line":87,"column":6},"end":{"line":87,"column":null}},"19":{"start":{"line":91,"column":2},"end":{"line":91,"column":null}},"20":{"start":{"line":105,"column":22},"end":{"line":105,"column":60}},"21":{"start":{"line":106,"column":15},"end":{"line":108,"column":9}},"22":{"start":{"line":107,"column":28},"end":{"line":107,"column":69}},"23":{"start":{"line":110,"column":1},"end":{"line":114,"column":null}},"24":{"start":{"line":121,"column":1},"end":{"line":122,"column":null}},"25":{"start":{"line":122,"column":2},"end":{"line":122,"column":null}},"26":{"start":{"line":125,"column":1},"end":{"line":128,"column":null}},"27":{"start":{"line":126,"column":2},"end":{"line":128,"column":null}},"28":{"start":{"line":130,"column":1},"end":{"line":132,"column":null}},"29":{"start":{"line":151,"column":28},"end":{"line":151,"column":71}},"30":{"start":{"line":152,"column":1},"end":{"line":156,"column":null}},"31":{"start":{"line":156,"column":2},"end":{"line":156,"column":null}},"32":{"start":{"line":159,"column":23},"end":{"line":159,"column":72}},"33":{"start":{"line":160,"column":1},"end":{"line":168,"column":null}},"34":{"start":{"line":164,"column":2},"end":{"line":168,"column":null}},"35":{"start":{"line":170,"column":1},"end":{"line":173,"column":null}},"36":{"start":{"line":171,"column":2},"end":{"line":173,"column":null}},"37":{"start":{"line":176,"column":23},"end":{"line":176,"column":53}},"38":{"start":{"line":177,"column":25},"end":{"line":177,"column":66}},"39":{"start":{"line":178,"column":28},"end":{"line":178,"column":60}},"40":{"start":{"line":179,"column":1},"end":{"line":182,"column":null}},"41":{"start":{"line":180,"column":2},"end":{"line":182,"column":null}},"42":{"start":{"line":185,"column":1},"end":{"line":187,"column":null}},"43":{"start":{"line":186,"column":2},"end":{"line":186,"column":null}},"44":{"start":{"line":187,"column":2},"end":{"line":187,"column":null}},"45":{"start":{"line":190,"column":1},"end":{"line":190,"column":null}},"46":{"start":{"line":209,"column":1},"end":{"line":224,"column":null}},"47":{"start":{"line":217,"column":3},"end":{"line":223,"column":null}},"48":{"start":{"line":241,"column":1},"end":{"line":255,"column":null}},"49":{"start":{"line":248,"column":3},"end":{"line":254,"column":null}},"50":{"start":{"line":262,"column":1},"end":{"line":267,"column":null}},"51":{"start":{"line":274,"column":1},"end":{"line":274,"column":null}},"52":{"start":{"line":281,"column":1},"end":{"line":281,"column":null}},"53":{"start":{"line":294,"column":28},"end":{"line":294,"column":61}},"54":{"start":{"line":295,"column":20},"end":{"line":295,"column":52}},"55":{"start":{"line":296,"column":25},"end":{"line":296,"column":55}},"56":{"start":{"line":297,"column":26},"end":{"line":297,"column":57}},"57":{"start":{"line":298,"column":21},"end":{"line":298,"column":46}},"58":{"start":{"line":299,"column":22},"end":{"line":299,"column":74}},"59":{"start":{"line":300,"column":22},"end":{"line":300,"column":74}},"60":{"start":{"line":302,"column":1},"end":{"line":302,"column":null}},"61":{"start":{"line":303,"column":1},"end":{"line":303,"column":null}},"62":{"start":{"line":304,"column":1},"end":{"line":304,"column":null}},"63":{"start":{"line":306,"column":18},"end":{"line":311,"column":3}},"64":{"start":{"line":312,"column":24},"end":{"line":317,"column":3}},"65":{"start":{"line":318,"column":17},"end":{"line":323,"column":3}},"66":{"start":{"line":325,"column":1},"end":{"line":331,"column":null}},"67":{"start":{"line":332,"column":1},"end":{"line":340,"column":null}},"68":{"start":{"line":341,"column":1},"end":{"line":344,"column":null}},"69":{"start":{"line":347,"column":15},"end":{"line":349,"column":null}},"70":{"start":{"line":351,"column":0},"end":{"line":358,"column":null}},"71":{"start":{"line":352,"column":1},"end":{"line":358,"column":null}},"72":{"start":{"line":353,"column":2},"end":{"line":353,"column":null}},"73":{"start":{"line":355,"column":2},"end":{"line":357,"column":null}},"74":{"start":{"line":358,"column":2},"end":{"line":358,"column":null}}},"fnMap":{"0":{"name":"(anonymous_0)","decl":{"start":{"line":18,"column":6},"end":{"line":18,"column":16}},"loc":{"start":{"line":18,"column":30},"end":{"line":18,"column":51}},"line":18},"1":{"name":"getPackageRoot","decl":{"start":{"line":38,"column":9},"end":{"line":38,"column":34}},"loc":{"start":{"line":38,"column":34},"end":{"line":42,"column":null}},"line":38},"2":{"name":"resolveMagicMirrorRoot","decl":{"start":{"line":48,"column":9},"end":{"line":48,"column":32}},"loc":{"start":{"line":48,"column":72},"end":{"line":52,"column":null}},"line":48},"3":{"name":"ensureDirectory","decl":{"start":{"line":58,"column":9},"end":{"line":58,"column":25}},"loc":{"start":{"line":58,"column":54},"end":{"line":61,"column":null}},"line":58},"4":{"name":"getManagedAssetManifestPath","decl":{"start":{"line":67,"column":9},"end":{"line":67,"column":37}},"loc":{"start":{"line":67,"column":64},"end":{"line":68,"column":null}},"line":67},"5":{"name":"readManagedAssetManifest","decl":{"start":{"line":74,"column":9},"end":{"line":74,"column":34}},"loc":{"start":{"line":74,"column":63},"end":{"line":91,"column":null}},"line":74},"6":{"name":"(anonymous_6)","decl":{"start":{"line":85,"column":18},"end":{"line":85,"column":null}},"loc":{"start":{"line":87,"column":6},"end":{"line":87,"column":null}},"line":87},"7":{"name":"writeManagedAssetManifest","decl":{"start":{"line":98,"column":9},"end":{"line":98,"column":35}},"loc":{"start":{"line":104,"column":9},"end":{"line":114,"column":null}},"line":104},"8":{"name":"(anonymous_8)","decl":{"start":{"line":107,"column":3},"end":{"line":107,"column":8}},"loc":{"start":{"line":107,"column":28},"end":{"line":107,"column":69}},"line":107},"9":{"name":"clearManagedFontAssets","decl":{"start":{"line":120,"column":9},"end":{"line":120,"column":32}},"loc":{"start":{"line":120,"column":57},"end":{"line":132,"column":null}},"line":120},"10":{"name":"copyReferencedAsset","decl":{"start":{"line":138,"column":9},"end":{"line":138,"column":29}},"loc":{"start":{"line":150,"column":11},"end":{"line":190,"column":null}},"line":150},"11":{"name":"rewriteCssAssetUrls","decl":{"start":{"line":196,"column":9},"end":{"line":196,"column":29}},"loc":{"start":{"line":208,"column":11},"end":{"line":224,"column":null}},"line":208},"12":{"name":"(anonymous_12)","decl":{"start":{"line":216,"column":2},"end":{"line":216,"column":20}},"loc":{"start":{"line":217,"column":3},"end":{"line":223,"column":null}},"line":217},"13":{"name":"inlineCssImports","decl":{"start":{"line":230,"column":9},"end":{"line":230,"column":26}},"loc":{"start":{"line":240,"column":11},"end":{"line":255,"column":null}},"line":240},"14":{"name":"(anonymous_14)","decl":{"start":{"line":247,"column":2},"end":{"line":247,"column":20}},"loc":{"start":{"line":248,"column":3},"end":{"line":254,"column":null}},"line":248},"15":{"name":"minifyCssSource","decl":{"start":{"line":261,"column":9},"end":{"line":261,"column":25}},"loc":{"start":{"line":261,"column":52},"end":{"line":267,"column":null}},"line":261},"16":{"name":"writeGeneratedFile","decl":{"start":{"line":273,"column":9},"end":{"line":273,"column":28}},"loc":{"start":{"line":273,"column":70},"end":{"line":274,"column":null}},"line":273},"17":{"name":"writeGeneratedCssFile","decl":{"start":{"line":280,"column":9},"end":{"line":280,"column":31}},"loc":{"start":{"line":280,"column":73},"end":{"line":281,"column":null}},"line":280},"18":{"name":"syncMagicMirrorAssets","decl":{"start":{"line":287,"column":9},"end":{"line":287,"column":31}},"loc":{"start":{"line":293,"column":14},"end":{"line":344,"column":null}},"line":293}},"branchMap":{"0":{"loc":{"start":{"line":25,"column":1},"end":{"line":27,"column":33}},"type":"cond-expr","locations":[{"start":{"line":26,"column":4},"end":{"line":26,"column":21}},{"start":{"line":27,"column":4},"end":{"line":27,"column":33}}],"line":25},"1":{"loc":{"start":{"line":40,"column":8},"end":{"line":42,"column":null}},"type":"cond-expr","locations":[{"start":{"line":41,"column":4},"end":{"line":41,"column":37}},{"start":{"line":42,"column":4},"end":{"line":42,"column":null}}],"line":40},"2":{"loc":{"start":{"line":48,"column":32},"end":{"line":48,"column":62}},"type":"default-arg","locations":[{"start":{"line":48,"column":46},"end":{"line":48,"column":62}}],"line":48},"3":{"loc":{"start":{"line":76,"column":1},"end":{"line":77,"column":null}},"type":"if","locations":[{"start":{"line":76,"column":1},"end":{"line":77,"column":null}},{"start":{},"end":{}}],"line":76},"4":{"loc":{"start":{"line":84,"column":9},"end":{"line":89,"column":7}},"type":"cond-expr","locations":[{"start":{"line":85,"column":5},"end":{"line":87,"column":null}},{"start":{"line":89,"column":5},"end":{"line":89,"column":7}}],"line":84},"5":{"loc":{"start":{"line":121,"column":1},"end":{"line":122,"column":null}},"type":"if","locations":[{"start":{"line":121,"column":1},"end":{"line":122,"column":null}},{"start":{},"end":{}}],"line":121},"6":{"loc":{"start":{"line":142,"column":1},"end":{"line":142,"column":31}},"type":"default-arg","locations":[{"start":{"line":142,"column":15},"end":{"line":142,"column":31}}],"line":142},"7":{"loc":{"start":{"line":143,"column":1},"end":{"line":143,"column":40}},"type":"default-arg","locations":[{"start":{"line":143,"column":15},"end":{"line":143,"column":40}}],"line":143},"8":{"loc":{"start":{"line":152,"column":1},"end":{"line":156,"column":null}},"type":"if","locations":[{"start":{"line":152,"column":1},"end":{"line":156,"column":null}},{"start":{},"end":{}}],"line":152},"9":{"loc":{"start":{"line":153,"column":2},"end":{"line":154,"column":54}},"type":"binary-expr","locations":[{"start":{"line":153,"column":2},"end":{"line":153,"column":null}},{"start":{"line":154,"column":2},"end":{"line":154,"column":54}}],"line":153},"10":{"loc":{"start":{"line":160,"column":1},"end":{"line":168,"column":null}},"type":"if","locations":[{"start":{"line":160,"column":1},"end":{"line":168,"column":null}},{"start":{},"end":{}}],"line":160},"11":{"loc":{"start":{"line":161,"column":2},"end":{"line":162,"column":51}},"type":"binary-expr","locations":[{"start":{"line":161,"column":2},"end":{"line":161,"column":33}},{"start":{"line":162,"column":2},"end":{"line":162,"column":51}}],"line":161},"12":{"loc":{"start":{"line":170,"column":1},"end":{"line":173,"column":null}},"type":"if","locations":[{"start":{"line":170,"column":1},"end":{"line":173,"column":null}},{"start":{},"end":{}}],"line":170},"13":{"loc":{"start":{"line":179,"column":1},"end":{"line":182,"column":null}},"type":"if","locations":[{"start":{"line":179,"column":1},"end":{"line":182,"column":null}},{"start":{},"end":{}}],"line":179},"14":{"loc":{"start":{"line":179,"column":5},"end":{"line":179,"column":67}},"type":"binary-expr","locations":[{"start":{"line":179,"column":5},"end":{"line":179,"column":27}},{"start":{"line":179,"column":27},"end":{"line":179,"column":67}}],"line":179},"15":{"loc":{"start":{"line":185,"column":1},"end":{"line":187,"column":null}},"type":"if","locations":[{"start":{"line":185,"column":1},"end":{"line":187,"column":null}},{"start":{},"end":{}}],"line":185},"16":{"loc":{"start":{"line":200,"column":1},"end":{"line":200,"column":31}},"type":"default-arg","locations":[{"start":{"line":200,"column":15},"end":{"line":200,"column":31}}],"line":200},"17":{"loc":{"start":{"line":201,"column":1},"end":{"line":201,"column":40}},"type":"default-arg","locations":[{"start":{"line":201,"column":15},"end":{"line":201,"column":40}}],"line":201},"18":{"loc":{"start":{"line":233,"column":1},"end":{"line":233,"column":31}},"type":"default-arg","locations":[{"start":{"line":233,"column":15},"end":{"line":233,"column":31}}],"line":233},"19":{"loc":{"start":{"line":234,"column":1},"end":{"line":234,"column":40}},"type":"default-arg","locations":[{"start":{"line":234,"column":15},"end":{"line":234,"column":40}}],"line":234},"20":{"loc":{"start":{"line":287,"column":31},"end":{"line":293,"column":6}},"type":"default-arg","locations":[{"start":{"line":293,"column":4},"end":{"line":293,"column":6}}],"line":287},"21":{"loc":{"start":{"line":288,"column":1},"end":{"line":288,"column":31}},"type":"default-arg","locations":[{"start":{"line":288,"column":15},"end":{"line":288,"column":31}}],"line":288},"22":{"loc":{"start":{"line":289,"column":1},"end":{"line":289,"column":54}},"type":"default-arg","locations":[{"start":{"line":289,"column":19},"end":{"line":289,"column":54}}],"line":289},"23":{"loc":{"start":{"line":347,"column":15},"end":{"line":349,"column":null}},"type":"cond-expr","locations":[{"start":{"line":348,"column":3},"end":{"line":348,"column":null}},{"start":{"line":349,"column":3},"end":{"line":349,"column":null}}],"line":347},"24":{"loc":{"start":{"line":351,"column":0},"end":{"line":358,"column":null}},"type":"if","locations":[{"start":{"line":351,"column":0},"end":{"line":358,"column":null}},{"start":{},"end":{}}],"line":351},"25":{"loc":{"start":{"line":356,"column":6},"end":{"line":356,"column":60}},"type":"cond-expr","locations":[{"start":{"line":356,"column":31},"end":{"line":356,"column":47}},{"start":{"line":356,"column":47},"end":{"line":356,"column":60}}],"line":356}},"s":{"0":1,"1":1,"2":3,"3":1,"4":1,"5":1,"6":2,"7":2,"8":1,"9":1,"10":2,"11":8,"12":3,"13":3,"14":1,"15":2,"16":2,"17":2,"18":3,"19":0,"20":2,"21":2,"22":3,"23":2,"24":2,"25":0,"26":2,"27":1,"28":2,"29":6,"30":6,"31":1,"32":5,"33":5,"34":1,"35":5,"36":0,"37":5,"38":5,"39":5,"40":5,"41":0,"42":5,"43":4,"44":4,"45":5,"46":1,"47":1,"48":3,"49":2,"50":2,"51":2,"52":2,"53":1,"54":1,"55":1,"56":1,"57":1,"58":1,"59":1,"60":1,"61":1,"62":1,"63":1,"64":1,"65":1,"66":1,"67":1,"68":1,"69":1,"70":1,"71":0,"72":0,"73":0,"74":0},"f":{"0":3,"1":2,"2":1,"3":2,"4":8,"5":3,"6":3,"7":2,"8":3,"9":2,"10":6,"11":1,"12":1,"13":3,"14":2,"15":2,"16":2,"17":2,"18":1},"b":{"0":[1,0],"1":[0,2],"2":[1],"3":[1,2],"4":[2,0],"5":[0,2],"6":[6],"7":[6],"8":[1,5],"9":[6,6],"10":[1,4],"11":[5,1],"12":[0,5],"13":[0,5],"14":[5,1],"15":[4,1],"16":[1],"17":[1],"18":[3],"19":[3],"20":[1],"21":[1],"22":[1],"23":[1,0],"24":[0,1],"25":[0,0]},"meta":{"lastBranch":26,"lastFunction":19,"lastStatement":75,"seen":{"s:17:36:17:Infinity":0,"s:18:6:18:51":1,"f:18:6:18:16":0,"s:18:30:18:51":2,"s:19:24:22:Infinity":3,"s:25:1:27:33":4,"b:26:4:26:21:27:4:27:33":0,"s:28:6:31:Infinity":5,"f:38:9:38:34":1,"s:39:23:39:57":6,"s:40:1:42:Infinity":7,"b:41:4:41:37:42:4:42:Infinity":1,"f:48:9:48:32":2,"b:48:46:48:62":2,"s:49:30:51:3":8,"s:52:1:52:Infinity":9,"f:58:9:58:25":3,"s:59:1:61:Infinity":10,"f:67:9:67:37":4,"s:68:1:68:Infinity":11,"f:74:9:74:34":5,"s:75:22:75:60":12,"b:76:1:77:Infinity:undefined:undefined:undefined:undefined":3,"s:76:1:77:Infinity":13,"s:77:2:77:Infinity":14,"s:80:1:91:Infinity":15,"s:81:17:81:66":16,"s:84:2:89:Infinity":17,"b:85:5:87:Infinity:89:5:89:7":4,"f:85:18:85:Infinity":6,"s:87:6:87:Infinity":18,"s:91:2:91:Infinity":19,"f:98:9:98:35":7,"s:105:22:105:60":20,"s:106:15:108:9":21,"f:107:3:107:8":8,"s:107:28:107:69":22,"s:110:1:114:Infinity":23,"f:120:9:120:32":9,"b:121:1:122:Infinity:undefined:undefined:undefined:undefined":5,"s:121:1:122:Infinity":24,"s:122:2:122:Infinity":25,"s:125:1:128:Infinity":26,"s:126:2:128:Infinity":27,"s:130:1:132:Infinity":28,"f:138:9:138:29":10,"b:142:15:142:31":6,"b:143:15:143:40":7,"s:151:28:151:71":29,"b:152:1:156:Infinity:undefined:undefined:undefined:undefined":8,"s:152:1:156:Infinity":30,"b:153:2:153:Infinity:154:2:154:54":9,"s:156:2:156:Infinity":31,"s:159:23:159:72":32,"b:160:1:168:Infinity:undefined:undefined:undefined:undefined":10,"s:160:1:168:Infinity":33,"b:161:2:161:33:162:2:162:51":11,"s:164:2:168:Infinity":34,"b:170:1:173:Infinity:undefined:undefined:undefined:undefined":12,"s:170:1:173:Infinity":35,"s:171:2:173:Infinity":36,"s:176:23:176:53":37,"s:177:25:177:66":38,"s:178:28:178:60":39,"b:179:1:182:Infinity:undefined:undefined:undefined:undefined":13,"s:179:1:182:Infinity":40,"b:179:5:179:27:179:27:179:67":14,"s:180:2:182:Infinity":41,"b:185:1:187:Infinity:undefined:undefined:undefined:undefined":15,"s:185:1:187:Infinity":42,"s:186:2:186:Infinity":43,"s:187:2:187:Infinity":44,"s:190:1:190:Infinity":45,"f:196:9:196:29":11,"b:200:15:200:31":16,"b:201:15:201:40":17,"s:209:1:224:Infinity":46,"f:216:2:216:20":12,"s:217:3:223:Infinity":47,"f:230:9:230:26":13,"b:233:15:233:31":18,"b:234:15:234:40":19,"s:241:1:255:Infinity":48,"f:247:2:247:20":14,"s:248:3:254:Infinity":49,"f:261:9:261:25":15,"s:262:1:267:Infinity":50,"f:273:9:273:28":16,"s:274:1:274:Infinity":51,"f:280:9:280:31":17,"s:281:1:281:Infinity":52,"f:287:9:287:31":18,"b:293:4:293:6":20,"b:288:15:288:31":21,"b:289:19:289:54":22,"s:294:28:294:61":53,"s:295:20:295:52":54,"s:296:25:296:55":55,"s:297:26:297:57":56,"s:298:21:298:46":57,"s:299:22:299:74":58,"s:300:22:300:74":59,"s:302:1:302:Infinity":60,"s:303:1:303:Infinity":61,"s:304:1:304:Infinity":62,"s:306:18:311:3":63,"s:312:24:317:3":64,"s:318:17:323:3":65,"s:325:1:331:Infinity":66,"s:332:1:340:Infinity":67,"s:341:1:344:Infinity":68,"s:347:15:349:Infinity":69,"b:348:3:348:Infinity:349:3:349:Infinity":23,"b:351:0:358:Infinity:undefined:undefined:undefined:undefined":24,"s:351:0:358:Infinity":70,"s:352:1:358:Infinity":71,"s:353:2:353:Infinity":72,"s:355:2:357:Infinity":73,"b:356:31:356:47:356:47:356:60":25,"s:358:2:358:Infinity":74}}}
,"/home/runner/work/magicmirror-module-sandbox/magicmirror-module-sandbox/bin/helpers/css-bundler.ts": {"path":"/home/runner/work/magicmirror-module-sandbox/magicmirror-module-sandbox/bin/helpers/css-bundler.ts","statementMap":{"0":{"start":{"line":47,"column":6},"end":{"line":47,"column":51}},"1":{"start":{"line":47,"column":30},"end":{"line":47,"column":51}},"2":{"start":{"line":48,"column":24},"end":{"line":51,"column":null}},"3":{"start":{"line":54,"column":1},"end":{"line":56,"column":33}},"4":{"start":{"line":57,"column":6},"end":{"line":60,"column":null}},"5":{"start":{"line":66,"column":18},"end":{"line":66,"column":58}},"6":{"start":{"line":67,"column":21},"end":{"line":69,"column":3}},"7":{"start":{"line":70,"column":1},"end":{"line":70,"column":null}},"8":{"start":{"line":83,"column":1},"end":{"line":83,"column":null}},"9":{"start":{"line":96,"column":1},"end":{"line":96,"column":null}},"10":{"start":{"line":103,"column":1},"end":{"line":103,"column":null}},"11":{"start":{"line":116,"column":17},"end":{"line":116,"column":40}},"12":{"start":{"line":117,"column":25},"end":{"line":117,"column":66}},"13":{"start":{"line":118,"column":22},"end":{"line":120,"column":null}},"14":{"start":{"line":119,"column":2},"end":{"line":119,"column":null}},"15":{"start":{"line":121,"column":1},"end":{"line":124,"column":null}},"16":{"start":{"line":122,"column":2},"end":{"line":124,"column":null}},"17":{"start":{"line":127,"column":20},"end":{"line":131,"column":9}},"18":{"start":{"line":128,"column":21},"end":{"line":128,"column":44}},"19":{"start":{"line":129,"column":18},"end":{"line":129,"column":41}},"20":{"start":{"line":132,"column":1},"end":{"line":135,"column":null}},"21":{"start":{"line":133,"column":2},"end":{"line":135,"column":null}},"22":{"start":{"line":138,"column":1},"end":{"line":138,"column":null}},"23":{"start":{"line":153,"column":26},"end":{"line":153,"column":66}},"24":{"start":{"line":154,"column":1},"end":{"line":162,"column":null}},"25":{"start":{"line":158,"column":2},"end":{"line":162,"column":null}},"26":{"start":{"line":164,"column":1},"end":{"line":167,"column":null}},"27":{"start":{"line":165,"column":2},"end":{"line":167,"column":null}},"28":{"start":{"line":170,"column":1},"end":{"line":170,"column":null}},"29":{"start":{"line":187,"column":17},"end":{"line":187,"column":40}},"30":{"start":{"line":188,"column":1},"end":{"line":196,"column":null}},"31":{"start":{"line":194,"column":3},"end":{"line":194,"column":null}},"32":{"start":{"line":213,"column":17},"end":{"line":213,"column":40}},"33":{"start":{"line":214,"column":13},"end":{"line":220,"column":null}},"34":{"start":{"line":222,"column":1},"end":{"line":227,"column":null}},"35":{"start":{"line":228,"column":1},"end":{"line":231,"column":null}},"36":{"start":{"line":248,"column":27},"end":{"line":248,"column":53}},"37":{"start":{"line":249,"column":1},"end":{"line":250,"column":null}},"38":{"start":{"line":250,"column":2},"end":{"line":250,"column":null}},"39":{"start":{"line":252,"column":1},"end":{"line":252,"column":null}},"40":{"start":{"line":254,"column":19},"end":{"line":254,"column":61}},"41":{"start":{"line":255,"column":13},"end":{"line":258,"column":3}},"42":{"start":{"line":260,"column":2},"end":{"line":262,"column":7}},"43":{"start":{"line":263,"column":25},"end":{"line":263,"column":56}},"44":{"start":{"line":265,"column":21},"end":{"line":282,"column":18}},"45":{"start":{"line":268,"column":3},"end":{"line":280,"column":null}},"46":{"start":{"line":284,"column":18},"end":{"line":298,"column":18}},"47":{"start":{"line":285,"column":20},"end":{"line":285,"column":39}},"48":{"start":{"line":287,"column":3},"end":{"line":292,"column":null}},"49":{"start":{"line":293,"column":3},"end":{"line":296,"column":null}},"50":{"start":{"line":300,"column":1},"end":{"line":300,"column":null}}},"fnMap":{"0":{"name":"(anonymous_0)","decl":{"start":{"line":47,"column":6},"end":{"line":47,"column":16}},"loc":{"start":{"line":47,"column":30},"end":{"line":47,"column":51}},"line":47},"1":{"name":"getCssTree","decl":{"start":{"line":65,"column":9},"end":{"line":65,"column":20}},"loc":{"start":{"line":65,"column":56},"end":{"line":70,"column":null}},"line":65},"2":{"name":"parseStylesheet","decl":{"start":{"line":76,"column":9},"end":{"line":76,"column":25}},"loc":{"start":{"line":82,"column":21},"end":{"line":83,"column":null}},"line":82},"3":{"name":"generateCss","decl":{"start":{"line":89,"column":9},"end":{"line":89,"column":21}},"loc":{"start":{"line":95,"column":11},"end":{"line":96,"column":null}},"line":95},"4":{"name":"isImportRule","decl":{"start":{"line":102,"column":9},"end":{"line":102,"column":22}},"loc":{"start":{"line":102,"column":46},"end":{"line":103,"column":null}},"line":102},"5":{"name":"getImportUrl","decl":{"start":{"line":109,"column":9},"end":{"line":109,"column":22}},"loc":{"start":{"line":115,"column":11},"end":{"line":138,"column":null}},"line":115},"6":{"name":"(anonymous_6)","decl":{"start":{"line":118,"column":38},"end":{"line":118,"column":44}},"loc":{"start":{"line":118,"column":54},"end":{"line":120,"column":null}},"line":118},"7":{"name":"(anonymous_7)","decl":{"start":{"line":128,"column":3},"end":{"line":128,"column":11}},"loc":{"start":{"line":128,"column":21},"end":{"line":128,"column":44}},"line":128},"8":{"name":"(anonymous_8)","decl":{"start":{"line":129,"column":3},"end":{"line":129,"column":8}},"loc":{"start":{"line":129,"column":18},"end":{"line":129,"column":41}},"line":129},"9":{"name":"resolveImportedStylesheetPath","decl":{"start":{"line":144,"column":9},"end":{"line":144,"column":39}},"loc":{"start":{"line":152,"column":11},"end":{"line":170,"column":null}},"line":152},"10":{"name":"rewriteParsedAssetUrls","decl":{"start":{"line":176,"column":9},"end":{"line":176,"column":32}},"loc":{"start":{"line":186,"column":9},"end":{"line":196,"column":null}},"line":186},"11":{"name":"(anonymous_11)","decl":{"start":{"line":193,"column":2},"end":{"line":193,"column":8}},"loc":{"start":{"line":193,"column":14},"end":{"line":194,"column":null}},"line":193},"12":{"name":"rewriteCssAssetUrls","decl":{"start":{"line":202,"column":9},"end":{"line":202,"column":29}},"loc":{"start":{"line":212,"column":11},"end":{"line":231,"column":null}},"line":212},"13":{"name":"inlineAndRewriteStylesheet","decl":{"start":{"line":237,"column":9},"end":{"line":237,"column":36}},"loc":{"start":{"line":247,"column":11},"end":{"line":300,"column":null}},"line":247},"14":{"name":"(anonymous_14)","decl":{"start":{"line":267,"column":3},"end":{"line":267,"column":8}},"loc":{"start":{"line":267,"column":17},"end":{"line":281,"column":null}},"line":267},"15":{"name":"(anonymous_15)","decl":{"start":{"line":285,"column":3},"end":{"line":285,"column":11}},"loc":{"start":{"line":285,"column":20},"end":{"line":285,"column":39}},"line":285},"16":{"name":"(anonymous_16)","decl":{"start":{"line":286,"column":3},"end":{"line":286,"column":8}},"loc":{"start":{"line":286,"column":17},"end":{"line":297,"column":null}},"line":286}},"branchMap":{"0":{"loc":{"start":{"line":54,"column":1},"end":{"line":56,"column":33}},"type":"cond-expr","locations":[{"start":{"line":55,"column":4},"end":{"line":55,"column":21}},{"start":{"line":56,"column":4},"end":{"line":56,"column":33}}],"line":54},"1":{"loc":{"start":{"line":103,"column":8},"end":{"line":103,"column":null}},"type":"binary-expr","locations":[{"start":{"line":103,"column":8},"end":{"line":103,"column":21}},{"start":{"line":103,"column":25},"end":{"line":103,"column":51}},{"start":{"line":103,"column":51},"end":{"line":103,"column":null}}],"line":103},"2":{"loc":{"start":{"line":117,"column":25},"end":{"line":117,"column":66}},"type":"binary-expr","locations":[{"start":{"line":117,"column":25},"end":{"line":117,"column":60}},{"start":{"line":117,"column":64},"end":{"line":117,"column":66}}],"line":117},"3":{"loc":{"start":{"line":119,"column":9},"end":{"line":119,"column":null}},"type":"binary-expr","locations":[{"start":{"line":119,"column":9},"end":{"line":119,"column":33}},{"start":{"line":119,"column":33},"end":{"line":119,"column":null}}],"line":119},"4":{"loc":{"start":{"line":121,"column":1},"end":{"line":124,"column":null}},"type":"if","locations":[{"start":{"line":121,"column":1},"end":{"line":124,"column":null}},{"start":{},"end":{}}],"line":121},"5":{"loc":{"start":{"line":132,"column":1},"end":{"line":135,"column":null}},"type":"if","locations":[{"start":{"line":132,"column":1},"end":{"line":135,"column":null}},{"start":{},"end":{}}],"line":132},"6":{"loc":{"start":{"line":154,"column":1},"end":{"line":162,"column":null}},"type":"if","locations":[{"start":{"line":154,"column":1},"end":{"line":162,"column":null}},{"start":{},"end":{}}],"line":154},"7":{"loc":{"start":{"line":155,"column":2},"end":{"line":156,"column":42}},"type":"binary-expr","locations":[{"start":{"line":155,"column":2},"end":{"line":155,"column":36}},{"start":{"line":156,"column":2},"end":{"line":156,"column":42}}],"line":155},"8":{"loc":{"start":{"line":164,"column":1},"end":{"line":167,"column":null}},"type":"if","locations":[{"start":{"line":164,"column":1},"end":{"line":167,"column":null}},{"start":{},"end":{}}],"line":164},"9":{"loc":{"start":{"line":194,"column":32},"end":{"line":194,"column":50}},"type":"binary-expr","locations":[{"start":{"line":194,"column":32},"end":{"line":194,"column":46}},{"start":{"line":194,"column":46},"end":{"line":194,"column":50}}],"line":194},"10":{"loc":{"start":{"line":216,"column":2},"end":{"line":219,"column":null}},"type":"cond-expr","locations":[{"start":{"line":217,"column":5},"end":{"line":217,"column":null}},{"start":{"line":218,"column":5},"end":{"line":219,"column":null}}],"line":216},"11":{"loc":{"start":{"line":216,"column":2},"end":{"line":216,"column":49}},"type":"binary-expr","locations":[{"start":{"line":216,"column":2},"end":{"line":216,"column":22}},{"start":{"line":216,"column":26},"end":{"line":216,"column":49}}],"line":216},"12":{"loc":{"start":{"line":241,"column":1},"end":{"line":241,"column":39}},"type":"default-arg","locations":[{"start":{"line":241,"column":22},"end":{"line":241,"column":39}}],"line":241},"13":{"loc":{"start":{"line":249,"column":1},"end":{"line":250,"column":null}},"type":"if","locations":[{"start":{"line":249,"column":1},"end":{"line":250,"column":null}},{"start":{},"end":{}}],"line":249},"14":{"loc":{"start":{"line":260,"column":2},"end":{"line":262,"column":7}},"type":"cond-expr","locations":[{"start":{"line":261,"column":5},"end":{"line":261,"column":27}},{"start":{"line":262,"column":5},"end":{"line":262,"column":7}}],"line":260},"15":{"loc":{"start":{"line":260,"column":2},"end":{"line":260,"column":null}},"type":"binary-expr","locations":[{"start":{"line":260,"column":2},"end":{"line":260,"column":23}},{"start":{"line":260,"column":23},"end":{"line":260,"column":null}}],"line":260}},"s":{"0":2,"1":4,"2":2,"3":2,"4":2,"5":64,"6":64,"7":64,"8":16,"9":17,"10":42,"11":9,"12":9,"13":9,"14":8,"15":9,"16":1,"17":8,"18":9,"19":1,"20":8,"21":1,"22":7,"23":7,"24":7,"25":2,"26":7,"27":1,"28":6,"29":17,"30":17,"31":6,"32":5,"33":5,"34":5,"35":5,"36":18,"37":18,"38":2,"39":16,"40":16,"41":16,"42":16,"43":18,"44":18,"45":9,"46":18,"47":18,"48":12,"49":12,"50":18},"f":{"0":4,"1":64,"2":16,"3":17,"4":42,"5":9,"6":8,"7":9,"8":1,"9":7,"10":17,"11":6,"12":5,"13":18,"14":9,"15":18,"16":12},"b":{"0":[2,0],"1":[42,42,19],"2":[9,1],"3":[8,5],"4":[1,8],"5":[1,7],"6":[2,5],"7":[7,3],"8":[1,6],"9":[6,0],"10":[3,2],"11":[5,2],"12":[18],"13":[2,16],"14":[16,0],"15":[16,16]},"meta":{"lastBranch":16,"lastFunction":17,"lastStatement":51,"seen":{"s:47:6:47:51":0,"f:47:6:47:16":0,"s:47:30:47:51":1,"s:48:24:51:Infinity":2,"s:54:1:56:33":3,"b:55:4:55:21:56:4:56:33":0,"s:57:6:60:Infinity":4,"f:65:9:65:20":1,"s:66:18:66:58":5,"s:67:21:69:3":6,"s:70:1:70:Infinity":7,"f:76:9:76:25":2,"s:83:1:83:Infinity":8,"f:89:9:89:21":3,"s:96:1:96:Infinity":9,"f:102:9:102:22":4,"s:103:1:103:Infinity":10,"b:103:8:103:21:103:25:103:51:103:51:103:Infinity":1,"f:109:9:109:22":5,"s:116:17:116:40":11,"s:117:25:117:66":12,"b:117:25:117:60:117:64:117:66":2,"s:118:22:120:Infinity":13,"f:118:38:118:44":6,"s:119:2:119:Infinity":14,"b:119:9:119:33:119:33:119:Infinity":3,"b:121:1:124:Infinity:undefined:undefined:undefined:undefined":4,"s:121:1:124:Infinity":15,"s:122:2:124:Infinity":16,"s:127:20:131:9":17,"f:128:3:128:11":7,"s:128:21:128:44":18,"f:129:3:129:8":8,"s:129:18:129:41":19,"b:132:1:135:Infinity:undefined:undefined:undefined:undefined":5,"s:132:1:135:Infinity":20,"s:133:2:135:Infinity":21,"s:138:1:138:Infinity":22,"f:144:9:144:39":9,"s:153:26:153:66":23,"b:154:1:162:Infinity:undefined:undefined:undefined:undefined":6,"s:154:1:162:Infinity":24,"b:155:2:155:36:156:2:156:42":7,"s:158:2:162:Infinity":25,"b:164:1:167:Infinity:undefined:undefined:undefined:undefined":8,"s:164:1:167:Infinity":26,"s:165:2:167:Infinity":27,"s:170:1:170:Infinity":28,"f:176:9:176:32":10,"s:187:17:187:40":29,"s:188:1:196:Infinity":30,"f:193:2:193:8":11,"s:194:3:194:Infinity":31,"b:194:32:194:46:194:46:194:50":9,"f:202:9:202:29":12,"s:213:17:213:40":32,"s:214:13:220:Infinity":33,"b:217:5:217:Infinity:218:5:219:Infinity":10,"b:216:2:216:22:216:26:216:49":11,"s:222:1:227:Infinity":34,"s:228:1:231:Infinity":35,"f:237:9:237:36":13,"b:241:22:241:39":12,"s:248:27:248:53":36,"b:249:1:250:Infinity:undefined:undefined:undefined:undefined":13,"s:249:1:250:Infinity":37,"s:250:2:250:Infinity":38,"s:252:1:252:Infinity":39,"s:254:19:254:61":40,"s:255:13:258:3":41,"s:260:2:262:7":42,"b:261:5:261:27:262:5:262:7":14,"b:260:2:260:23:260:23:260:Infinity":15,"s:263:25:263:56":43,"s:265:21:282:18":44,"f:267:3:267:8":14,"s:268:3:280:Infinity":45,"s:284:18:298:18":46,"f:285:3:285:11":15,"s:285:20:285:39":47,"f:286:3:286:8":16,"s:287:3:292:Infinity":48,"s:293:3:296:Infinity":49,"s:300:1:300:Infinity":50}}}
,"/home/runner/work/magicmirror-module-sandbox/magicmirror-module-sandbox/client/app/components/Footer.tsx": {"path":"/home/runner/work/magicmirror-module-sandbox/magicmirror-module-sandbox/client/app/components/Footer.tsx","statementMap":{"0":{"start":{"line":16,"column":1},"end":{"line":58,"column":null}}},"fnMap":{"0":{"name":"Footer","decl":{"start":{"line":15,"column":16},"end":{"line":15,"column":23}},"loc":{"start":{"line":15,"column":49},"end":{"line":58,"column":null}},"line":15}},"branchMap":{"0":{"loc":{"start":{"line":28,"column":5},"end":{"line":32,"column":null}},"type":"binary-expr","locations":[{"start":{"line":28,"column":5},"end":{"line":28,"column":null}},{"start":{"line":29,"column":5},"end":{"line":32,"column":null}}],"line":28},"1":{"loc":{"start":{"line":36,"column":5},"end":{"line":46,"column":13}},"type":"binary-expr","locations":[{"start":{"line":36,"column":5},"end":{"line":36,"column":null}},{"start":{"line":37,"column":5},"end":{"line":46,"column":13}}],"line":36},"2":{"loc":{"start":{"line":46,"column":5},"end":{"line":47,"column":null}},"type":"binary-expr","locations":[{"start":{"line":46,"column":5},"end":{"line":46,"column":null}},{"start":{"line":47,"column":5},"end":{"line":47,"column":null}}],"line":46}},"s":{"0":1},"f":{"0":1},"b":{"0":[1,1],"1":[1,1],"2":[1,1]},"meta":{"lastBranch":3,"lastFunction":1,"lastStatement":1,"seen":{"f:15:16:15:23":0,"s:16:1:58:Infinity":0,"b:28:5:28:Infinity:29:5:32:Infinity":0,"b:36:5:36:Infinity:37:5:46:13":1,"b:46:5:46:Infinity:47:5:47:Infinity":2}}}
,"/home/runner/work/magicmirror-module-sandbox/magicmirror-module-sandbox/client/app/components/Sidebar.tsx": {"path":"/home/runner/work/magicmirror-module-sandbox/magicmirror-module-sandbox/client/app/components/Sidebar.tsx","statementMap":{"0":{"start":{"line":21,"column":1},"end":{"line":52,"column":null}}},"fnMap":{"0":{"name":"Sidebar","decl":{"start":{"line":20,"column":16},"end":{"line":20,"column":24}},"loc":{"start":{"line":20,"column":51},"end":{"line":52,"column":null}},"line":20}},"branchMap":{},"s":{"0":3},"f":{"0":3},"b":{},"meta":{"lastBranch":0,"lastFunction":1,"lastStatement":1,"seen":{"f:20:16:20:24":0,"s:21:1:52:Infinity":0}}}
,"/home/runner/work/magicmirror-module-sandbox/magicmirror-module-sandbox/client/app/components/Topbar.tsx": {"path":"/home/runner/work/magicmirror-module-sandbox/magicmirror-module-sandbox/client/app/components/Topbar.tsx","statementMap":{"0":{"start":{"line":11,"column":18},"end":{"line":18,"column":null}},"1":{"start":{"line":24,"column":1},"end":{"line":166,"column":null}},"2":{"start":{"line":31,"column":5},"end":{"line":41,"column":null}}},"fnMap":{"0":{"name":"Topbar","decl":{"start":{"line":23,"column":16},"end":{"line":23,"column":23}},"loc":{"start":{"line":23,"column":49},"end":{"line":166,"column":null}},"line":23},"1":{"name":"(anonymous_1)","decl":{"start":{"line":30,"column":15},"end":{"line":30,"column":20}},"loc":{"start":{"line":31,"column":5},"end":{"line":41,"column":null}},"line":31}},"branchMap":{"0":{"loc":{"start":{"line":61,"column":11},"end":{"line":61,"column":43}},"type":"binary-expr","locations":[{"start":{"line":61,"column":11},"end":{"line":61,"column":33}},{"start":{"line":61,"column":33},"end":{"line":61,"column":43}}],"line":61},"1":{"loc":{"start":{"line":62,"column":5},"end":{"line":64,"column":null}},"type":"binary-expr","locations":[{"start":{"line":62,"column":5},"end":{"line":62,"column":null}},{"start":{"line":63,"column":5},"end":{"line":64,"column":null}}],"line":62}},"s":{"0":1,"1":4,"2":24},"f":{"0":4,"1":24},"b":{"0":[4,1],"1":[4,0]},"meta":{"lastBranch":2,"lastFunction":2,"lastStatement":3,"seen":{"s:11:18:18:Infinity":0,"f:23:16:23:23":0,"s:24:1:166:Infinity":1,"f:30:15:30:20":1,"s:31:5:41:Infinity":2,"b:61:11:61:33:61:33:61:43":0,"b:62:5:62:Infinity:63:5:64:Infinity":1}}}
,"/home/runner/work/magicmirror-module-sandbox/magicmirror-module-sandbox/client/app/components/icons/GitHubMark.tsx": {"path":"/home/runner/work/magicmirror-module-sandbox/magicmirror-module-sandbox/client/app/components/icons/GitHubMark.tsx","statementMap":{"0":{"start":{"line":10,"column":1},"end":{"line":13,"column":null}}},"fnMap":{"0":{"name":"GitHubMark","decl":{"start":{"line":9,"column":16},"end":{"line":9,"column":29}},"loc":{"start":{"line":9,"column":29},"end":{"line":13,"column":null}},"line":9}},"branchMap":{},"s":{"0":5},"f":{"0":5},"b":{},"meta":{"lastBranch":0,"lastFunction":1,"lastStatement":1,"seen":{"f:9:16:9:29":0,"s:10:1:13:Infinity":0}}}
,"/home/runner/work/magicmirror-module-sandbox/magicmirror-module-sandbox/client/app/components/sidebar/AboutDomain.tsx": {"path":"/home/runner/work/magicmirror-module-sandbox/magicmirror-module-sandbox/client/app/components/sidebar/AboutDomain.tsx","statementMap":{"0":{"start":{"line":11,"column":1},"end":{"line":96,"column":null}}},"fnMap":{"0":{"name":"AboutDomain","decl":{"start":{"line":10,"column":16},"end":{"line":10,"column":30}},"loc":{"start":{"line":10,"column":30},"end":{"line":96,"column":null}},"line":10}},"branchMap":{},"s":{"0":4},"f":{"0":4},"b":{},"meta":{"lastBranch":0,"lastFunction":1,"lastStatement":1,"seen":{"f:10:16:10:30":0,"s:11:1:96:Infinity":0}}}
,"/home/runner/work/magicmirror-module-sandbox/magicmirror-module-sandbox/client/app/components/sidebar/ConfigDomain.tsx": {"path":"/home/runner/work/magicmirror-module-sandbox/magicmirror-module-sandbox/client/app/components/sidebar/ConfigDomain.tsx","statementMap":{"0":{"start":{"line":21,"column":1},"end":{"line":21,"column":null}},"1":{"start":{"line":30,"column":1},"end":{"line":30,"column":null}},"2":{"start":{"line":40,"column":1},"end":{"line":45,"column":null}},"3":{"start":{"line":54,"column":22},"end":{"line":54,"column":46}},"4":{"start":{"line":55,"column":29},"end":{"line":55,"column":60}},"5":{"start":{"line":56,"column":7},"end":{"line":63,"column":3}},"6":{"start":{"line":65,"column":1},"end":{"line":328,"column":null}},"7":{"start":{"line":116,"column":6},"end":{"line":118,"column":null}},"8":{"start":{"line":128,"column":6},"end":{"line":133,"column":null}},"9":{"start":{"line":181,"column":7},"end":{"line":186,"column":null}},"10":{"start":{"line":196,"column":7},"end":{"line":201,"column":null}}},"fnMap":{"0":{"name":"getModuleConfig","decl":{"start":{"line":20,"column":9},"end":{"line":20,"column":25}},"loc":{"start":{"line":20,"column":69},"end":{"line":21,"column":null}},"line":20},"1":{"name":"getModuleConfigOptions","decl":{"start":{"line":27,"column":9},"end":{"line":27,"column":null}},"loc":{"start":{"line":29,"column":30},"end":{"line":30,"column":null}},"line":29},"2":{"name":"renderLanguageOption","decl":{"start":{"line":36,"column":9},"end":{"line":36,"column":null}},"loc":{"start":{"line":39,"column":2},"end":{"line":45,"column":null}},"line":39},"3":{"name":"ConfigDomain","decl":{"start":{"line":53,"column":16},"end":{"line":53,"column":29}},"loc":{"start":{"line":53,"column":61},"end":{"line":328,"column":null}},"line":53},"4":{"name":"(anonymous_4)","decl":{"start":{"line":115,"column":41},"end":{"line":115,"column":46}},"loc":{"start":{"line":116,"column":6},"end":{"line":118,"column":null}},"line":116},"5":{"name":"(anonymous_5)","decl":{"start":{"line":127,"column":44},"end":{"line":127,"column":49}},"loc":{"start":{"line":128,"column":6},"end":{"line":133,"column":null}},"line":128},"6":{"name":"(anonymous_6)","decl":{"start":{"line":179,"column":51},"end":{"line":179,"column":null}},"loc":{"start":{"line":181,"column":7},"end":{"line":186,"column":null}},"line":181},"7":{"name":"(anonymous_7)","decl":{"start":{"line":194,"column":52},"end":{"line":194,"column":null}},"loc":{"start":{"line":196,"column":7},"end":{"line":201,"column":null}},"line":196}},"branchMap":{"0":{"loc":{"start":{"line":21,"column":8},"end":{"line":21,"column":34}},"type":"binary-expr","locations":[{"start":{"line":21,"column":8},"end":{"line":21,"column":32}},{"start":{"line":21,"column":32},"end":{"line":21,"column":34}}],"line":21},"1":{"loc":{"start":{"line":30,"column":8},"end":{"line":30,"column":41}},"type":"binary-expr","locations":[{"start":{"line":30,"column":8},"end":{"line":30,"column":39}},{"start":{"line":30,"column":39},"end":{"line":30,"column":41}}],"line":30},"2":{"loc":{"start":{"line":60,"column":17},"end":{"line":60,"column":null}},"type":"binary-expr","locations":[{"start":{"line":60,"column":17},"end":{"line":60,"column":39}},{"start":{"line":60,"column":39},"end":{"line":60,"column":null}}],"line":60},"3":{"loc":{"start":{"line":61,"column":12},"end":{"line":61,"column":null}},"type":"binary-expr","locations":[{"start":{"line":61,"column":12},"end":{"line":61,"column":32}},{"start":{"line":61,"column":32},"end":{"line":61,"column":null}}],"line":61},"4":{"loc":{"start":{"line":62,"column":10},"end":{"line":62,"column":null}},"type":"binary-expr","locations":[{"start":{"line":62,"column":10},"end":{"line":62,"column":28}},{"start":{"line":62,"column":28},"end":{"line":62,"column":null}}],"line":62},"5":{"loc":{"start":{"line":115,"column":7},"end":{"line":115,"column":39}},"type":"binary-expr","locations":[{"start":{"line":115,"column":7},"end":{"line":115,"column":37}},{"start":{"line":115,"column":37},"end":{"line":115,"column":39}}],"line":115},"6":{"loc":{"start":{"line":118,"column":7},"end":{"line":118,"column":null}},"type":"binary-expr","locations":[{"start":{"line":118,"column":7},"end":{"line":118,"column":27}},{"start":{"line":118,"column":27},"end":{"line":118,"column":null}}],"line":118},"7":{"loc":{"start":{"line":127,"column":7},"end":{"line":127,"column":42}},"type":"binary-expr","locations":[{"start":{"line":127,"column":7},"end":{"line":127,"column":40}},{"start":{"line":127,"column":40},"end":{"line":127,"column":42}}],"line":127},"8":{"loc":{"start":{"line":145,"column":7},"end":{"line":147,"column":null}},"type":"cond-expr","locations":[{"start":{"line":146,"column":10},"end":{"line":146,"column":null}},{"start":{"line":147,"column":10},"end":{"line":147,"column":null}}],"line":145},"9":{"loc":{"start":{"line":172,"column":12},"end":{"line":172,"column":null}},"type":"binary-expr","locations":[{"start":{"line":172,"column":12},"end":{"line":172,"column":36}},{"start":{"line":172,"column":36},"end":{"line":172,"column":null}}],"line":172},"10":{"loc":{"start":{"line":179,"column":7},"end":{"line":179,"column":49}},"type":"binary-expr","locations":[{"start":{"line":179,"column":7},"end":{"line":179,"column":47}},{"start":{"line":179,"column":47},"end":{"line":179,"column":49}}],"line":179},"11":{"loc":{"start":{"line":185,"column":9},"end":{"line":185,"column":null}},"type":"binary-expr","locations":[{"start":{"line":185,"column":9},"end":{"line":185,"column":22}},{"start":{"line":185,"column":22},"end":{"line":185,"column":null}}],"line":185},"12":{"loc":{"start":{"line":194,"column":7},"end":{"line":194,"column":50}},"type":"binary-expr","locations":[{"start":{"line":194,"column":7},"end":{"line":194,"column":48}},{"start":{"line":194,"column":48},"end":{"line":194,"column":50}}],"line":194},"13":{"loc":{"start":{"line":200,"column":9},"end":{"line":200,"column":null}},"type":"binary-expr","locations":[{"start":{"line":200,"column":9},"end":{"line":200,"column":22}},{"start":{"line":200,"column":22},"end":{"line":200,"column":null}}],"line":200}},"s":{"0":5,"1":5,"2":8,"3":5,"4":5,"5":5,"6":5,"7":8,"8":52,"9":224,"10":172},"f":{"0":5,"1":5,"2":8,"3":5,"4":8,"5":52,"6":224,"7":172},"b":{"0":[5,0],"1":[5,1],"2":[5,0],"3":[5,1],"4":[5,1],"5":[5,1],"6":[8,0],"7":[5,1],"8":[4,1],"9":[5,5],"10":[5,1],"11":[224,4],"12":[5,1],"13":[172,4]},"meta":{"lastBranch":14,"lastFunction":8,"lastStatement":11,"seen":{"f:20:9:20:25":0,"s:21:1:21:Infinity":0,"b:21:8:21:32:21:32:21:34":0,"f:27:9:27:Infinity":1,"s:30:1:30:Infinity":1,"b:30:8:30:39:30:39:30:41":1,"f:36:9:36:Infinity":2,"s:40:1:45:Infinity":2,"f:53:16:53:29":3,"s:54:22:54:46":3,"s:55:29:55:60":4,"s:56:7:63:3":5,"b:60:17:60:39:60:39:60:Infinity":2,"b:61:12:61:32:61:32:61:Infinity":3,"b:62:10:62:28:62:28:62:Infinity":4,"s:65:1:328:Infinity":6,"b:115:7:115:37:115:37:115:39":5,"f:115:41:115:46":4,"s:116:6:118:Infinity":7,"b:118:7:118:27:118:27:118:Infinity":6,"b:127:7:127:40:127:40:127:42":7,"f:127:44:127:49":5,"s:128:6:133:Infinity":8,"b:146:10:146:Infinity:147:10:147:Infinity":8,"b:172:12:172:36:172:36:172:Infinity":9,"b:179:7:179:47:179:47:179:49":10,"f:179:51:179:Infinity":6,"s:181:7:186:Infinity":9,"b:185:9:185:22:185:22:185:Infinity":11,"b:194:7:194:48:194:48:194:50":12,"f:194:52:194:Infinity":7,"s:196:7:201:Infinity":10,"b:200:9:200:22:200:22:200:Infinity":13}}}
,"/home/runner/work/magicmirror-module-sandbox/magicmirror-module-sandbox/client/app/components/sidebar/DebugDomain.tsx": {"path":"/home/runner/work/magicmirror-module-sandbox/magicmirror-module-sandbox/client/app/components/sidebar/DebugDomain.tsx","statementMap":{"0":{"start":{"line":6,"column":1},"end":{"line":78,"column":null}}},"fnMap":{"0":{"name":"DebugDomain","decl":{"start":{"line":5,"column":16},"end":{"line":5,"column":30}},"loc":{"start":{"line":5,"column":30},"end":{"line":78,"column":null}},"line":5}},"branchMap":{},"s":{"0":4},"f":{"0":4},"b":{},"meta":{"lastBranch":0,"lastFunction":1,"lastStatement":1,"seen":{"f:5:16:5:30":0,"s:6:1:78:Infinity":0}}}
,"/home/runner/work/magicmirror-module-sandbox/magicmirror-module-sandbox/client/app/components/sidebar/NotificationsDomain.tsx": {"path":"/home/runner/work/magicmirror-module-sandbox/magicmirror-module-sandbox/client/app/components/sidebar/NotificationsDomain.tsx","statementMap":{"0":{"start":{"line":11,"column":7},"end":{"line":16,"column":3}},"1":{"start":{"line":18,"column":1},"end":{"line":160,"column":null}}},"fnMap":{"0":{"name":"NotificationsDomain","decl":{"start":{"line":10,"column":16},"end":{"line":10,"column":38}},"loc":{"start":{"line":10,"column":38},"end":{"line":160,"column":null}},"line":10}},"branchMap":{},"s":{"0":4,"1":4},"f":{"0":4},"b":{},"meta":{"lastBranch":0,"lastFunction":1,"lastStatement":2,"seen":{"f:10:16:10:38":0,"s:11:7:16:3":0,"s:18:1:160:Infinity":1}}}
,"/home/runner/work/magicmirror-module-sandbox/magicmirror-module-sandbox/client/app/components/sidebar/QualityDomain.tsx": {"path":"/home/runner/work/magicmirror-module-sandbox/magicmirror-module-sandbox/client/app/components/sidebar/QualityDomain.tsx","statementMap":{"0":{"start":{"line":14,"column":1},"end":{"line":114,"column":null}}},"fnMap":{"0":{"name":"QualityDomain","decl":{"start":{"line":13,"column":16},"end":{"line":13,"column":32}},"loc":{"start":{"line":13,"column":32},"end":{"line":114,"column":null}},"line":13}},"branchMap":{},"s":{"0":3},"f":{"0":3},"b":{},"meta":{"lastBranch":0,"lastFunction":1,"lastStatement":1,"seen":{"f:13:16:13:32":0,"s:14:1:114:Infinity":0}}}
,"/home/runner/work/magicmirror-module-sandbox/magicmirror-module-sandbox/client/app/components/sidebar/RuntimeDomain.tsx": {"path":"/home/runner/work/magicmirror-module-sandbox/magicmirror-module-sandbox/client/app/components/sidebar/RuntimeDomain.tsx","statementMap":{"0":{"start":{"line":15,"column":1},"end":{"line":129,"column":null}}},"fnMap":{"0":{"name":"RuntimeDomain","decl":{"start":{"line":14,"column":16},"end":{"line":14,"column":30}},"loc":{"start":{"line":14,"column":63},"end":{"line":129,"column":null}},"line":14}},"branchMap":{"0":{"loc":{"start":{"line":29,"column":12},"end":{"line":29,"column":65}},"type":"binary-expr","locations":[{"start":{"line":29,"column":12},"end":{"line":29,"column":34}},{"start":{"line":29,"column":34},"end":{"line":29,"column":65}}],"line":29},"1":{"loc":{"start":{"line":36,"column":12},"end":{"line":36,"column":55}},"type":"cond-expr","locations":[{"start":{"line":36,"column":35},"end":{"line":36,"column":42}},{"start":{"line":36,"column":42},"end":{"line":36,"column":55}}],"line":36}},"s":{"0":5},"f":{"0":5},"b":{"0":[5,1],"1":[4,1]},"meta":{"lastBranch":2,"lastFunction":1,"lastStatement":1,"seen":{"f:14:16:14:30":0,"s:15:1:129:Infinity":0,"b:29:12:29:34:29:34:29:65":0,"b:36:35:36:42:36:42:36:55":1}}}
,"/home/runner/work/magicmirror-module-sandbox/magicmirror-module-sandbox/config/contract.ts": {"path":"/home/runner/work/magicmirror-module-sandbox/magicmirror-module-sandbox/config/contract.ts","statementMap":{"0":{"start":{"line":14,"column":7},"end":{"line":14,"column":60}},"1":{"start":{"line":20,"column":1},"end":{"line":75,"column":null}}},"fnMap":{"0":{"name":"createContract","decl":{"start":{"line":13,"column":16},"end":{"line":13,"column":33}},"loc":{"start":{"line":13,"column":33},"end":{"line":75,"column":null}},"line":13}},"branchMap":{},"s":{"0":2,"1":2},"f":{"0":2},"b":{},"meta":{"lastBranch":0,"lastFunction":1,"lastStatement":2,"seen":{"f:13:16:13:33":0,"s:14:7:14:60":0,"s:20:1:75:Infinity":1}}}
,"/home/runner/work/magicmirror-module-sandbox/magicmirror-module-sandbox/config/harness.config.ts": {"path":"/home/runner/work/magicmirror-module-sandbox/magicmirror-module-sandbox/config/harness.config.ts","statementMap":{"0":{"start":{"line":14,"column":7},"end":{"line":14,"column":60}},"1":{"start":{"line":15,"column":1},"end":{"line":16,"column":null}},"2":{"start":{"line":16,"column":2},"end":{"line":16,"column":null}},"3":{"start":{"line":19,"column":1},"end":{"line":32,"column":null}}},"fnMap":{"0":{"name":"createHarnessConfig","decl":{"start":{"line":13,"column":16},"end":{"line":13,"column":38}},"loc":{"start":{"line":13,"column":38},"end":{"line":32,"column":null}},"line":13}},"branchMap":{"0":{"loc":{"start":{"line":15,"column":1},"end":{"line":16,"column":null}},"type":"if","locations":[{"start":{"line":15,"column":1},"end":{"line":16,"column":null}},{"start":{},"end":{}}],"line":15},"1":{"loc":{"start":{"line":20,"column":8},"end":{"line":20,"column":null}},"type":"binary-expr","locations":[{"start":{"line":20,"column":8},"end":{"line":20,"column":39}},{"start":{"line":20,"column":39},"end":{"line":20,"column":null}}],"line":20},"2":{"loc":{"start":{"line":21,"column":8},"end":{"line":21,"column":null}},"type":"binary-expr","locations":[{"start":{"line":21,"column":8},"end":{"line":21,"column":43}},{"start":{"line":21,"column":47},"end":{"line":21,"column":null}}],"line":21}},"s":{"0":13,"1":13,"2":1,"3":12},"f":{"0":13},"b":{"0":[1,12],"1":[12,12],"2":[13,12]},"meta":{"lastBranch":3,"lastFunction":1,"lastStatement":4,"seen":{"f:13:16:13:38":0,"s:14:7:14:60":0,"b:15:1:16:Infinity:undefined:undefined:undefined:undefined":0,"s:15:1:16:Infinity":1,"s:16:2:16:Infinity":2,"s:19:1:32:Infinity":3,"b:20:8:20:39:20:39:20:Infinity":1,"b:21:8:21:43:21:47:21:Infinity":2}}}
,"/home/runner/work/magicmirror-module-sandbox/magicmirror-module-sandbox/config/magicmirror-languages.ts": {"path":"/home/runner/work/magicmirror-module-sandbox/magicmirror-module-sandbox/config/magicmirror-languages.ts","statementMap":{"0":{"start":{"line":10,"column":54},"end":{"line":56,"column":null}}},"fnMap":{},"branchMap":{},"s":{"0":1},"f":{},"b":{},"meta":{"lastBranch":0,"lastFunction":0,"lastStatement":1,"seen":{"s:10:54:56:Infinity":0}}}
,"/home/runner/work/magicmirror-module-sandbox/magicmirror-module-sandbox/config/module-options.ts": {"path":"/home/runner/work/magicmirror-module-sandbox/magicmirror-module-sandbox/config/module-options.ts","statementMap":{"0":{"start":{"line":29,"column":49},"end":{"line":43,"column":null}},"1":{"start":{"line":45,"column":51},"end":{"line":102,"column":null}},"2":{"start":{"line":104,"column":52},"end":{"line":148,"column":null}},"3":{"start":{"line":150,"column":53},"end":{"line":159,"column":null}},"4":{"start":{"line":160,"column":53},"end":{"line":160,"column":72}},"5":{"start":{"line":162,"column":1},"end":{"line":162,"column":64}},"6":{"start":{"line":168,"column":1},"end":{"line":168,"column":null}},"7":{"start":{"line":175,"column":1},"end":{"line":175,"column":null}},"8":{"start":{"line":182,"column":1},"end":{"line":182,"column":null}},"9":{"start":{"line":189,"column":1},"end":{"line":190,"column":null}},"10":{"start":{"line":190,"column":2},"end":{"line":190,"column":null}},"11":{"start":{"line":193,"column":14},"end":{"line":193,"column":32}},"12":{"start":{"line":194,"column":1},"end":{"line":201,"column":null}},"13":{"start":{"line":198,"column":3},"end":{"line":199,"column":null}},"14":{"start":{"line":209,"column":1},"end":{"line":209,"column":null}},"15":{"start":{"line":218,"column":1},"end":{"line":228,"column":null}},"16":{"start":{"line":238,"column":1},"end":{"line":239,"column":null}},"17":{"start":{"line":239,"column":2},"end":{"line":239,"column":null}},"18":{"start":{"line":242,"column":16},"end":{"line":242,"column":70}},"19":{"start":{"line":243,"column":18},"end":{"line":243,"column":52}},"20":{"start":{"line":244,"column":42},"end":{"line":244,"column":57}},"21":{"start":{"line":245,"column":25},"end":{"line":247,"column":null}},"22":{"start":{"line":246,"column":2},"end":{"line":246,"column":null}},"23":{"start":{"line":249,"column":1},"end":{"line":252,"column":null}},"24":{"start":{"line":250,"column":2},"end":{"line":252,"column":null}},"25":{"start":{"line":254,"column":1},"end":{"line":257,"column":null}},"26":{"start":{"line":255,"column":2},"end":{"line":257,"column":null}},"27":{"start":{"line":260,"column":1},"end":{"line":268,"column":null}},"28":{"start":{"line":261,"column":19},"end":{"line":261,"column":51}},"29":{"start":{"line":262,"column":2},"end":{"line":263,"column":null}},"30":{"start":{"line":263,"column":3},"end":{"line":263,"column":null}},"31":{"start":{"line":265,"column":2},"end":{"line":266,"column":null}},"32":{"start":{"line":266,"column":3},"end":{"line":266,"column":null}},"33":{"start":{"line":268,"column":2},"end":{"line":268,"column":null}},"34":{"start":{"line":271,"column":1},"end":{"line":275,"column":null}},"35":{"start":{"line":272,"column":2},"end":{"line":273,"column":null}},"36":{"start":{"line":273,"column":3},"end":{"line":273,"column":null}},"37":{"start":{"line":275,"column":2},"end":{"line":275,"column":null}},"38":{"start":{"line":278,"column":1},"end":{"line":282,"column":null}},"39":{"start":{"line":279,"column":2},"end":{"line":280,"column":null}},"40":{"start":{"line":280,"column":3},"end":{"line":280,"column":null}},"41":{"start":{"line":282,"column":2},"end":{"line":282,"column":null}},"42":{"start":{"line":285,"column":1},"end":{"line":295,"column":null}},"43":{"start":{"line":286,"column":2},"end":{"line":287,"column":null}},"44":{"start":{"line":287,"column":3},"end":{"line":287,"column":null}},"45":{"start":{"line":289,"column":20},"end":{"line":289,"column":53}},"46":{"start":{"line":290,"column":2},"end":{"line":293,"column":null}},"47":{"start":{"line":291,"column":3},"end":{"line":293,"column":null}},"48":{"start":{"line":295,"column":2},"end":{"line":295,"column":null}},"49":{"start":{"line":298,"column":1},"end":{"line":308,"column":null}},"50":{"start":{"line":299,"column":2},"end":{"line":300,"column":null}},"51":{"start":{"line":300,"column":3},"end":{"line":300,"column":null}},"52":{"start":{"line":302,"column":21},"end":{"line":302,"column":55}},"53":{"start":{"line":303,"column":2},"end":{"line":306,"column":null}},"54":{"start":{"line":304,"column":3},"end":{"line":306,"column":null}},"55":{"start":{"line":308,"column":2},"end":{"line":308,"column":null}},"56":{"start":{"line":311,"column":1},"end":{"line":315,"column":null}},"57":{"start":{"line":312,"column":2},"end":{"line":313,"column":null}},"58":{"start":{"line":313,"column":3},"end":{"line":313,"column":null}},"59":{"start":{"line":315,"column":2},"end":{"line":315,"column":null}},"60":{"start":{"line":318,"column":1},"end":{"line":322,"column":null}},"61":{"start":{"line":319,"column":2},"end":{"line":320,"column":null}},"62":{"start":{"line":320,"column":3},"end":{"line":320,"column":null}},"63":{"start":{"line":322,"column":2},"end":{"line":322,"column":null}},"64":{"start":{"line":325,"column":1},"end":{"line":329,"column":null}},"65":{"start":{"line":326,"column":2},"end":{"line":327,"column":null}},"66":{"start":{"line":327,"column":3},"end":{"line":327,"column":null}},"67":{"start":{"line":329,"column":2},"end":{"line":329,"column":null}},"68":{"start":{"line":332,"column":1},"end":{"line":336,"column":null}},"69":{"start":{"line":333,"column":2},"end":{"line":334,"column":null}},"70":{"start":{"line":334,"column":3},"end":{"line":334,"column":null}},"71":{"start":{"line":336,"column":2},"end":{"line":336,"column":null}},"72":{"start":{"line":339,"column":1},"end":{"line":339,"column":null}},"73":{"start":{"line":346,"column":1},"end":{"line":352,"column":null}}},"fnMap":{"0":{"name":"isPlainObject","decl":{"start":{"line":167,"column":9},"end":{"line":167,"column":23}},"loc":{"start":{"line":167,"column":60},"end":{"line":168,"column":null}},"line":167},"1":{"name":"hasOwn","decl":{"start":{"line":174,"column":9},"end":{"line":174,"column":16}},"loc":{"start":{"line":174,"column":54},"end":{"line":175,"column":null}},"line":174},"2":{"name":"normalizeString","decl":{"start":{"line":181,"column":9},"end":{"line":181,"column":25}},"loc":{"start":{"line":181,"column":49},"end":{"line":182,"column":null}},"line":181},"3":{"name":"isEnvelopeCandidate","decl":{"start":{"line":188,"column":9},"end":{"line":188,"column":29}},"loc":{"start":{"line":188,"column":66},"end":{"line":201,"column":null}},"line":188},"4":{"name":"(anonymous_4)","decl":{"start":{"line":197,"column":7},"end":{"line":197,"column":14}},"loc":{"start":{"line":197,"column":22},"end":{"line":201,"column":null}},"line":197},"5":{"name":"cloneJsonObject","decl":{"start":{"line":208,"column":9},"end":{"line":208,"column":25}},"loc":{"start":{"line":208,"column":56},"end":{"line":209,"column":null}},"line":208},"6":{"name":"createDefaultModuleConfig","decl":{"start":{"line":215,"column":16},"end":{"line":215,"column":null}},"loc":{"start":{"line":217,"column":24},"end":{"line":228,"column":null}},"line":217},"7":{"name":"normalizeModuleConfig","decl":{"start":{"line":234,"column":16},"end":{"line":234,"column":null}},"loc":{"start":{"line":237,"column":24},"end":{"line":339,"column":null}},"line":237},"8":{"name":"(anonymous_8)","decl":{"start":{"line":245,"column":45},"end":{"line":245,"column":53}},"loc":{"start":{"line":245,"column":61},"end":{"line":247,"column":null}},"line":245},"9":{"name":"getModuleConfigUiMetadata","decl":{"start":{"line":345,"column":16},"end":{"line":345,"column":68}},"loc":{"start":{"line":345,"column":68},"end":{"line":352,"column":null}},"line":345}},"branchMap":{"0":{"loc":{"start":{"line":168,"column":8},"end":{"line":168,"column":76}},"type":"binary-expr","locations":[{"start":{"li
[...]
,"column":null}},"55":{"start":{"line":242,"column":2},"end":{"line":243,"column":null}},"56":{"start":{"line":243,"column":3},"end":{"line":243,"column":null}},"57":{"start":{"line":246,"column":2},"end":{"line":247,"column":null}},"58":{"start":{"line":247,"column":3},"end":{"line":247,"column":null}},"59":{"start":{"line":250,"column":2},"end":{"line":276,"column":null}},"60":{"start":{"line":251,"column":3},"end":{"line":275,"column":null}},"61":{"start":{"line":252,"column":4},"end":{"line":273,"column":null}},"62":{"start":{"line":253,"column":26},"end":{"line":253,"column":59}},"63":{"start":{"line":254,"column":27},"end":{"line":254,"column":50}},"64":{"start":{"line":255,"column":5},"end":{"line":258,"column":null}},"65":{"start":{"line":262,"column":5},"end":{"line":263,"column":null}},"66":{"start":{"line":263,"column":6},"end":{"line":263,"column":null}},"67":{"start":{"line":266,"column":5},"end":{"line":271,"column":null}},"68":{"start":{"line":273,"column":5},"end":{"line":273,"column":null}},"69":{"start":{"line":279,"column":1},"end":{"line":279,"column":null}},"70":{"start":{"line":308,"column":1},"end":{"line":309,"column":null}},"71":{"start":{"line":309,"column":2},"end":{"line":309,"column":null}},"72":{"start":{"line":312,"column":26},"end":{"line":312,"column":47}},"73":{"start":{"line":313,"column":27},"end":{"line":313,"column":49}},"74":{"start":{"line":315,"column":20},"end":{"line":323,"column":null}},"75":{"start":{"line":325,"column":38},"end":{"line":325,"column":null}},"76":{"start":{"line":327,"column":17},"end":{"line":336,"column":3}},"77":{"start":{"line":338,"column":1},"end":{"line":389,"column":null}},"78":{"start":{"line":339,"column":2},"end":{"line":340,"column":null}},"79":{"start":{"line":340,"column":3},"end":{"line":340,"column":null}},"80":{"start":{"line":343,"column":2},"end":{"line":344,"column":null}},"81":{"start":{"line":344,"column":3},"end":{"line":344,"column":null}},"82":{"start":{"line":347,"column":2},"end":{"line":388,"column":null}},"83":{"start":{"line":348,"column":3},"end":{"line":387,"column":null}},"84":{"start":{"line":349,"column":4},"end":{"line":385,"column":null}},"85":{"start":{"line":350,"column":26},"end":{"line":350,"column":62}},"86":{"start":{"line":351,"column":27},"end":{"line":351,"column":50}},"87":{"start":{"line":352,"column":5},"end":{"line":355,"column":null}},"88":{"start":{"line":357,"column":5},"end":{"line":363,"column":null}},"89":{"start":{"line":363,"column":6},"end":{"line":363,"column":null}},"90":{"start":{"line":365,"column":5},"end":{"line":371,"column":null}},"91":{"start":{"line":371,"column":6},"end":{"line":371,"column":null}},"92":{"start":{"line":374,"column":5},"end":{"line":375,"column":null}},"93":{"start":{"line":375,"column":6},"end":{"line":375,"column":null}},"94":{"start":{"line":378,"column":5},"end":{"line":383,"column":null}},"95":{"start":{"line":385,"column":5},"end":{"line":385,"column":null}},"96":{"start":{"line":391,"column":1},"end":{"line":391,"column":null}}},"fnMap":{"0":{"name":"norm","decl":{"start":{"line":20,"column":9},"end":{"line":20,"column":14}},"loc":{"start":{"line":20,"column":33},"end":{"line":21,"column":null}},"line":20},"1":{"name":"loadModuleGitignore","decl":{"start":{"line":35,"column":9},"end":{"line":35,"column":37}},"loc":{"start":{"line":35,"column":37},"end":{"line":45,"column":null}},"line":35},"2":{"name":"isIgnoredByModuleGitignore","decl":{"start":{"line":54,"column":9},"end":{"line":54,"column":36}},"loc":{"start":{"line":54,"column":63},"end":{"line":74,"column":null}},"line":54},"3":{"name":"isRelevantFile","decl":{"start":{"line":84,"column":9},"end":{"line":84,"column":24}},"loc":{"start":{"line":84,"column":51},"end":{"line":88,"column":null}},"line":84},"4":{"name":"isSandboxPersistedConfigFile","decl":{"start":{"line":96,"column":9},"end":{"line":96,"column":38}},"loc":{"start":{"line":96,"column":65},"end":{"line":103,"column":null}},"line":96},"5":{"name":"isSandboxConfigFile","decl":{"start":{"line":111,"column":9},"end":{"line":111,"column":29}},"loc":{"start":{"line":111,"column":56},"end":{"line":116,"column":null}},"line":111},"6":{"name":"isStyleFile","decl":{"start":{"line":125,"column":9},"end":{"line":125,"column":21}},"loc":{"start":{"line":125,"column":48},"end":{"line":126,"column":null}},"line":125},"7":{"name":"isModuleTranslationFile","decl":{"start":{"line":134,"column":9},"end":{"line":134,"column":33}},"loc":{"start":{"line":134,"column":60},"end":{"line":137,"column":null}},"line":134},"8":{"name":"isHarnessClientSourceFile","decl":{"start":{"line":143,"column":9},"end":{"line":143,"column":35}},"loc":{"start":{"line":143,"column":62},"end":{"line":152,"column":null}},"line":143},"9":{"name":"isHarnessNodeCompatSourceFile","decl":{"start":{"line":159,"column":9},"end":{"line":159,"column":39}},"loc":{"start":{"line":159,"column":66},"end":{"line":165,"column":null}},"line":159},"10":{"name":"isModuleWatcherIgnored","decl":{"start":{"line":175,"column":9},"end":{"line":175,"column":32}},"loc":{"start":{"line":175,"column":59},"end":{"line":180,"column":null}},"line":175},"11":{"name":"isSandboxWatcherIgnored","decl":{"start":{"line":188,"column":9},"end":{"line":188,"column":33}},"loc":{"start":{"line":188,"column":60},"end":{"line":194,"column":null}},"line":188},"12":{"name":"startModuleWatcher","decl":{"start":{"line":207,"column":9},"end":{"line":207,"column":28}},"loc":{"start":{"line":213,"column":33},"end":{"line":279,"column":null}},"line":213},"13":{"name":"(anonymous_13)","decl":{"start":{"line":230,"column":12},"end":{"line":230,"column":20}},"loc":{"start":{"line":230,"column":60},"end":{"line":277,"column":null}},"line":230},"14":{"name":"(anonymous_14)","decl":{"start":{"line":250,"column":12},"end":{"line":250,"column":29}},"loc":{"start":{"line":250,"column":29},"end":{"line":276,"column":9}},"line":250},"15":{"name":"(anonymous_15)","decl":{"start":{"line":251,"column":9},"end":{"line":251,"column":21}},"loc":{"start":{"line":251,"column":21},"end":{"line":275,"column":null}},"line":251},"16":{"name":"startSandboxWatcher","decl":{"start":{"line":291,"column":9},"end":{"line":291,"column":29}},"loc":{"start":{"line":307,"column":40},"end":{"line":391,"column":null}},"line":307},"17":{"name":"(anonymous_17)","decl":{"start":{"line":338,"column":12},"end":{"line":338,"column":20}},"loc":{"start":{"line":338,"column":60},"end":{"line":389,"column":null}},"line":338},"18":{"name":"(anonymous_18)","decl":{"start":{"line":347,"column":12},"end":{"line":347,"column":29}},"loc":{"start":{"line":347,"column":29},"end":{"line":388,"column":9}},"line":347},"19":{"name":"(anonymous_19)","decl":{"start":{"line":348,"column":9},"end":{"line":348,"column":21}},"loc":{"start":{"line":348,"column":21},"end":{"line":387,"column":null}},"line":348}},"branchMap":{"0":{"loc":{"start":{"line":37,"column":1},"end":{"line":39,"column":null}},"type":"if","locations":[{"start":{"line":37,"column":1},"end":{"line":39,"column":null}},{"start":{},"end":{}}],"line":37},"1":{"loc":{"start":{"line":55,"column":1},"end":{"line":56,"column":null}},"type":"if","locations":[{"start":{"line":55,"column":1},"end":{"line":56,"column":null}},{"start":{},"end":{}}],"line":55},"2":{"loc":{"start":{"line":60,"column":1},"end":{"line":61,"column":null}},"type":"if","locations":[{"start":{"line":60,"column":1},"end":{"line":61,"column":null}},{"start":{},"end":{}}],"line":60},"3":{"loc":{"start":{"line":64,"column":1},"end":{"line":65,"column":null}},"type":"if","locations":[{"start":{"line":64,"column":1},"end":{"line":65,"column":null}},{"start":{},"end":{}}],"line":64},"4":{"loc":{"start":{"line":68,"column":1},"end":{"line":69,"column":null}},"type":"if","locations":[{"start":{"line":68,"column":1},"end":{"line":69,"column":null}},{"start":{},"end":{}}],"line":68},"5":{"loc":{"start":{"line":87,"column":2},"end":{"line":88,"column":65}},"type":"binary-expr","locations":[{"start":{"line":87,"column":2},"end":{"line":87,"column":40}},{"start":{"line":88,"column":2},"end":{"line":88,"column":65}}],"line":87},"6":{"loc":{"start":{"line":99,"column":2},"end":{"line":103,"column":40}},"type":"binary-expr","locations":[{"start":{"line":99,"column":2},"end":{"line":99,"column":null}},{"start":{"line":100,"column":2},"end":{"line":100,"column":null}},{"start":{"line":101,"column":2},"end":{"line":101,"column":null}},{"start":{"line":102,"column":2},"end":{"line":102,"column":39}},{"start":{"line":103,"column":2},"end":{"line":103,"column":40}}],"line":99},"7":{"loc":{"start":{"line":114,"column":2},"end":{"line":116,"column":42}},"type":"binary-expr","locations":[{"start":{"line":114,"column":2},"end":{"line":114,"column":40}},{"start":{"line":115,"column":2},"end":{"line":115,"column":42}},{"start":{"line":116,"column":2},"end":{"line":116,"column":42}}],"line":114},"8":{"loc":{"start":{"line":147,"column":2},"end":{"line":152,"column":null}},"type":"binary-expr","locations":[{"start":{"line":147,"column":2},"end":{"line":147,"column":35}},{"start":{"line":148,"column":2},"end":{"line":148,"column":37}},{"start":{"line":149,"column":2},"end":{"line":149,"column":34}},{"start":{"line":150,"column":2},"end":{"line":150,"column":33}},{"start":{"line":151,"column":3},"end":{"line":151,"column":37}},{"start":{"line":152,"column":3},"end":{"line":152,"column":41}}],"line":147},"9":{"loc":{"start":{"line":163,"column":2},"end":{"line":165,"column":28}},"type":"binary-expr","locations":[{"start":{"line":163,"column":2},"end":{"line":163,"column":34}},{"start":{"line":164,"column":2},"end":{"line":164,"column":37}},{"start":{"line":165,"column":2},"end":{"line":165,"column":28}}],"line":163},"10":{"loc":{"start":{"line":178,"column":2},"end":{"line":180,"column":32}},"type":"binary-expr","locations":[{"start":{"line":178,"column":2},"end":{"line":178,"column":30}},{"start":{"line":179,"column":2},"end":{"line":179,"column":22}},{"start":{"line":180,"column":2},"end":{"line":180,"column":32}}],"line":178},"11":{"loc":{"start":{"line":191,"column":2},"end":{"line":194,"column":33}},"type":"binary-expr","locations":[{"start":{"line":191,"column":2},"end":{"line":191,"column":30}},{"start":{"line":192,"column":2},"end":{"line":192,"column":22}},{"start":{"line":193,"column":2},"end":{"line":193,"column":34}},{"start":{"line":194,"column":2},"end":{"line":194,"column":33}}],"line":191},"12":{"loc":{"start":{"line":232,"column":2},"end":{"line":235,"column":null}},"type":"if","locations":[{"start":{"line":232,"column":2},"end":{"line":235,"column":null}},{"start":{},"end":{}}],"line":232},"13":{"loc":{"start":{"line":238,"column":2},"end":{"line":239,"column":null}},"type":"if","locations":[{"start":{"line":238,"column":2},"end":{"line":239,"column":null}},{"start":{},"end":{}}],"line":238},"14":{"loc":{"start":{"line":242,"column":2},"end":{"line":243,"column":null}},"type":"if","locations":[{"start":{"line":242,"column":2},"end":{"line":243,"column":null}},{"start":{},"end":{}}],"line":242},"15":{"loc":{"start":{"line":246,"column":2},"end":{"line":247,"column":null}},"type":"if","locations":[{"start":{"line":246,"column":2},"end":{"line":247,"column":null}},{"start":{},"end":{}}],"line":246},"16":{"loc":{"start":{"line":262,"column":5},"end":{"line":263,"column":null}},"type":"if","locations":[{"start":{"line":262,"column":5},"end":{"line":263,"column":null}},{"start":{},"end":{}}],"line":262},"17":{"loc":{"start":{"line":262,"column":9},"end":{"line":262,"column":69}},"type":"binary-expr","locations":[{"start":{"line":262,"column":9},"end":{"line":262,"column":31}},{"start":{"line":262,"column":35},"end":{"line":262,"column":69}}],"line":262},"18":{"loc":{"start":{"line":268,"column":12},"end":{"line":268,"column":null}},"type":"binary-expr","locations":[{"start":{"line":268,"column":12},"end":{"line":268,"column":28}},{"start":{"line":268,"column":28},"end":{"line":268,"column":null}}],"line":268},"19":{"loc":{"start":{"line":308,"column":1},"end":{"line":309,"column":null}},"type":"if","locations":[{"start":{"line":308,"column":1},"end":{"line":309,"column":null}},{"start":{},"end":{}}],"line":308},"20":{"loc":{"start":{"line":339,"column":2},"end":{"line":340,"column":null}},"type":"if","locations":[{"start":{"line":339,"column":2},"end":{"line":340,"column":null}},{"start":{},"end":{}}],"line":339},"21":{"loc":{"start":{"line":343,"column":2},"end":{"line":344,"column":null}},"type":"if","locations":[{"start":{"line":343,"column":2},"end":{"line":344,"column":null}},{"start":{},"end":{}}],"line":343},"22":{"loc":{"start":{"line":357,"column":5},"end":{"line":363,"column":null}},"type":"if","locations":[{"start":{"line":357,"column":5},"end":{"line":363,"column":null}},{"start":{},"end":{}}],"line":357},"23":{"loc":{"start":{"line":358,"column":6},"end":{"line":361,"column":41}},"type":"binary-expr","locations":[{"start":{"line":358,"column":6},"end":{"line":358,"column":null}},{"start":{"line":359,"column":6},"end":{"line":359,"column":null}},{"start":{"line":360,"column":6},"end":{"line":360,"column":29}},{"start":{"line":361,"column":6},"end":{"line":361,"column":41}}],"line":358},"24":{"loc":{"start":{"line":365,"column":5},"end":{"line":371,"column":null}},"type":"if","locations":[{"start":{"line":365,"column":5},"end":{"line":371,"column":null}},{"start":{},"end":{}}],"line":365},"25":{"loc":{"start":{"line":366,"column":6},"end":{"line":369,"column":45}},"type":"binary-expr","locations":[{"start":{"line":366,"column":6},"end":{"line":366,"column":null}},{"start":{"line":367,"column":6},"end":{"line":367,"column":null}},{"start":{"line":368,"column":6},"end":{"line":368,"column":29}},{"start":{"line":369,"column":6},"end":{"line":369,"column":45}}],"line":366},"26":{"loc":{"start":{"line":374,"column":5},"end":{"line":375,"column":null}},"type":"if","locations":[{"start":{"line":374,"column":5},"end":{"line":375,"column":null}},{"start":{},"end":{}}],"line":374},"27":{"loc":{"start":{"line":380,"column":12},"end":{"line":380,"column":null}},"type":"binary-expr","locations":[{"start":{"line":380,"column":12},"end":{"line":380,"column":28}},{"start":{"line":380,"column":28},"end":{"line":380,"column":null}}],"line":380}},"s":{"0":219,"1":17,"2":22,"3":22,"4":1,"5":1,"6":21,"7":21,"8":21,"9":1,"10":18,"11":2,"12":16,"13":16,"14":16,"15":0,"16":16,"17":16,"18":0,"19":16,"20":1,"21":15,"22":15,"23":0,"24":44,"25":44,"26":65,"27":65,"28":21,"29":21,"30":15,"31":12,"32":12,"33":12,"34":14,"35":14,"36":14,"37":14,"38":14,"39":14,"40":4,"41":4,"42":6,"43":6,"44":21,"45":21,"46":21,"47":21,"48":21,"49":21,"50":1,"51":1,"52":1,"53":20,"54":2,"55":18,"56":1,"57":17,"58":2,"59":17,"60":15,"61":15,"62":15,"63":15,"64":15,"65":15,"66":11,"67":15,"68":0,"69":21,"70":25,"71":1,"72":24,"73":24,"74":24,"75":24,"76":24,"77":24,"78":24,"79":1,"80":23,"81":2,"82":23,"83":21,"84":21,"85":21,"86":21,"87":21,"88":21,"89":6,"90":21,"91":1,"92":21,"93":7,"94":21,"95":0,"96":24},"f":{"0":219,"1":22,"2":18,"3":44,"4":65,"5":21,"6":15,"7":12,"8":14,"9":14,"10":4,"11":6,"12":21,"13":21,"14":15,"15":15,"16":25,"17":24,"18":21,"19":21},"b":{"0":[1,21],"1":[2,16],"2":[0,16],"3":[0,16],"4":[1,15],"5":[44,38],"6":[65,64,60,58,56],"7":[21,16,15],"8":[14,8,7,6,6,0],"9":[14,3,2],"10":[4,3,2],"11":[6,5,4,3],"12":[1,20],"13":[2,18],"14":[1,17],"15":[2,15],"16":[11,4],"17":[15,12],"18":[15,0],"19":[1,24],"20":[1,23],"21":[2,21],"22":[6,15],"23":[21,17,15,14],"24":[1,20],"25":[21,17,15,14],"26":[7,14],"27":[21,0]},"meta":{"lastBranch":28,"lastFunction":20,"lastStatement":97,"seen":{"f:20:9:20:14":0,"s:21:1:21:Infinity":0,"s:28:54:28:Infinity":1,"f:35:9:35:37":1,"s:36:23:36:56":2,"b:37:1:39:Infinity:undefined:undefined:undefined:undefined":0,"s:37:1:39:Infinity":3,"s:38:2:38:Infinity":4,"s:39:2:39:Infinity":5,"s:41:1:45:Infinity":6,"s:42:18:42:57":7,"s:43:2:43:Infinity":8,"s:45:2:45:Infinity":9,"f:54:9:54:36":2,"b:55:1:56:Infinity:undefined:undefined:undefined:undefined":1,"s:55:1:56:Infinity":10,"s:56:2:56:Infinity":11,"s:58:20:58:34":12,"s:59:24:59:38":13,"b:60:1:61:Infinity:undefined:undefined:undefined:undefined":2,"s:60:1:61:Infinity":14,"s:61:2:61:Infinity":15,"s:63:18:63:61":16,"b:64:1:65:Infinity:undefined:undefined:undefined:undefined":3,"s:64:1:65:Infinity":17,"s:65:2:65:Infinity":18,"b:68:1:69:Infinity:undefined:undefined:undefined:undefined":4,"s:68:1:69:Infinity":19,"s:69:2:69:Infinity":20,"s:71:1:74:Infinity":21,"s:72:2:72:Infinity":22,"s:74:2:74:Infinity":23,"f:84:9:84:24":3,"s:85:20:85:34":24,"s:86:1:88:Infinity":25,"b:87:2:87:40:88:2:88:65":5,"f:96:9:96:38":4,"s:97:18:97:55":26,"s:98:1:103:Infinity":27,"b:99:2:99:Infinity:100:2:100:Infinity:101:2:101:Infinity:102:2:102:39:103:2:103:40":6,"f:111:9:111:29":5,"s:112:20:112:34":28,"s:113:1:116:Infinity":29,"b:114:2:114:40:115:2:115:42:116:2:116:42":7,"f:125:9:125:21":6,"s:126:1:126:Infinity":30,"f:134:9:134:33":7,"s:135:20:135:34":31,"s:136:25:136:66":32,"s:137:1:137:Infinity":33,"f:143:9:143:35":8,"s:144:20:144:34":34,"s:145:20:145:58":35,"s:146:1:152:Infinity":36,"b:147:2:147:35:148:2:148:37:149:2:149:34:150:2:150:33:151:3:151:37:152:3:152:41":8,"f:159:9:159:39":9,"s:160:20:160:34":37,"s:161:19:161:56":38,"s:162:1:165:Infinity":39,"b:163:2:163:34:164:2:164:37:165:2:165:28":9,"f:175:9:175:32":10,"s:176:11:176:39":40,"s:177:1:180:Infinity":41,"b:178:2:178:30:179:2:179:22:180:2:180:32":10,"f:188:9:188:33":11,"s:189:11:189:39":42,"s:190:1:194:Infinity":43,"b:191:2:191:30:192:2:192:22:193:2:193:34:194:2:194:33":11,"f:207:9:207:28":12,"s:214:1:214:Infinity":44,"s:216:29:216:68":45,"s:217:38:217:Infinity":46,"s:219:17:228:3":47,"s:230:1:277:Infinity":48,"f:230:12:230:20":13,"b:232:2:235:Infinity:undefined:undefined:undefined:undefined":12,"s:232:2:235:Infinity":49,"s:233:3:233:Infinity":50,"s:234:3:234:Infinity":51,"s:235:3:235:Infinity":52,"b:238:2:239:Infinity:undefined:undefined:undefined:undefined":13,"s:238:2:239:Infinity":53,"s:239:3:239:Infinity":54,"b:242:2:243:Infinity:undefined:undefined:undefined:undefined":14,"s:242:2:243:Infinity":55,"s:243:3:243:Infinity":56,"b:246:2:247:Infinity:undefined:undefined:undefined:undefined":15,"s:246:2:247:Infinity":57,"s:247:3:247:Infinity":58,"s:250:2:276:Infinity":59,"f:250:12:250:29":14,"s:251:3:275:Infinity":60,"f:251:9:251:21":15,"s:252:4:273:Infinity":61,"s:253:26:253:59":62,"s:254:27:254:50":63,"s:255:5:258:Infinity":64,"b:262:5:263:Infinity:undefined:undefined:undefined:undefined":16,"s:262:5:263:Infinity":65,"b:262:9:262:31:262:35:262:69":17,"s:263:6:263:Infinity":66,"s:266:5:271:Infinity":67,"b:268:12:268:28:268:28:268:Infinity":18,"s:273:5:273:Infinity":68,"s:279:1:279:Infinity":69,"f:291:9:291:29":16,"b:308:1:309:Infinity:undefined:undefined:undefined:undefined":19,"s:308:1:309:Infinity":70,"s:309:2:309:Infinity":71,"s:312:26:312:47":72,"s:313:27:313:49":73,"s:315:20:323:Infinity":74,"s:325:38:325:Infinity":75,"s:327:17:336:3":76,"s:338:1:389:Infinity":77,"f:338:12:338:20":17,"b:339:2:340:Infinity:undefined:undefined:undefined:undefined":20,"s:339:2:340:Infinity":78,"s:340:3:340:Infinity":79,"b:343:2:344:Infinity:undefined:undefined:undefined:undefined":21,"s:343:2:344:Infinity":80,"s:344:3:344:Infinity":81,"s:347:2:388:Infinity":82,"f:347:12:347:29":18,"s:348:3:387:Infinity":83,"f:348:9:348:21":19,"s:349:4:385:Infinity":84,"s:350:26:350:62":85,"s:351:27:351:50":86,"s:352:5:355:Infinity":87,"b:357:5:363:Infinity:undefined:undefined:undefined:undefined":22,"s:357:5:363:Infinity":88,"b:358:6:358:Infinity:359:6:359:Infinity:360:6:360:29:361:6:361:41":23,"s:363:6:363:Infinity":89,"b:365:5:371:Infinity:undefined:undefined:undefined:undefined":24,"s:365:5:371:Infinity":90,"b:366:6:366:Infinity:367:6:367:Infinity:368:6:368:29:369:6:369:45":25,"s:371:6:371:Infinity":91,"b:374:5:375:Infinity:undefined:undefined:undefined:undefined":26,"s:374:5:375:Infinity":92,"s:375:6:375:Infinity":93,"s:378:5:383:Infinity":94,"b:380:12:380:28:380:28:380:Infinity":27,"s:385:5:385:Infinity":95,"s:391:1:391:Infinity":96}}}
}
