{"/home/runner/work/magicmirror-module-sandbox/magicmirror-module-sandbox/bin/install-guard.ts": {"path":"/home/runner/work/magicmirror-module-sandbox/magicmirror-module-sandbox/bin/install-guard.ts","statementMap":{"0":{"start":{"line":12,"column":6},"end":{"line":12,"column":51}},"1":{"start":{"line":12,"column":30},"end":{"line":12,"column":51}},"2":{"start":{"line":14,"column":24},"end":{"line":17,"column":null}},"3":{"start":{"line":20,"column":1},"end":{"line":22,"column":33}},"4":{"start":{"line":36,"column":23},"end":{"line":36,"column":57}},"5":{"start":{"line":37,"column":1},"end":{"line":39,"column":null}},"6":{"start":{"line":46,"column":1},"end":{"line":46,"column":null}},"7":{"start":{"line":53,"column":1},"end":{"line":58,"column":null}},"8":{"start":{"line":66,"column":20},"end":{"line":66,"column":84}},"9":{"start":{"line":67,"column":17},"end":{"line":67,"column":59}},"10":{"start":{"line":68,"column":18},"end":{"line":68,"column":68}},"11":{"start":{"line":73,"column":7},"end":{"line":73,"column":89}},"12":{"start":{"line":88,"column":1},"end":{"line":88,"column":null}},"13":{"start":{"line":89,"column":1},"end":{"line":89,"column":null}},"14":{"start":{"line":102,"column":24},"end":{"line":103,"column":null}},"15":{"start":{"line":103,"column":36},"end":{"line":103,"column":53}},"16":{"start":{"line":106,"column":1},"end":{"line":111,"column":null}},"17":{"start":{"line":107,"column":25},"end":{"line":107,"column":52}},"18":{"start":{"line":108,"column":26},"end":{"line":108,"column":67}},"19":{"start":{"line":110,"column":2},"end":{"line":111,"column":null}},"20":{"start":{"line":111,"column":3},"end":{"line":111,"column":null}},"21":{"start":{"line":115,"column":1},"end":{"line":115,"column":null}},"22":{"start":{"line":128,"column":1},"end":{"line":129,"column":null}},"23":{"start":{"line":129,"column":2},"end":{"line":129,"column":null}},"24":{"start":{"line":132,"column":1},"end":{"line":137,"column":null}},"25":{"start":{"line":148,"column":1},"end":{"line":149,"column":null}},"26":{"start":{"line":149,"column":2},"end":{"line":149,"column":null}},"27":{"start":{"line":152,"column":1},"end":{"line":153,"column":null}},"28":{"start":{"line":153,"column":2},"end":{"line":153,"column":null}},"29":{"start":{"line":156,"column":1},"end":{"line":156,"column":null}},"30":{"start":{"line":171,"column":24},"end":{"line":171,"column":75}},"31":{"start":{"line":173,"column":1},"end":{"line":174,"column":null}},"32":{"start":{"line":174,"column":2},"end":{"line":174,"column":null}},"33":{"start":{"line":177,"column":1},"end":{"line":183,"column":null}},"34":{"start":{"line":198,"column":21},"end":{"line":198,"column":48}},"35":{"start":{"line":199,"column":33},"end":{"line":202,"column":3}},"36":{"start":{"line":204,"column":1},"end":{"line":205,"column":null}},"37":{"start":{"line":205,"column":2},"end":{"line":205,"column":null}},"38":{"start":{"line":208,"column":29},"end":{"line":209,"column":null}},"39":{"start":{"line":211,"column":1},"end":{"line":215,"column":null}},"40":{"start":{"line":217,"column":1},"end":{"line":217,"column":null}},"41":{"start":{"line":232,"column":1},"end":{"line":233,"column":null}},"42":{"start":{"line":233,"column":2},"end":{"line":233,"column":null}},"43":{"start":{"line":236,"column":1},"end":{"line":236,"column":null}},"44":{"start":{"line":253,"column":1},"end":{"line":257,"column":null}},"45":{"start":{"line":258,"column":1},"end":{"line":262,"column":null}}},"fnMap":{"0":{"name":"(anonymous_0)","decl":{"start":{"line":12,"column":6},"end":{"line":12,"column":16}},"loc":{"start":{"line":12,"column":30},"end":{"line":12,"column":51}},"line":12},"1":{"name":"getPackageRoot","decl":{"start":{"line":35,"column":9},"end":{"line":35,"column":34}},"loc":{"start":{"line":35,"column":34},"end":{"line":39,"column":null}},"line":35},"2":{"name":"readJsonFile","decl":{"start":{"line":45,"column":9},"end":{"line":45,"column":22}},"loc":{"start":{"line":45,"column":49},"end":{"line":46,"column":null}},"line":45},"3":{"name":"getPackageName","decl":{"start":{"line":52,"column":9},"end":{"line":52,"column":24}},"loc":{"start":{"line":52,"column":64},"end":{"line":58,"column":null}},"line":52},"4":{"name":"runScript","decl":{"start":{"line":65,"column":9},"end":{"line":65,"column":19}},"loc":{"start":{"line":65,"column":81},"end":{"line":76,"column":null}},"line":65},"5":{"name":"syncMagicMirrorAssetsForMaintainerRepo","decl":{"start":{"line":83,"column":9},"end":{"line":83,"column":48}},"loc":{"start":{"line":87,"column":14},"end":{"line":89,"column":null}},"line":87},"6":{"name":"resolveConsumerPackageJsonPath","decl":{"start":{"line":95,"column":9},"end":{"line":95,"column":40}},"loc":{"start":{"line":101,"column":23},"end":{"line":115,"column":null}},"line":101},"7":{"name":"(anonymous_7)","decl":{"start":{"line":102,"column":68},"end":{"line":102,"column":null}},"loc":{"start":{"line":103,"column":36},"end":{"line":103,"column":53}},"line":103},"8":{"name":"isMaintainerSourceRepo","decl":{"start":{"line":121,"column":9},"end":{"line":121,"column":32}},"loc":{"start":{"line":127,"column":17},"end":{"line":137,"column":null}},"line":127},"9":{"name":"getInstallSection","decl":{"start":{"line":144,"column":9},"end":{"line":144,"column":null}},"loc":{"start":{"line":147,"column":45},"end":{"line":156,"column":null}},"line":147},"10":{"name":"assertSupportedInstallType","decl":{"start":{"line":162,"column":9},"end":{"line":162,"column":36}},"loc":{"start":{"line":170,"column":46},"end":{"line":183,"column":null}},"line":170},"11":{"name":"runInstallGuard","decl":{"start":{"line":189,"column":9},"end":{"line":189,"column":25}},"loc":{"start":{"line":197,"column":14},"end":{"line":217,"column":null}},"line":197},"12":{"name":"runMaintainerPostinstall","decl":{"start":{"line":223,"column":9},"end":{"line":223,"column":34}},"loc":{"start":{"line":231,"column":14},"end":{"line":236,"column":null}},"line":231},"13":{"name":"runPostinstall","decl":{"start":{"line":242,"column":9},"end":{"line":242,"column":24}},"loc":{"start":{"line":252,"column":14},"end":{"line":262,"column":null}},"line":252}},"branchMap":{"0":{"loc":{"start":{"line":20,"column":1},"end":{"line":22,"column":33}},"type":"cond-expr","locations":[{"start":{"line":21,"column":4},"end":{"line":21,"column":21}},{"start":{"line":22,"column":4},"end":{"line":22,"column":33}}],"line":20},"1":{"loc":{"start":{"line":37,"column":8},"end":{"line":39,"column":null}},"type":"cond-expr","locations":[{"start":{"line":38,"column":4},"end":{"line":38,"column":37}},{"start":{"line":39,"column":4},"end":{"line":39,"column":null}}],"line":37},"2":{"loc":{"start":{"line":52,"column":24},"end":{"line":52,"column":54}},"type":"default-arg","locations":[{"start":{"line":52,"column":38},"end":{"line":52,"column":54}}],"line":52},"3":{"loc":{"start":{"line":55,"column":3},"end":{"line":58,"column":null}},"type":"binary-expr","locations":[{"start":{"line":55,"column":3},"end":{"line":58,"column":12}},{"start":{"line":58,"column":12},"end":{"line":58,"column":null}}],"line":55},"4":{"loc":{"start":{"line":83,"column":48},"end":{"line":87,"column":6}},"type":"default-arg","locations":[{"start":{"line":87,"column":4},"end":{"line":87,"column":6}}],"line":83},"5":{"loc":{"start":{"line":84,"column":1},"end":{"line":84,"column":31}},"type":"default-arg","locations":[{"start":{"line":84,"column":15},"end":{"line":84,"column":31}}],"line":84},"6":{"loc":{"start":{"line":95,"column":40},"end":{"line":101,"column":6}},"type":"default-arg","locations":[{"start":{"line":101,"column":4},"end":{"line":101,"column":6}}],"line":95},"7":{"loc":{"start":{"line":96,"column":1},"end":{"line":96,"column":null}},"type":"default-arg","locations":[{"start":{"line":96,"column":7},"end":{"line":96,"column":null}}],"line":96},"8":{"loc":{"start":{"line":97,"column":1},"end":{"line":97,"column":31}},"type":"default-arg","locations":[{"start":{"line":97,"column":15},"end":{"line":97,"column":31}}],"line":97},"9":{"loc":{"start":{"line":110,"column":2},"end":{"line":111,"column":null}},"type":"if","locations":[{"start":{"line":110,"column":2},"end":{"line":111,"column":null}},{"start":{},"end":{}}],"line":110},"10":{"loc":{"start":{"line":110,"column":6},"end":{"line":110,"column":70}},"type":"binary-expr","locations":[{"start":{"line":110,"column":6},"end":{"line":110,"column":40}},{"start":{"line":110,"column":40},"end":{"line":110,"column":70}}],"line":110},"11":{"loc":{"start":{"line":121,"column":32},"end":{"line":127,"column":6}},"type":"default-arg","locations":[{"start":{"line":127,"column":4},"end":{"line":127,"column":6}}],"line":121},"12":{"loc":{"start":{"line":122,"column":1},"end":{"line":122,"column":null}},"type":"default-arg","locations":[{"start":{"line":122,"column":7},"end":{"line":122,"column":null}}],"line":122},"13":{"loc":{"start":{"line":123,"column":1},"end":{"line":123,"column":31}},"type":"default-arg","locations":[{"start":{"line":123,"column":15},"end":{"line":123,"column":31}}],"line":123},"14":{"loc":{"start":{"line":128,"column":1},"end":{"line":129,"column":null}},"type":"if","locations":[{"start":{"line":128,"column":1},"end":{"line":129,"column":null}},{"start":{},"end":{}}],"line":128},"15":{"loc":{"start":{"line":133,"column":2},"end":{"line":137,"column":67}},"type":"binary-expr","locations":[{"start":{"line":133,"column":2},"end":{"line":133,"column":null}},{"start":{"line":134,"column":2},"end":{"line":135,"column":null}},{"start":{"line":137,"column":2},"end":{"line":137,"column":67}}],"line":133},"16":{"loc":{"start":{"line":148,"column":1},"end":{"line":149,"column":null}},"type":"if","locations":[{"start":{"line":148,"column":1},"end":{"line":149,"column":null}},{"start":{},"end":{}}],"line":148},"17":{"loc":{"start":{"line":152,"column":1},"end":{"line":153,"column":null}},"type":"if","locations":[{"start":{"line":152,"column":1},"end":{"line":153,"column":null}},{"start":{},"end":{}}],"line":152},"18":{"loc":{"start":{"line":173,"column":1},"end":{"line":174,"column":null}},"type":"if","locations":[{"start":{"line":173,"column":1},"end":{"line":174,"column":null}},{"start":{},"end":{}}],"line":173},"19":{"loc":{"start":{"line":189,"column":25},"end":{"line":197,"column":6}},"type":"default-arg","locations":[{"start":{"line":197,"column":4},"end":{"line":197,"column":6}}],"line":189},"20":{"loc":{"start":{"line":190,"column":1},"end":{"line":190,"column":null}},"type":"default-arg","locations":[{"start":{"line":190,"column":7},"end":{"line":190,"column":null}}],"line":190},"21":{"loc":{"start":{"line":191,"column":1},"end":{"line":191,"column":31}},"type":"default-arg","locations":[{"start":{"line":191,"column":15},"end":{"line":191,"column":31}}],"line":191},"22":{"loc":{"start":{"line":192,"column":1},"end":{"line":192,"column":null}},"type":"default-arg","locations":[{"start":{"line":192,"column":10},"end":{"line":192,"column":null}}],"line":192},"23":{"loc":{"start":{"line":204,"column":1},"end":{"line":205,"column":null}},"type":"if","locations":[{"start":{"line":204,"column":1},"end":{"line":205,"column":null}},{"start":{},"end":{}}],"line":204},"24":{"loc":{"start":{"line":223,"column":34},"end":{"line":231,"column":6}},"type":"default-arg","locations":[{"start":{"line":231,"column":4},"end":{"line":231,"column":6}}],"line":223},"25":{"loc":{"start":{"line":224,"column":1},"end":{"line":224,"column":null}},"type":"default-arg","locations":[{"start":{"line":224,"column":7},"end":{"line":224,"column":null}}],"line":224},"26":{"loc":{"start":{"line":225,"column":1},"end":{"line":225,"column":31}},"type":"default-arg","locations":[{"start":{"line":225,"column":15},"end":{"line":225,"column":31}}],"line":225},"27":{"loc":{"start":{"line":226,"column":1},"end":{"line":226,"column":null}},"type":"default-arg","locations":[{"start":{"line":226,"column":14},"end":{"line":226,"column":null}}],"line":226},"28":{"loc":{"start":{"line":232,"column":1},"end":{"line":233,"column":null}},"type":"if","locations":[{"start":{"line":232,"column":1},"end":{"line":233,"column":null}},{"start":{},"end":{}}],"line":232},"29":{"loc":{"start":{"line":242,"column":24},"end":{"line":252,"column":6}},"type":"default-arg","locations":[{"start":{"line":252,"column":4},"end":{"line":252,"column":6}}],"line":242},"30":{"loc":{"start":{"line":243,"column":1},"end":{"line":243,"column":null}},"type":"default-arg","locations":[{"start":{"line":243,"column":7},"end":{"line":243,"column":null}}],"line":243},"31":{"loc":{"start":{"line":244,"column":1},"end":{"line":244,"column":31}},"type":"default-arg","locations":[{"start":{"line":244,"column":15},"end":{"line":244,"column":31}}],"line":244},"32":{"loc":{"start":{"line":245,"column":1},"end":{"line":245,"column":null}},"type":"default-arg","locations":[{"start":{"line":245,"column":10},"end":{"line":245,"column":null}}],"line":245},"33":{"loc":{"start":{"line":246,"column":1},"end":{"line":246,"column":null}},"type":"default-arg","locations":[{"start":{"line":246,"column":14},"end":{"line":246,"column":null}}],"line":246}},"s":{"0":1,"1":2,"2":1,"3":1,"4":0,"5":0,"6":6,"7":5,"8":0,"9":0,"10":0,"11":0,"12":0,"13":0,"14":6,"15":12,"16":6,"17":6,"18":6,"19":6,"20":4,"21":2,"22":6,"23":1,"24":5,"25":7,"26":2,"27":5,"28":3,"29":2,"30":4,"31":4,"32":3,"33":1,"34":3,"35":3,"36":3,"37":2,"38":1,"39":1,"40":1,"41":3,"42":1,"43":2,"44":1,"45":1},"f":{"0":2,"1":0,"2":6,"3":5,"4":0,"5":0,"6":6,"7":12,"8":6,"9":7,"10":4,"11":3,"12":3,"13":1},"b":{"0":[1,0],"1":[0,0],"2":[5],"3":[5,1],"4":[0],"5":[0],"6":[6],"7":[6],"8":[6],"9":[4,2],"10":[6,4],"11":[6],"12":[6],"13":[6],"14":[1,5],"15":[5,4,3],"16":[2,5],"17":[3,2],"18":[3,1],"19":[3],"20":[3],"21":[3],"22":[3],"23":[2,1],"24":[3],"25":[3],"26":[3],"27":[3],"28":[1,2],"29":[1],"30":[1],"31":[1],"32":[1],"33":[1]},"meta":{"lastBranch":34,"lastFunction":14,"lastStatement":46,"seen":{"s:12:6:12:51":0,"f:12:6:12:16":0,"s:12:30:12:51":1,"s:14:24:17:Infinity":2,"s:20:1:22:33":3,"b:21:4:21:21:22:4:22:33":0,"f:35:9:35:34":1,"s:36:23:36:57":4,"s:37:1:39:Infinity":5,"b:38:4:38:37:39:4:39:Infinity":1,"f:45:9:45:22":2,"s:46:1:46:Infinity":6,"f:52:9:52:24":3,"b:52:38:52:54":2,"s:53:1:58:Infinity":7,"b:55:3:58:12:58:12:58:Infinity":3,"f:65:9:65:19":4,"s:66:20:66:84":8,"s:67:17:67:59":9,"s:68:18:68:68":10,"s:73:7:73:89":11,"f:83:9:83:48":5,"b:87:4:87:6":4,"b:84:15:84:31":5,"s:88:1:88:Infinity":12,"s:89:1:89:Infinity":13,"f:95:9:95:40":6,"b:101:4:101:6":6,"b:96:7:96:Infinity":7,"b:97:15:97:31":8,"s:102:24:103:Infinity":14,"f:102:68:102:Infinity":7,"s:103:36:103:53":15,"s:106:1:111:Infinity":16,"s:107:25:107:52":17,"s:108:26:108:67":18,"b:110:2:111:Infinity:undefined:undefined:undefined:undefined":9,"s:110:2:111:Infinity":19,"b:110:6:110:40:110:40:110:70":10,"s:111:3:111:Infinity":20,"s:115:1:115:Infinity":21,"f:121:9:121:32":8,"b:127:4:127:6":11,"b:122:7:122:Infinity":12,"b:123:15:123:31":13,"b:128:1:129:Infinity:undefined:undefined:undefined:undefined":14,"s:128:1:129:Infinity":22,"s:129:2:129:Infinity":23,"s:132:1:137:Infinity":24,"b:133:2:133:Infinity:134:2:135:Infinity:137:2:137:67":15,"f:144:9:144:Infinity":9,"b:148:1:149:Infinity:undefined:undefined:undefined:undefined":16,"s:148:1:149:Infinity":25,"s:149:2:149:Infinity":26,"b:152:1:153:Infinity:undefined:undefined:undefined:undefined":17,"s:152:1:153:Infinity":27,"s:153:2:153:Infinity":28,"s:156:1:156:Infinity":29,"f:162:9:162:36":10,"s:171:24:171:75":30,"b:173:1:174:Infinity:undefined:undefined:undefined:undefined":18,"s:173:1:174:Infinity":31,"s:174:2:174:Infinity":32,"s:177:1:183:Infinity":33,"f:189:9:189:25":11,"b:197:4:197:6":19,"b:190:7:190:Infinity":20,"b:191:15:191:31":21,"b:192:10:192:Infinity":22,"s:198:21:198:48":34,"s:199:33:202:3":35,"b:204:1:205:Infinity:undefined:undefined:undefined:undefined":23,"s:204:1:205:Infinity":36,"s:205:2:205:Infinity":37,"s:208:29:209:Infinity":38,"s:211:1:215:Infinity":39,"s:217:1:217:Infinity":40,"f:223:9:223:34":12,"b:231:4:231:6":24,"b:224:7:224:Infinity":25,"b:225:15:225:31":26,"b:226:14:226:Infinity":27,"b:232:1:233:Infinity:undefined:undefined:undefined:undefined":28,"s:232:1:233:Infinity":41,"s:233:2:233:Infinity":42,"s:236:1:236:Infinity":43,"f:242:9:242:24":13,"b:252:4:252:6":29,"b:243:7:243:Infinity":30,"b:244:15:244:31":31,"b:245:10:245:Infinity":32,"b:246:14:246:Infinity":33,"s:253:1:257:Infinity":44,"s:258:1:262:Infinity":45}}}
,"/home/runner/work/magicmirror-module-sandbox/magicmirror-module-sandbox/bin/preview.ts": {"path":"/home/runner/work/magicmirror-module-sandbox/magicmirror-module-sandbox/bin/preview.ts","statementMap":{"0":{"start":{"line":9,"column":6},"end":{"line":9,"column":51}},"1":{"start":{"line":9,"column":30},"end":{"line":9,"column":51}},"2":{"start":{"line":11,"column":28},"end":{"line":11,"column":null}},"3":{"start":{"line":12,"column":29},"end":{"line":12,"column":null}},"4":{"start":{"line":13,"column":34},"end":{"line":13,"column":null}},"5":{"start":{"line":20,"column":24},"end":{"line":23,"column":null}},"6":{"start":{"line":26,"column":1},"end":{"line":28,"column":33}},"7":{"start":{"line":45,"column":1},"end":{"line":45,"column":null}},"8":{"start":{"line":52,"column":21},"end":{"line":52,"column":54}},"9":{"start":{"line":53,"column":1},"end":{"line":56,"column":null}},"10":{"start":{"line":72,"column":1},"end":{"line":75,"column":null}},"11":{"start":{"line":73,"column":2},"end":{"line":75,"column":null}},"12":{"start":{"line":78,"column":21},"end":{"line":78,"column":54}},"13":{"start":{"line":79,"column":1},"end":{"line":79,"column":null}},"14":{"start":{"line":81,"column":1},"end":{"line":86,"column":null}}},"fnMap":{"0":{"name":"(anonymous_0)","decl":{"start":{"line":9,"column":6},"end":{"line":9,"column":16}},"loc":{"start":{"line":9,"column":30},"end":{"line":9,"column":51}},"line":9},"1":{"name":"getPackageRoot","decl":{"start":{"line":33,"column":9},"end":{"line":33,"column":34}},"loc":{"start":{"line":33,"column":34},"end":{"line":38,"column":null}},"line":33},"2":{"name":"getPreviewModuleRoot","decl":{"start":{"line":44,"column":9},"end":{"line":44,"column":30}},"loc":{"start":{"line":44,"column":70},"end":{"line":45,"column":null}},"line":44},"3":{"name":"hasMaintainerPreviewFixture","decl":{"start":{"line":51,"column":9},"end":{"line":51,"column":37}},"loc":{"start":{"line":51,"column":78},"end":{"line":56,"column":null}},"line":51},"4":{"name":"applyMaintainerPreviewEnv","decl":{"start":{"line":63,"column":9},"end":{"line":63,"column":35}},"loc":{"start":{"line":71,"column":2},"end":{"line":86,"column":null}},"line":71}},"branchMap":{"0":{"loc":{"start":{"line":26,"column":1},"end":{"line":28,"column":33}},"type":"cond-expr","locations":[{"start":{"line":27,"column":4},"end":{"line":27,"column":21}},{"start":{"line":28,"column":4},"end":{"line":28,"column":33}}],"line":26},"1":{"loc":{"start":{"line":44,"column":30},"end":{"line":44,"column":60}},"type":"default-arg","locations":[{"start":{"line":44,"column":44},"end":{"line":44,"column":60}}],"line":44},"2":{"loc":{"start":{"line":51,"column":37},"end":{"line":51,"column":67}},"type":"default-arg","locations":[{"start":{"line":51,"column":51},"end":{"line":51,"column":67}}],"line":51},"3":{"loc":{"start":{"line":54,"column":2},"end":{"line":56,"column":61}},"type":"binary-expr","locations":[{"start":{"line":54,"column":2},"end":{"line":54,"column":55}},{"start":{"line":55,"column":2},"end":{"line":55,"column":57}},{"start":{"line":56,"column":2},"end":{"line":56,"column":61}}],"line":54},"4":{"loc":{"start":{"line":63,"column":35},"end":{"line":66,"column":25}},"type":"default-arg","locations":[{"start":{"line":66,"column":23},"end":{"line":66,"column":25}}],"line":63},"5":{"loc":{"start":{"line":64,"column":1},"end":{"line":64,"column":null}},"type":"default-arg","locations":[{"start":{"line":64,"column":7},"end":{"line":64,"column":null}}],"line":64},"6":{"loc":{"start":{"line":65,"column":1},"end":{"line":65,"column":31}},"type":"default-arg","locations":[{"start":{"line":65,"column":15},"end":{"line":65,"column":31}}],"line":65},"7":{"loc":{"start":{"line":72,"column":1},"end":{"line":75,"column":null}},"type":"if","locations":[{"start":{"line":72,"column":1},"end":{"line":75,"column":null}},{"start":{},"end":{}}],"line":72}},"s":{"0":1,"1":2,"2":1,"3":1,"4":1,"5":1,"6":1,"7":9,"8":5,"9":5,"10":2,"11":1,"12":1,"13":1,"14":1},"f":{"0":2,"1":1,"2":9,"3":5,"4":2},"b":{"0":[1,0],"1":[9],"2":[5],"3":[5,4,3],"4":[2],"5":[2],"6":[2],"7":[1,1]},"meta":{"lastBranch":8,"lastFunction":5,"lastStatement":15,"seen":{"s:9:6:9:51":0,"f:9:6:9:16":0,"s:9:30:9:51":1,"s:11:28:11:Infinity":2,"s:12:29:12:Infinity":3,"s:13:34:13:Infinity":4,"s:20:24:23:Infinity":5,"s:26:1:28:33":6,"b:27:4:27:21:28:4:28:33":0,"f:33:9:33:34":1,"f:44:9:44:30":2,"b:44:44:44:60":1,"s:45:1:45:Infinity":7,"f:51:9:51:37":3,"b:51:51:51:67":2,"s:52:21:52:54":8,"s:53:1:56:Infinity":9,"b:54:2:54:55:55:2:55:57:56:2:56:61":3,"f:63:9:63:35":4,"b:66:23:66:25":4,"b:64:7:64:Infinity":5,"b:65:15:65:31":6,"b:72:1:75:Infinity:undefined:undefined:undefined:undefined":7,"s:72:1:75:Infinity":10,"s:73:2:75:Infinity":11,"s:78:21:78:54":12,"s:79:1:79:Infinity":13,"s:81:1:86:Infinity":14}}}
,"/home/runner/work/magicmirror-module-sandbox/magicmirror-module-sandbox/bin/sync-magicmirror-assets.ts": {"path":"/home/runner/work/magicmirror-module-sandbox/magicmirror-module-sandbox/bin/sync-magicmirror-assets.ts","statementMap":{"0":{"start":{"line":17,"column":36},"end":{"line":17,"column":null}},"1":{"start":{"line":18,"column":6},"end":{"line":18,"column":51}},"2":{"start":{"line":18,"column":30},"end":{"line":18,"column":51}},"3":{"start":{"line":19,"column":24},"end":{"line":22,"column":null}},"4":{"start":{"line":25,"column":1},"end":{"line":27,"column":33}},"5":{"start":{"line":28,"column":6},"end":{"line":31,"column":null}},"6":{"start":{"line":39,"column":23},"end":{"line":39,"column":57}},"7":{"start":{"line":40,"column":1},"end":{"line":42,"column":null}},"8":{"start":{"line":50,"column":26},"end":{"line":50,"column":96}},"9":{"start":{"line":51,"column":1},"end":{"line":52,"column":null}},"10":{"start":{"line":52,"column":2},"end":{"line":52,"column":null}},"11":{"start":{"line":54,"column":30},"end":{"line":56,"column":3}},"12":{"start":{"line":57,"column":1},"end":{"line":57,"column":null}},"13":{"start":{"line":64,"column":1},"end":{"line":66,"column":null}},"14":{"start":{"line":73,"column":1},"end":{"line":73,"column":null}},"15":{"start":{"line":80,"column":22},"end":{"line":80,"column":60}},"16":{"start":{"line":81,"column":1},"end":{"line":82,"column":null}},"17":{"start":{"line":82,"column":2},"end":{"line":82,"column":null}},"18":{"start":{"line":85,"column":1},"end":{"line":96,"column":null}},"19":{"start":{"line":86,"column":17},"end":{"line":86,"column":66}},"20":{"start":{"line":89,"column":2},"end":{"line":94,"column":null}},"21":{"start":{"line":92,"column":6},"end":{"line":92,"column":null}},"22":{"start":{"line":96,"column":2},"end":{"line":96,"column":null}},"23":{"start":{"line":110,"column":22},"end":{"line":110,"column":60}},"24":{"start":{"line":111,"column":15},"end":{"line":113,"column":9}},"25":{"start":{"line":112,"column":28},"end":{"line":112,"column":69}},"26":{"start":{"line":115,"column":1},"end":{"line":119,"column":null}},"27":{"start":{"line":126,"column":1},"end":{"line":127,"column":null}},"28":{"start":{"line":127,"column":2},"end":{"line":127,"column":null}},"29":{"start":{"line":130,"column":1},"end":{"line":133,"column":null}},"30":{"start":{"line":131,"column":2},"end":{"line":133,"column":null}},"31":{"start":{"line":135,"column":1},"end":{"line":137,"column":null}},"32":{"start":{"line":156,"column":28},"end":{"line":156,"column":71}},"33":{"start":{"line":157,"column":1},"end":{"line":161,"column":null}},"34":{"start":{"line":161,"column":2},"end":{"line":161,"column":null}},"35":{"start":{"line":164,"column":23},"end":{"line":164,"column":72}},"36":{"start":{"line":165,"column":1},"end":{"line":175,"column":null}},"37":{"start":{"line":169,"column":22},"end":{"line":169,"column":77}},"38":{"start":{"line":170,"column":2},"end":{"line":170,"column":null}},"39":{"start":{"line":173,"column":2},"end":{"line":175,"column":null}},"40":{"start":{"line":174,"column":30},"end":{"line":174,"column":73}},"41":{"start":{"line":175,"column":3},"end":{"line":175,"column":null}},"42":{"start":{"line":178,"column":1},"end":{"line":181,"column":null}},"43":{"start":{"line":179,"column":2},"end":{"line":181,"column":null}},"44":{"start":{"line":184,"column":23},"end":{"line":184,"column":53}},"45":{"start":{"line":185,"column":25},"end":{"line":185,"column":66}},"46":{"start":{"line":186,"column":28},"end":{"line":186,"column":60}},"47":{"start":{"line":187,"column":1},"end":{"line":190,"column":null}},"48":{"start":{"line":188,"column":2},"end":{"line":190,"column":null}},"49":{"start":{"line":193,"column":1},"end":{"line":195,"column":null}},"50":{"start":{"line":194,"column":2},"end":{"line":194,"column":null}},"51":{"start":{"line":195,"column":2},"end":{"line":195,"column":null}},"52":{"start":{"line":198,"column":1},"end":{"line":198,"column":null}},"53":{"start":{"line":217,"column":1},"end":{"line":232,"column":null}},"54":{"start":{"line":225,"column":3},"end":{"line":231,"column":null}},"55":{"start":{"line":249,"column":1},"end":{"line":263,"column":null}},"56":{"start":{"line":256,"column":3},"end":{"line":262,"column":null}},"57":{"start":{"line":270,"column":1},"end":{"line":275,"column":null}},"58":{"start":{"line":282,"column":1},"end":{"line":282,"column":null}},"59":{"start":{"line":289,"column":1},"end":{"line":289,"column":null}},"60":{"start":{"line":302,"column":28},"end":{"line":302,"column":61}},"61":{"start":{"line":303,"column":20},"end":{"line":303,"column":52}},"62":{"start":{"line":304,"column":25},"end":{"line":304,"column":55}},"63":{"start":{"line":305,"column":26},"end":{"line":305,"column":57}},"64":{"start":{"line":306,"column":21},"end":{"line":306,"column":46}},"65":{"start":{"line":307,"column":22},"end":{"line":307,"column":74}},"66":{"start":{"line":308,"column":22},"end":{"line":308,"column":74}},"67":{"start":{"line":310,"column":1},"end":{"line":310,"column":null}},"68":{"start":{"line":311,"column":1},"end":{"line":311,"column":null}},"69":{"start":{"line":312,"column":1},"end":{"line":312,"column":null}},"70":{"start":{"line":314,"column":18},"end":{"line":319,"column":3}},"71":{"start":{"line":320,"column":24},"end":{"line":325,"column":3}},"72":{"start":{"line":326,"column":17},"end":{"line":331,"column":3}},"73":{"start":{"line":333,"column":1},"end":{"line":339,"column":null}},"74":{"start":{"line":340,"column":1},"end":{"line":348,"column":null}},"75":{"start":{"line":349,"column":1},"end":{"line":352,"column":null}},"76":{"start":{"line":355,"column":15},"end":{"line":357,"column":null}},"77":{"start":{"line":359,"column":0},"end":{"line":366,"column":null}},"78":{"start":{"line":360,"column":1},"end":{"line":366,"column":null}},"79":{"start":{"line":361,"column":2},"end":{"line":361,"column":null}},"80":{"start":{"line":363,"column":2},"end":{"line":365,"column":null}},"81":{"start":{"line":366,"column":2},"end":{"line":366,"column":null}}},"fnMap":{"0":{"name":"(anonymous_0)","decl":{"start":{"line":18,"column":6},"end":{"line":18,"column":16}},"loc":{"start":{"line":18,"column":30},"end":{"line":18,"column":51}},"line":18},"1":{"name":"getPackageRoot","decl":{"start":{"line":38,"column":9},"end":{"line":38,"column":34}},"loc":{"start":{"line":38,"column":34},"end":{"line":42,"column":null}},"line":38},"2":{"name":"resolveMagicMirrorRoot","decl":{"start":{"line":49,"column":9},"end":{"line":49,"column":32}},"loc":{"start":{"line":49,"column":72},"end":{"line":57,"column":null}},"line":49},"3":{"name":"ensureDirectory","decl":{"start":{"line":63,"column":9},"end":{"line":63,"column":25}},"loc":{"start":{"line":63,"column":54},"end":{"line":66,"column":null}},"line":63},"4":{"name":"getManagedAssetManifestPath","decl":{"start":{"line":72,"column":9},"end":{"line":72,"column":37}},"loc":{"start":{"line":72,"column":64},"end":{"line":73,"column":null}},"line":72},"5":{"name":"readManagedAssetManifest","decl":{"start":{"line":79,"column":9},"end":{"line":79,"column":34}},"loc":{"start":{"line":79,"column":63},"end":{"line":96,"column":null}},"line":79},"6":{"name":"(anonymous_6)","decl":{"start":{"line":90,"column":18},"end":{"line":90,"column":null}},"loc":{"start":{"line":92,"column":6},"end":{"line":92,"column":null}},"line":92},"7":{"name":"writeManagedAssetManifest","decl":{"start":{"line":103,"column":9},"end":{"line":103,"column":35}},"loc":{"start":{"line":109,"column":9},"end":{"line":119,"column":null}},"line":109},"8":{"name":"(anonymous_8)","decl":{"start":{"line":112,"column":3},"end":{"line":112,"column":8}},"loc":{"start":{"line":112,"column":28},"end":{"line":112,"column":69}},"line":112},"9":{"name":"clearManagedFontAssets","decl":{"start":{"line":125,"column":9},"end":{"line":125,"column":32}},"loc":{"start":{"line":125,"column":57},"end":{"line":137,"column":null}},"line":125},"10":{"name":"copyReferencedAsset","decl":{"start":{"line":143,"column":9},"end":{"line":143,"column":29}},"loc":{"start":{"line":155,"column":11},"end":{"line":198,"column":null}},"line":155},"11":{"name":"rewriteCssAssetUrls","decl":{"start":{"line":204,"column":9},"end":{"line":204,"column":29}},"loc":{"start":{"line":216,"column":11},"end":{"line":232,"column":null}},"line":216},"12":{"name":"(anonymous_12)","decl":{"start":{"line":224,"column":2},"end":{"line":224,"column":20}},"loc":{"start":{"line":225,"column":3},"end":{"line":231,"column":null}},"line":225},"13":{"name":"inlineCssImports","decl":{"start":{"line":238,"column":9},"end":{"line":238,"column":26}},"loc":{"start":{"line":248,"column":11},"end":{"line":263,"column":null}},"line":248},"14":{"name":"(anonymous_14)","decl":{"start":{"line":255,"column":2},"end":{"line":255,"column":20}},"loc":{"start":{"line":256,"column":3},"end":{"line":262,"column":null}},"line":256},"15":{"name":"minifyCssSource","decl":{"start":{"line":269,"column":9},"end":{"line":269,"column":25}},"loc":{"start":{"line":269,"column":52},"end":{"line":275,"column":null}},"line":269},"16":{"name":"writeGeneratedFile","decl":{"start":{"line":281,"column":9},"end":{"line":281,"column":28}},"loc":{"start":{"line":281,"column":70},"end":{"line":282,"column":null}},"line":281},"17":{"name":"writeGeneratedCssFile","decl":{"start":{"line":288,"column":9},"end":{"line":288,"column":31}},"loc":{"start":{"line":288,"column":73},"end":{"line":289,"column":null}},"line":288},"18":{"name":"syncMagicMirrorAssets","decl":{"start":{"line":295,"column":9},"end":{"line":295,"column":31}},"loc":{"start":{"line":301,"column":14},"end":{"line":352,"column":null}},"line":301}},"branchMap":{"0":{"loc":{"start":{"line":25,"column":1},"end":{"line":27,"column":33}},"type":"cond-expr","locations":[{"start":{"line":26,"column":4},"end":{"line":26,"column":21}},{"start":{"line":27,"column":4},"end":{"line":27,"column":33}}],"line":25},"1":{"loc":{"start":{"line":40,"column":8},"end":{"line":42,"column":null}},"type":"cond-expr","locations":[{"start":{"line":41,"column":4},"end":{"line":41,"column":37}},{"start":{"line":42,"column":4},"end":{"line":42,"column":null}}],"line":40},"2":{"loc":{"start":{"line":49,"column":32},"end":{"line":49,"column":62}},"type":"default-arg","locations":[{"start":{"line":49,"column":46},"end":{"line":49,"column":62}}],"line":49},"3":{"loc":{"start":{"line":51,"column":1},"end":{"line":52,"column":null}},"type":"if","locations":[{"start":{"line":51,"column":1},"end":{"line":52,"column":null}},{"start":{},"end":{}}],"line":51},"4":{"loc":{"start":{"line":81,"column":1},"end":{"line":82,"column":null}},"type":"if","locations":[{"start":{"line":81,"column":1},"end":{"line":82,"column":null}},{"start":{},"end":{}}],"line":81},"5":{"loc":{"start":{"line":89,"column":9},"end":{"line":94,"column":7}},"type":"cond-expr","locations":[{"start":{"line":90,"column":5},"end":{"line":92,"column":null}},{"start":{"line":94,"column":5},"end":{"line":94,"column":7}}],"line":89},"6":{"loc":{"start":{"line":126,"column":1},"end":{"line":127,"column":null}},"type":"if","locations":[{"start":{"line":126,"column":1},"end":{"line":127,"column":null}},{"start":{},"end":{}}],"line":126},"7":{"loc":{"start":{"line":147,"column":1},"end":{"line":147,"column":31}},"type":"default-arg","locations":[{"start":{"line":147,"column":15},"end":{"line":147,"column":31}}],"line":147},"8":{"loc":{"start":{"line":148,"column":1},"end":{"line":148,"column":40}},"type":"default-arg","locations":[{"start":{"line":148,"column":15},"end":{"line":148,"column":40}}],"line":148},"9":{"loc":{"start":{"line":157,"column":1},"end":{"line":161,"column":null}},"type":"if","locations":[{"start":{"line":157,"column":1},"end":{"line":161,"column":null}},{"start":{},"end":{}}],"line":157},"10":{"loc":{"start":{"line":158,"column":2},"end":{"line":159,"column":54}},"type":"binary-expr","locations":[{"start":{"line":158,"column":2},"end":{"line":158,"column":null}},{"start":{"line":159,"column":2},"end":{"line":159,"column":54}}],"line":158},"11":{"loc":{"start":{"line":165,"column":1},"end":{"line":175,"column":null}},"type":"if","locations":[{"start":{"line":165,"column":1},"end":{"line":175,"column":null}},{"start":{},"end":{}}],"line":165},"12":{"loc":{"start":{"line":166,"column":2},"end":{"line":167,"column":51}},"type":"binary-expr","locations":[{"start":{"line":166,"column":2},"end":{"line":166,"column":33}},{"start":{"line":167,"column":2},"end":{"line":167,"column":51}}],"line":166},"13":{"loc":{"start":{"line":173,"column":2},"end":{"line":175,"column":null}},"type":"if","locations":[{"start":{"line":173,"column":2},"end":{"line":175,"column":null}},{"start":{},"end":{}}],"line":173},"14":{"loc":{"start":{"line":178,"column":1},"end":{"line":181,"column":null}},"type":"if","locations":[{"start":{"line":178,"column":1},"end":{"line":181,"column":null}},{"start":{},"end":{}}],"line":178},"15":{"loc":{"start":{"line":187,"column":1},"end":{"line":190,"column":null}},"type":"if","locations":[{"start":{"line":187,"column":1},"end":{"line":190,"column":null}},{"start":{},"end":{}}],"line":187},"16":{"loc":{"start":{"line":187,"column":5},"end":{"line":187,"column":67}},"type":"binary-expr","locations":[{"start":{"line":187,"column":5},"end":{"line":187,"column":27}},{"start":{"line":187,"column":27},"end":{"line":187,"column":67}}],"line":187},"17":{"loc":{"start":{"line":193,"column":1},"end":{"line":195,"column":null}},"type":"if","locations":[{"start":{"line":193,"column":1},"end":{"line":195,"column":null}},{"start":{},"end":{}}],"line":193},"18":{"loc":{"start":{"line":208,"column":1},"end":{"line":208,"column":31}},"type":"default-arg","locations":[{"start":{"line":208,"column":15},"end":{"line":208,"column":31}}],"line":208},"19":{"loc":{"start":{"line":209,"column":1},"end":{"line":209,"column":40}},"type":"default-arg","locations":[{"start":{"line":209,"column":15},"end":{"line":209,"column":40}}],"line":209},"20":{"loc":{"start":{"line":241,"column":1},"end":{"line":241,"column":31}},"type":"default-arg","locations":[{"start":{"line":241,"column":15},"end":{"line":241,"column":31}}],"line":241},"21":{"loc":{"start":{"line":242,"column":1},"end":{"line":242,"column":40}},"type":"default-arg","locations":[{"start":{"line":242,"column":15},"end":{"line":242,"column":40}}],"line":242},"22":{"loc":{"start":{"line":295,"column":31},"end":{"line":301,"column":6}},"type":"default-arg","locations":[{"start":{"line":301,"column":4},"end":{"line":301,"column":6}}],"line":295},"23":{"loc":{"start":{"line":296,"column":1},"end":{"line":296,"column":31}},"type":"default-arg","locations":[{"start":{"line":296,"column":15},"end":{"line":296,"column":31}}],"line":296},"24":{"loc":{"start":{"line":297,"column":1},"end":{"line":297,"column":54}},"type":"default-arg","locations":[{"start":{"line":297,"column":19},"end":{"line":297,"column":54}}],"line":297},"25":{"loc":{"start":{"line":355,"column":15},"end":{"line":357,"column":null}},"type":"cond-expr","locations":[{"start":{"line":356,"column":3},"end":{"line":356,"column":null}},{"start":{"line":357,"column":3},"end":{"line":357,"column":null}}],"line":355},"26":{"loc":{"start":{"line":359,"column":0},"end":{"line":366,"column":null}},"type":"if","locations":[{"start":{"line":359,"column":0},"end":{"line":366,"column":null}},{"start":{},"end":{}}],"line":359},"27":{"loc":{"start":{"line":364,"column":6},"end":{"line":364,"column":60}},"type":"cond-expr","locations":[{"start":{"line":364,"column":31},"end":{"line":364,"column":47}},{"start":{"line":364,"column":47},"end":{"line":364,"column":60}}],"line":364}},"s":{"0":1,"1":1,"2":3,"3":1,"4":1,"5":1,"6":2,"7":2,"8":1,"9":1,"10":1,"11":0,"12":0,"13":2,"14":10,"15":4,"16":4,"17":1,"18":3,"19":3,"20":3,"21":3,"22":0,"23":2,"24":2,"25":3,"26":2,"27":3,"28":1,"29":2,"30":1,"31":2,"32":9,"33":9,"34":1,"35":8,"36":8,"37":1,"38":1,"39":1,"40":0,"41":0,"42":8,"43":1,"44":7,"45":7,"46":7,"47":7,"48":1,"49":6,"50":5,"51":5,"52":6,"53":1,"54":1,"55":3,"56":2,"57":2,"58":2,"59":2,"60":1,"61":1,"62":1,"63":1,"64":1,"65":1,"66":1,"67":1,"68":1,"69":1,"70":1,"71":1,"72":1,"73":1,"74":1,"75":1,"76":1,"77":1,"78":0,"79":0,"80":0,"81":0},"f":{"0":3,"1":2,"2":1,"3":2,"4":10,"5":4,"6":3,"7":2,"8":3,"9":3,"10":9,"11":1,"12":1,"13":3,"14":2,"15":2,"16":2,"17":2,"18":1},"b":{"0":[1,0],"1":[0,2],"2":[1],"3":[1,0],"4":[1,3],"5":[2,1],"6":[1,2],"7":[9],"8":[9],"9":[1,8],"10":[9,9],"11":[1,7],"12":[8,2],"13":[0,1],"14":[1,7],"15":[1,6],"16":[7,2],"17":[5,1],"18":[1],"19":[1],"20":[3],"21":[3],"22":[1],"23":[1],"24":[1],"25":[1,0],"26":[0,1],"27":[0,0]},"meta":{"lastBranch":28,"lastFunction":19,"lastStatement":82,"seen":{"s:17:36:17:Infinity":0,"s:18:6:18:51":1,"f:18:6:18:16":0,"s:18:30:18:51":2,"s:19:24:22:Infinity":3,"s:25:1:27:33":4,"b:26:4:26:21:27:4:27:33":0,"s:28:6:31:Infinity":5,"f:38:9:38:34":1,"s:39:23:39:57":6,"s:40:1:42:Infinity":7,"b:41:4:41:37:42:4:42:Infinity":1,"f:49:9:49:32":2,"b:49:46:49:62":2,"s:50:26:50:96":8,"b:51:1:52:Infinity:undefined:undefined:undefined:undefined":3,"s:51:1:52:Infinity":9,"s:52:2:52:Infinity":10,"s:54:30:56:3":11,"s:57:1:57:Infinity":12,"f:63:9:63:25":3,"s:64:1:66:Infinity":13,"f:72:9:72:37":4,"s:73:1:73:Infinity":14,"f:79:9:79:34":5,"s:80:22:80:60":15,"b:81:1:82:Infinity:undefined:undefined:undefined:undefined":4,"s:81:1:82:Infinity":16,"s:82:2:82:Infinity":17,"s:85:1:96:Infinity":18,"s:86:17:86:66":19,"s:89:2:94:Infinity":20,"b:90:5:92:Infinity:94:5:94:7":5,"f:90:18:90:Infinity":6,"s:92:6:92:Infinity":21,"s:96:2:96:Infinity":22,"f:103:9:103:35":7,"s:110:22:110:60":23,"s:111:15:113:9":24,"f:112:3:112:8":8,"s:112:28:112:69":25,"s:115:1:119:Infinity":26,"f:125:9:125:32":9,"b:126:1:127:Infinity:undefined:undefined:undefined:undefined":6,"s:126:1:127:Infinity":27,"s:127:2:127:Infinity":28,"s:130:1:133:Infinity":29,"s:131:2:133:Infinity":30,"s:135:1:137:Infinity":31,"f:143:9:143:29":10,"b:147:15:147:31":7,"b:148:15:148:40":8,"s:156:28:156:71":32,"b:157:1:161:Infinity:undefined:undefined:undefined:undefined":9,"s:157:1:161:Infinity":33,"b:158:2:158:Infinity:159:2:159:54":10,"s:161:2:161:Infinity":34,"s:164:23:164:72":35,"b:165:1:175:Infinity:undefined:undefined:undefined:undefined":11,"s:165:1:175:Infinity":36,"b:166:2:166:33:167:2:167:51":12,"s:169:22:169:77":37,"s:170:2:170:Infinity":38,"b:173:2:175:Infinity:undefined:undefined:undefined:undefined":13,"s:173:2:175:Infinity":39,"s:174:30:174:73":40,"s:175:3:175:Infinity":41,"b:178:1:181:Infinity:undefined:undefined:undefined:undefined":14,"s:178:1:181:Infinity":42,"s:179:2:181:Infinity":43,"s:184:23:184:53":44,"s:185:25:185:66":45,"s:186:28:186:60":46,"b:187:1:190:Infinity:undefined:undefined:undefined:undefined":15,"s:187:1:190:Infinity":47,"b:187:5:187:27:187:27:187:67":16,"s:188:2:190:Infinity":48,"b:193:1:195:Infinity:undefined:undefined:undefined:undefined":17,"s:193:1:195:Infinity":49,"s:194:2:194:Infinity":50,"s:195:2:195:Infinity":51,"s:198:1:198:Infinity":52,"f:204:9:204:29":11,"b:208:15:208:31":18,"b:209:15:209:40":19,"s:217:1:232:Infinity":53,"f:224:2:224:20":12,"s:225:3:231:Infinity":54,"f:238:9:238:26":13,"b:241:15:241:31":20,"b:242:15:242:40":21,"s:249:1:263:Infinity":55,"f:255:2:255:20":14,"s:256:3:262:Infinity":56,"f:269:9:269:25":15,"s:270:1:275:Infinity":57,"f:281:9:281:28":16,"s:282:1:282:Infinity":58,"f:288:9:288:31":17,"s:289:1:289:Infinity":59,"f:295:9:295:31":18,"b:301:4:301:6":22,"b:296:15:296:31":23,"b:297:19:297:54":24,"s:302:28:302:61":60,"s:303:20:303:52":61,"s:304:25:304:55":62,"s:305:26:305:57":63,"s:306:21:306:46":64,"s:307:22:307:74":65,"s:308:22:308:74":66,"s:310:1:310:Infinity":67,"s:311:1:311:Infinity":68,"s:312:1:312:Infinity":69,"s:314:18:319:3":70,"s:320:24:325:3":71,"s:326:17:331:3":72,"s:333:1:339:Infinity":73,"s:340:1:348:Infinity":74,"s:349:1:352:Infinity":75,"s:355:15:357:Infinity":76,"b:356:3:356:Infinity:357:3:357:Infinity":25,"b:359:0:366:Infinity:undefined:undefined:undefined:undefined":26,"s:359:0:366:Infinity":77,"s:360:1:366:Infinity":78,"s:361:2:361:Infinity":79,"s:363:2:365:Infinity":80,"b:364:31:364:47:364:47:364:60":27,"s:366:2:366:Infinity":81}}}
,"/home/runner/work/magicmirror-module-sandbox/magicmirror-module-sandbox/bin/helpers/css-bundler.ts": {"path":"/home/runner/work/magicmirror-module-sandbox/magicmirror-module-sandbox/bin/helpers/css-bundler.ts","statementMap":{"0":{"start":{"line":47,"column":6},"end":{"line":47,"column":51}},"1":{"start":{"line":47,"column":30},"end":{"line":47,"column":51}},"2":{"start":{"line":48,"column":24},"end":{"line":51,"column":null}},"3":{"start":{"line":54,"column":1},"end":{"line":56,"column":33}},"4":{"start":{"line":57,"column":6},"end":{"line":60,"column":null}},"5":{"start":{"line":66,"column":18},"end":{"line":66,"column":58}},"6":{"start":{"line":67,"column":21},"end":{"line":69,"column":3}},"7":{"start":{"line":70,"column":1},"end":{"line":70,"column":null}},"8":{"start":{"line":83,"column":1},"end":{"line":83,"column":null}},"9":{"start":{"line":96,"column":1},"end":{"line":96,"column":null}},"10":{"start":{"line":103,"column":1},"end":{"line":103,"column":null}},"11":{"start":{"line":116,"column":17},"end":{"line":116,"column":40}},"12":{"start":{"line":117,"column":25},"end":{"line":117,"column":66}},"13":{"start":{"line":118,"column":22},"end":{"line":120,"column":null}},"14":{"start":{"line":119,"column":2},"end":{"line":119,"column":null}},"15":{"start":{"line":121,"column":1},"end":{"line":124,"column":null}},"16":{"start":{"line":122,"column":2},"end":{"line":124,"column":null}},"17":{"start":{"line":127,"column":20},"end":{"line":131,"column":9}},"18":{"start":{"line":128,"column":21},"end":{"line":128,"column":44}},"19":{"start":{"line":129,"column":18},"end":{"line":129,"column":41}},"20":{"start":{"line":132,"column":1},"end":{"line":135,"column":null}},"21":{"start":{"line":133,"column":2},"end":{"line":135,"column":null}},"22":{"start":{"line":138,"column":1},"end":{"line":138,"column":null}},"23":{"start":{"line":153,"column":26},"end":{"line":153,"column":66}},"24":{"start":{"line":154,"column":1},"end":{"line":162,"column":null}},"25":{"start":{"line":158,"column":2},"end":{"line":162,"column":null}},"26":{"start":{"line":164,"column":1},"end":{"line":167,"column":null}},"27":{"start":{"line":165,"column":2},"end":{"line":167,"column":null}},"28":{"start":{"line":170,"column":1},"end":{"line":170,"column":null}},"29":{"start":{"line":187,"column":17},"end":{"line":187,"column":40}},"30":{"start":{"line":188,"column":1},"end":{"line":196,"column":null}},"31":{"start":{"line":194,"column":3},"end":{"line":194,"column":null}},"32":{"start":{"line":213,"column":17},"end":{"line":213,"column":40}},"33":{"start":{"line":214,"column":13},"end":{"line":220,"column":null}},"34":{"start":{"line":222,"column":1},"end":{"line":227,"column":null}},"35":{"start":{"line":228,"column":1},"end":{"line":231,"column":null}},"36":{"start":{"line":248,"column":27},"end":{"line":248,"column":53}},"37":{"start":{"line":249,"column":1},"end":{"line":250,"column":null}},"38":{"start":{"line":250,"column":2},"end":{"line":250,"column":null}},"39":{"start":{"line":252,"column":1},"end":{"line":252,"column":null}},"40":{"start":{"line":254,"column":19},"end":{"line":254,"column":61}},"41":{"start":{"line":255,"column":13},"end":{"line":258,"column":3}},"42":{"start":{"line":260,"column":2},"end":{"line":262,"column":7}},"43":{"start":{"line":263,"column":25},"end":{"line":263,"column":56}},"44":{"start":{"line":265,"column":21},"end":{"line":282,"column":18}},"45":{"start":{"line":268,"column":3},"end":{"line":280,"column":null}},"46":{"start":{"line":284,"column":18},"end":{"line":298,"column":18}},"47":{"start":{"line":285,"column":20},"end":{"line":285,"column":39}},"48":{"start":{"line":287,"column":3},"end":{"line":292,"column":null}},"49":{"start":{"line":293,"column":3},"end":{"line":296,"column":null}},"50":{"start":{"line":300,"column":1},"end":{"line":300,"column":null}}},"fnMap":{"0":{"name":"(anonymous_0)","decl":{"start":{"line":47,"column":6},"end":{"line":47,"column":16}},"loc":{"start":{"line":47,"column":30},"end":{"line":47,"column":51}},"line":47},"1":{"name":"getCssTree","decl":{"start":{"line":65,"column":9},"end":{"line":65,"column":20}},"loc":{"start":{"line":65,"column":56},"end":{"line":70,"column":null}},"line":65},"2":{"name":"parseStylesheet","decl":{"start":{"line":76,"column":9},"end":{"line":76,"column":25}},"loc":{"start":{"line":82,"column":21},"end":{"line":83,"column":null}},"line":82},"3":{"name":"generateCss","decl":{"start":{"line":89,"column":9},"end":{"line":89,"column":21}},"loc":{"start":{"line":95,"column":11},"end":{"line":96,"column":null}},"line":95},"4":{"name":"isImportRule","decl":{"start":{"line":102,"column":9},"end":{"line":102,"column":22}},"loc":{"start":{"line":102,"column":46},"end":{"line":103,"column":null}},"line":102},"5":{"name":"getImportUrl","decl":{"start":{"line":109,"column":9},"end":{"line":109,"column":22}},"loc":{"start":{"line":115,"column":11},"end":{"line":138,"column":null}},"line":115},"6":{"name":"(anonymous_6)","decl":{"start":{"line":118,"column":38},"end":{"line":118,"column":44}},"loc":{"start":{"line":118,"column":54},"end":{"line":120,"column":null}},"line":118},"7":{"name":"(anonymous_7)","decl":{"start":{"line":128,"column":3},"end":{"line":128,"column":11}},"loc":{"start":{"line":128,"column":21},"end":{"line":128,"column":44}},"line":128},"8":{"name":"(anonymous_8)","decl":{"start":{"line":129,"column":3},"end":{"line":129,"column":8}},"loc":{"start":{"line":129,"column":18},"end":{"line":129,"column":41}},"line":129},"9":{"name":"resolveImportedStylesheetPath","decl":{"start":{"line":144,"column":9},"end":{"line":144,"column":39}},"loc":{"start":{"line":152,"column":11},"end":{"line":170,"column":null}},"line":152},"10":{"name":"rewriteParsedAssetUrls","decl":{"start":{"line":176,"column":9},"end":{"line":176,"column":32}},"loc":{"start":{"line":186,"column":9},"end":{"line":196,"column":null}},"line":186},"11":{"name":"(anonymous_11)","decl":{"start":{"line":193,"column":2},"end":{"line":193,"column":8}},"loc":{"start":{"line":193,"column":14},"end":{"line":194,"column":null}},"line":193},"12":{"name":"rewriteCssAssetUrls","decl":{"start":{"line":202,"column":9},"end":{"line":202,"column":29}},"loc":{"start":{"line":212,"column":11},"end":{"line":231,"column":null}},"line":212},"13":{"name":"inlineAndRewriteStylesheet","decl":{"start":{"line":237,"column":9},"end":{"line":237,"column":36}},"loc":{"start":{"line":247,"column":11},"end":{"line":300,"column":null}},"line":247},"14":{"name":"(anonymous_14)","decl":{"start":{"line":267,"column":3},"end":{"line":267,"column":8}},"loc":{"start":{"line":267,"column":17},"end":{"line":281,"column":null}},"line":267},"15":{"name":"(anonymous_15)","decl":{"start":{"line":285,"column":3},"end":{"line":285,"column":11}},"loc":{"start":{"line":285,"column":20},"end":{"line":285,"column":39}},"line":285},"16":{"name":"(anonymous_16)","decl":{"start":{"line":286,"column":3},"end":{"line":286,"column":8}},"loc":{"start":{"line":286,"column":17},"end":{"line":297,"column":null}},"line":286}},"branchMap":{"0":{"loc":{"start":{"line":54,"column":1},"end":{"line":56,"column":33}},"type":"cond-expr","locations":[{"start":{"line":55,"column":4},"end":{"line":55,"column":21}},{"start":{"line":56,"column":4},"end":{"line":56,"column":33}}],"line":54},"1":{"loc":{"start":{"line":103,"column":8},"end":{"line":103,"column":null}},"type":"binary-expr","locations":[{"start":{"line":103,"column":8},"end":{"line":103,"column":21}},{"start":{"line":103,"column":25},"end":{"line":103,"column":51}},{"start":{"line":103,"column":51},"end":{"line":103,"column":null}}],"line":103},"2":{"loc":{"start":{"line":117,"column":25},"end":{"line":117,"column":66}},"type":"binary-expr","locations":[{"start":{"line":117,"column":25},"end":{"line":117,"column":60}},{"start":{"line":117,"column":64},"end":{"line":117,"column":66}}],"line":117},"3":{"loc":{"start":{"line":119,"column":9},"end":{"line":119,"column":null}},"type":"binary-expr","locations":[{"start":{"line":119,"column":9},"end":{"line":119,"column":33}},{"start":{"line":119,"column":33},"end":{"line":119,"column":null}}],"line":119},"4":{"loc":{"start":{"line":121,"column":1},"end":{"line":124,"column":null}},"type":"if","locations":[{"start":{"line":121,"column":1},"end":{"line":124,"column":null}},{"start":{},"end":{}}],"line":121},"5":{"loc":{"start":{"line":132,"column":1},"end":{"line":135,"column":null}},"type":"if","locations":[{"start":{"line":132,"column":1},"end":{"line":135,"column":null}},{"start":{},"end":{}}],"line":132},"6":{"loc":{"start":{"line":154,"column":1},"end":{"line":162,"column":null}},"type":"if","locations":[{"start":{"line":154,"column":1},"end":{"line":162,"column":null}},{"start":{},"end":{}}],"line":154},"7":{"loc":{"start":{"line":155,"column":2},"end":{"line":156,"column":42}},"type":"binary-expr","locations":[{"start":{"line":155,"column":2},"end":{"line":155,"column":36}},{"start":{"line":156,"column":2},"end":{"line":156,"column":42}}],"line":155},"8":{"loc":{"start":{"line":164,"column":1},"end":{"line":167,"column":null}},"type":"if","locations":[{"start":{"line":164,"column":1},"end":{"line":167,"column":null}},{"start":{},"end":{}}],"line":164},"9":{"loc":{"start":{"line":194,"column":32},"end":{"line":194,"column":50}},"type":"binary-expr","locations":[{"start":{"line":194,"column":32},"end":{"line":194,"column":46}},{"start":{"line":194,"column":46},"end":{"line":194,"column":50}}],"line":194},"10":{"loc":{"start":{"line":216,"column":2},"end":{"line":219,"column":null}},"type":"cond-expr","locations":[{"start":{"line":217,"column":5},"end":{"line":217,"column":null}},{"start":{"line":218,"column":5},"end":{"line":219,"column":null}}],"line":216},"11":{"loc":{"start":{"line":216,"column":2},"end":{"line":216,"column":49}},"type":"binary-expr","locations":[{"start":{"line":216,"column":2},"end":{"line":216,"column":22}},{"start":{"line":216,"column":26},"end":{"line":216,"column":49}}],"line":216},"12":{"loc":{"start":{"line":241,"column":1},"end":{"line":241,"column":39}},"type":"default-arg","locations":[{"start":{"line":241,"column":22},"end":{"line":241,"column":39}}],"line":241},"13":{"loc":{"start":{"line":249,"column":1},"end":{"line":250,"column":null}},"type":"if","locations":[{"start":{"line":249,"column":1},"end":{"line":250,"column":null}},{"start":{},"end":{}}],"line":249},"14":{"loc":{"start":{"line":260,"column":2},"end":{"line":262,"column":7}},"type":"cond-expr","locations":[{"start":{"line":261,"column":5},"end":{"line":261,"column":27}},{"start":{"line":262,"column":5},"end":{"line":262,"column":7}}],"line":260},"15":{"loc":{"start":{"line":260,"column":2},"end":{"line":260,"column":null}},"type":"binary-expr","locations":[{"start":{"line":260,"column":2},"end":{"line":260,"column":23}},{"start":{"line":260,"column":23},"end":{"line":260,"column":null}}],"line":260}},"s":{"0":2,"1":4,"2":2,"3":2,"4":2,"5":64,"6":64,"7":64,"8":16,"9":17,"10":42,"11":9,"12":9,"13":9,"14":8,"15":9,"16":1,"17":8,"18":9,"19":1,"20":8,"21":1,"22":7,"23":7,"24":7,"25":2,"26":7,"27":1,"28":6,"29":17,"30":17,"31":6,"32":5,"33":5,"34":5,"35":5,"36":18,"37":18,"38":2,"39":16,"40":16,"41":16,"42":16,"43":18,"44":18,"45":9,"46":18,"47":18,"48":12,"49":12,"50":18},"f":{"0":4,"1":64,"2":16,"3":17,"4":42,"5":9,"6":8,"7":9,"8":1,"9":7,"10":17,"11":6,"12":5,"13":18,"14":9,"15":18,"16":12},"b":{"0":[2,0],"1":[42,42,19],"2":[9,1],"3":[8,5],"4":[1,8],"5":[1,7],"6":[2,5],"7":[7,3],"8":[1,6],"9":[6,0],"10":[3,2],"11":[5,2],"12":[18],"13":[2,16],"14":[16,0],"15":[16,16]},"meta":{"lastBranch":16,"lastFunction":17,"lastStatement":51,"seen":{"s:47:6:47:51":0,"f:47:6:47:16":0,"s:47:30:47:51":1,"s:48:24:51:Infinity":2,"s:54:1:56:33":3,"b:55:4:55:21:56:4:56:33":0,"s:57:6:60:Infinity":4,"f:65:9:65:20":1,"s:66:18:66:58":5,"s:67:21:69:3":6,"s:70:1:70:Infinity":7,"f:76:9:76:25":2,"s:83:1:83:Infinity":8,"f:89:9:89:21":3,"s:96:1:96:Infinity":9,"f:102:9:102:22":4,"s:103:1:103:Infinity":10,"b:103:8:103:21:103:25:103:51:103:51:103:Infinity":1,"f:109:9:109:22":5,"s:116:17:116:40":11,"s:117:25:117:66":12,"b:117:25:117:60:117:64:117:66":2,"s:118:22:120:Infinity":13,"f:118:38:118:44":6,"s:119:2:119:Infinity":14,"b:119:9:119:33:119:33:119:Infinity":3,"b:121:1:124:Infinity:undefined:undefined:undefined:undefined":4,"s:121:1:124:Infinity":15,"s:122:2:124:Infinity":16,"s:127:20:131:9":17,"f:128:3:128:11":7,"s:128:21:128:44":18,"f:129:3:129:8":8,"s:129:18:129:41":19,"b:132:1:135:Infinity:undefined:undefined:undefined:undefined":5,"s:132:1:135:Infinity":20,"s:133:2:135:Infinity":21,"s:138:1:138:Infinity":22,"f:144:9:144:39":9,"s:153:26:153:66":23,"b:154:1:162:Infinity:undefined:undefined:undefined:undefined":6,"s:154:1:162:Infinity":24,"b:155:2:155:36:156:2:156:42":7,"s:158:2:162:Infinity":25,"b:164:1:167:Infinity:undefined:undefined:undefined:undefined":8,"s:164:1:167:Infinity":26,"s:165:2:167:Infinity":27,"s:170:1:170:Infinity":28,"f:176:9:176:32":10,"s:187:17:187:40":29,"s:188:1:196:Infinity":30,"f:193:2:193:8":11,"s:194:3:194:Infinity":31,"b:194:32:194:46:194:46:194:50":9,"f:202:9:202:29":12,"s:213:17:213:40":32,"s:214:13:220:Infinity":33,"b:217:5:217:Infinity:218:5:219:Infinity":10,"b:216:2:216:22:216:26:216:49":11,"s:222:1:227:Infinity":34,"s:228:1:231:Infinity":35,"f:237:9:237:36":13,"b:241:22:241:39":12,"s:248:27:248:53":36,"b:249:1:250:Infinity:undefined:undefined:undefined:undefined":13,"s:249:1:250:Infinity":37,"s:250:2:250:Infinity":38,"s:252:1:252:Infinity":39,"s:254:19:254:61":40,"s:255:13:258:3":41,"s:260:2:262:7":42,"b:261:5:261:27:262:5:262:7":14,"b:260:2:260:23:260:23:260:Infinity":15,"s:263:25:263:56":43,"s:265:21:282:18":44,"f:267:3:267:8":14,"s:268:3:280:Infinity":45,"s:284:18:298:18":46,"f:285:3:285:11":15,"s:285:20:285:39":47,"f:286:3:286:8":16,"s:287:3:292:Infinity":48,"s:293:3:296:Infinity":49,"s:300:1:300:Infinity":50}}}
,"/home/runner/work/magicmirror-module-sandbox/magicmirror-module-sandbox/client/app/components/Footer.tsx": {"path":"/home/runner/work/magicmirror-module-sandbox/magicmirror-module-sandbox/client/app/components/Footer.tsx","statementMap":{"0":{"start":{"line":16,"column":1},"end":{"line":49,"column":null}}},"fnMap":{"0":{"name":"Footer","decl":{"start":{"line":15,"column":16},"end":{"line":15,"column":23}},"loc":{"start":{"line":15,"column":49},"end":{"line":49,"column":null}},"line":15}},"branchMap":{"0":{"loc":{"start":{"line":28,"column":5},"end":{"line":37,"column":null}},"type":"binary-expr","locations":[{"start":{"line":28,"column":5},"end":{"line":28,"column":null}},{"start":{"line":29,"column":5},"end":{"line":37,"column":null}}],"line":28}},"s":{"0":1},"f":{"0":1},"b":{"0":[1,1]},"meta":{"lastBranch":1,"lastFunction":1,"lastStatement":1,"seen":{"f:15:16:15:23":0,"s:16:1:49:Infinity":0,"b:28:5:28:Infinity:29:5:37:Infinity":0}}}
,"/home/runner/work/magicmirror-module-sandbox/magicmirror-module-sandbox/client/app/components/Sidebar.tsx": {"path":"/home/runner/work/magicmirror-module-sandbox/magicmirror-module-sandbox/client/app/components/Sidebar.tsx","statementMap":{"0":{"start":{"line":15,"column":18},"end":{"line":23,"column":null}},"1":{"start":{"line":26,"column":14},"end":{"line":26,"column":40}},"2":{"start":{"line":27,"column":22},"end":{"line":27,"column":60}},"3":{"start":{"line":28,"column":7},"end":{"line":28,"column":50}},"4":{"start":{"line":30,"column":1},"end":{"line":60,"column":null}},"5":{"start":{"line":32,"column":3},"end":{"line":36,"column":null}},"6":{"start":{"line":36,"column":4},"end":{"line":36,"column":null}},"7":{"start":{"line":39,"column":2},"end":{"line":39,"column":null}},"8":{"start":{"line":42,"column":19},"end":{"line":48,"column":null}},"9":{"start":{"line":43,"column":3},"end":{"line":43,"column":null}},"10":{"start":{"line":43,"column":30},"end":{"line":43,"column":null}},"11":{"start":{"line":44,"column":18},"end":{"line":45,"column":null}},"12":{"start":{"line":47,"column":3},"end":{"line":47,"column":null}},"13":{"start":{"line":49,"column":2},"end":{"line":53,"column":null}},"14":{"start":{"line":50,"column":3},"end":{"line":53,"column":null}},"15":{"start":{"line":56,"column":2},"end":{"line":58,"column":null}},"16":{"start":{"line":57,"column":3},"end":{"line":57,"column":null}},"17":{"start":{"line":58,"column":3},"end":{"line":58,"column":null}},"18":{"start":{"line":62,"column":20},"end":{"line":62,"column":70}},"19":{"start":{"line":62,"column":45},"end":{"line":62,"column":70}},"20":{"start":{"line":64,"column":1},"end":{"line":95,"column":null}},"21":{"start":{"line":70,"column":19},"end":{"line":70,"column":37}},"22":{"start":{"line":70,"column":34},"end":{"line":70,"column":37}},"23":{"start":{"line":84,"column":5},"end":{"line":92,"column":null}},"24":{"start":{"line":89,"column":21},"end":{"line":89,"column":35}},"25":{"start":{"line":108,"column":1},"end":{"line":118,"column":null}}},"fnMap":{"0":{"name":"DomainNav","decl":{"start":{"line":25,"column":9},"end":{"line":25,"column":21}},"loc":{"start":{"line":25,"column":21},"end":{"line":95,"column":null}},"line":25},"1":{"name":"(anonymous_1)","decl":{"start":{"line":30,"column":1},"end":{"line":30,"column":17}},"loc":{"start":{"line":30,"column":17},"end":{"line":60,"column":6}},"line":30},"2":{"name":"handleClickOutside","decl":{"start":{"line":31,"column":11},"end":{"line":31,"column":30}},"loc":{"start":{"line":31,"column":45},"end":{"line":36,"column":null}},"line":31},"3":{"name":"(anonymous_3)","decl":{"start":{"line":42,"column":23},"end":{"line":42,"column":46}},"loc":{"start":{"line":42,"column":46},"end":{"line":48,"column":null}},"line":42},"4":{"name":"(anonymous_4)","decl":{"start":{"line":56,"column":2},"end":{"line":56,"column":15}},"loc":{"start":{"line":56,"column":15},"end":{"line":58,"column":null}},"line":56},"5":{"name":"(anonymous_5)","decl":{"start":{"line":62,"column":30},"end":{"line":62,"column":36}},"loc":{"start":{"line":62,"column":45},"end":{"line":62,"column":70}},"line":62},"6":{"name":"(anonymous_6)","decl":{"start":{"line":70,"column":4},"end":{"line":70,"column":19}},"loc":{"start":{"line":70,"column":19},"end":{"line":70,"column":37}},"line":70},"7":{"name":"(anonymous_7)","decl":{"start":{"line":70,"column":19},"end":{"line":70,"column":28}},"loc":{"start":{"line":70,"column":34},"end":{"line":70,"column":37}},"line":70},"8":{"name":"(anonymous_8)","decl":{"start":{"line":83,"column":15},"end":{"line":83,"column":20}},"loc":{"start":{"line":84,"column":5},"end":{"line":92,"column":null}},"line":84},"9":{"name":"(anonymous_9)","decl":{"start":{"line":89,"column":6},"end":{"line":89,"column":21}},"loc":{"start":{"line":89,"column":21},"end":{"line":89,"column":35}},"line":89},"10":{"name":"Sidebar","decl":{"start":{"line":107,"column":16},"end":{"line":107,"column":24}},"loc":{"start":{"line":107,"column":51},"end":{"line":118,"column":null}},"line":107}},"branchMap":{"0":{"loc":{"start":{"line":32,"column":3},"end":{"line":36,"column":null}},"type":"if","locations":[{"start":{"line":32,"column":3},"end":{"line":36,"column":null}},{"start":{},"end":{}}],"line":32},"1":{"loc":{"start":{"line":33,"column":4},"end":{"line":34,"column":52}},"type":"binary-expr","locations":[{"start":{"line":33,"column":4},"end":{"line":33,"column":null}},{"start":{"line":34,"column":4},"end":{"line":34,"column":52}}],"line":33},"2":{"loc":{"start":{"line":43,"column":3},"end":{"line":43,"column":null}},"type":"if","locations":[{"start":{"line":43,"column":3},"end":{"line":43,"column":null}},{"start":{},"end":{}}],"line":43},"3":{"loc":{"start":{"line":47,"column":19},"end":{"line":47,"column":48}},"type":"binary-expr","locations":[{"start":{"line":47,"column":19},"end":{"line":47,"column":45}},{"start":{"line":47,"column":45},"end":{"line":47,"column":48}}],"line":47},"4":{"loc":{"start":{"line":49,"column":2},"end":{"line":53,"column":null}},"type":"if","locations":[{"start":{"line":49,"column":2},"end":{"line":53,"column":null}},{"start":{},"end":{}}],"line":49},"5":{"loc":{"start":{"line":75,"column":35},"end":{"line":75,"column":56}},"type":"cond-expr","locations":[{"start":{"line":75,"column":42},"end":{"line":75,"column":49}},{"start":{"line":75,"column":49},"end":{"line":75,"column":56}}],"line":75},"6":{"loc":{"start":{"line":81,"column":38},"end":{"line":81,"column":null}},"type":"cond-expr","locations":[{"start":{"line":81,"column":45},"end":{"line":81,"column":81}},{"start":{"line":81,"column":81},"end":{"line":81,"column":null}}],"line":81}},"s":{"0":2,"1":24,"2":24,"3":24,"4":24,"5":2,"6":1,"7":10,"8":10,"9":3,"10":0,"11":3,"12":3,"13":10,"14":10,"15":10,"16":10,"17":10,"18":24,"19":31,"20":24,"21":6,"22":6,"23":161,"24":1,"25":14},"f":{"0":24,"1":10,"2":2,"3":3,"4":10,"5":31,"6":6,"7":6,"8":161,"9":1,"10":14},"b":{"0":[1,1],"1":[2,2],"2":[0,3],"3":[3,1],"4":[10,0],"5":[5,18],"6":[5,18]},"meta":{"lastBranch":7,"lastFunction":11,"lastStatement":26,"seen":{"s:15:18:23:Infinity":0,"f:25:9:25:21":0,"s:26:14:26:40":1,"s:27:22:27:60":2,"s:28:7:28:50":3,"s:30:1:60:Infinity":4,"f:30:1:30:17":1,"f:31:11:31:30":2,"b:32:3:36:Infinity:undefined:undefined:undefined:undefined":0,"s:32:3:36:Infinity":5,"b:33:4:33:Infinity:34:4:34:52":1,"s:36:4:36:Infinity":6,"s:39:2:39:Infinity":7,"s:42:19:48:Infinity":8,"f:42:23:42:46":3,"b:43:3:43:Infinity:undefined:undefined:undefined:undefined":2,"s:43:3:43:Infinity":9,"s:43:30:43:Infinity":10,"s:44:18:45:Infinity":11,"s:47:3:47:Infinity":12,"b:47:19:47:45:47:45:47:48":3,"b:49:2:53:Infinity:undefined:undefined:undefined:undefined":4,"s:49:2:53:Infinity":13,"s:50:3:53:Infinity":14,"s:56:2:58:Infinity":15,"f:56:2:56:15":4,"s:57:3:57:Infinity":16,"s:58:3:58:Infinity":17,"s:62:20:62:70":18,"f:62:30:62:36":5,"s:62:45:62:70":19,"s:64:1:95:Infinity":20,"f:70:4:70:19":6,"s:70:19:70:37":21,"f:70:19:70:28":7,"s:70:34:70:37":22,"b:75:42:75:49:75:49:75:56":5,"b:81:45:81:81:81:81:81:Infinity":6,"f:83:15:83:20":8,"s:84:5:92:Infinity":23,"f:89:6:89:21":9,"s:89:21:89:35":24,"f:107:16:107:24":10,"s:108:1:118:Infinity":25}}}
,"/home/runner/work/magicmirror-module-sandbox/magicmirror-module-sandbox/client/app/components/Topbar.tsx": {"path":"/home/runner/work/magicmirror-module-sandbox/magicmirror-module-sandbox/client/app/components/Topbar.tsx","statementMap":{"0":{"start":{"line":18,"column":15},"end":{"line":18,"column":92}},"1":{"start":{"line":20,"column":1},"end":{"line":48,"column":null}},"2":{"start":{"line":22,"column":3},"end":{"line":40,"column":null}},"3":{"start":{"line":23,"column":17},"end":{"line":23,"column":25}},"4":{"start":{"line":30,"column":21},"end":{"line":30,"column":null}},"5":{"start":{"line":31,"column":19},"end":{"line":31,"column":null}},"6":{"start":{"line":32,"column":5},"end":{"line":36,"column":null}},"7":{"start":{"line":33,"column":6},"end":{"line":33,"column":null}},"8":{"start":{"line":34,"column":16},"end":{"line":36,"column":null}},"9":{"start":{"line":35,"column":12},"end":{"line":35,"column":75}},"10":{"start":{"line":35,"column":53},"end":{"line":35,"column":75}},"11":{"start":{"line":36,"column":6},"end":{"line":36,"column":null}},"12":{"start":{"line":38,"column":5},"end":{"line":38,"column":null}},"13":{"start":{"line":43,"column":2},"end":{"line":43,"column":null}},"14":{"start":{"line":44,"column":2},"end":{"line":44,"column":null}},"15":{"start":{"line":45,"column":2},"end":{"line":46,"column":null}},"16":{"start":{"line":46,"column":3},"end":{"line":46,"column":null}},"17":{"start":{"line":50,"column":42},"end":{"line":50,"column":null}},"18":{"start":{"line":52,"column":1},"end":{"line":63,"column":null}},"19":{"start":{"line":59,"column":4},"end":{"line":59,"column":null}},"20":{"start":{"line":72,"column":1},"end":{"line":202,"column":null}}},"fnMap":{"0":{"name":"MmVersionBadge","decl":{"start":{"line":17,"column":9},"end":{"line":17,"column":26}},"loc":{"start":{"line":17,"column":26},"end":{"line":63,"column":null}},"line":17},"1":{"name":"(anonymous_1)","decl":{"start":{"line":20,"column":1},"end":{"line":20,"column":17}},"loc":{"start":{"line":20,"column":17},"end":{"line":48,"column":6}},"line":20},"2":{"name":"refresh","decl":{"start":{"line":21,"column":11},"end":{"line":21,"column":21}},"loc":{"start":{"line":21,"column":21},"end":{"line":40,"column":null}},"line":21},"3":{"name":"(anonymous_3)","decl":{"start":{"line":23,"column":5},"end":{"line":23,"column":11}},"loc":{"start":{"line":23,"column":17},"end":{"line":23,"column":25}},"line":23},"4":{"name":"(anonymous_4)","decl":{"start":{"line":24,"column":5},"end":{"line":24,"column":11}},"loc":{"start":{"line":29,"column":10},"end":{"line":39,"column":null}},"line":29},"5":{"name":"(anonymous_5)","decl":{"start":{"line":35,"column":41},"end":{"line":35,"column":47}},"loc":{"start":{"line":35,"column":53},"end":{"line":35,"column":75}},"line":35},"6":{"name":"(anonymous_6)","decl":{"start":{"line":40,"column":5},"end":{"line":40,"column":17}},"loc":{"start":{"line":40,"column":17},"end":{"line":40,"column":20}},"line":40},"7":{"name":"(anonymous_7)","decl":{"start":{"line":45,"column":2},"end":{"line":45,"column":15}},"loc":{"start":{"line":45,"column":15},"end":{"line":46,"column":null}},"line":45},"8":{"name":"(anonymous_8)","decl":{"start":{"line":58,"column":3},"end":{"line":58,"column":18}},"loc":{"start":{"line":58,"column":18},"end":{"line":59,"column":null}},"line":58},"9":{"name":"Topbar","decl":{"start":{"line":71,"column":16},"end":{"line":71,"column":23}},"loc":{"start":{"line":71,"column":49},"end":{"line":202,"column":null}},"line":71}},"branchMap":{"0":{"loc":{"start":{"line":30,"column":21},"end":{"line":30,"column":null}},"type":"binary-expr","locations":[{"start":{"line":30,"column":21},"end":{"line":30,"column":42}},{"start":{"line":30,"column":42},"end":{"line":30,"column":null}}],"line":30},"1":{"loc":{"start":{"line":32,"column":5},"end":{"line":36,"column":null}},"type":"if","locations":[{"start":{"line":32,"column":5},"end":{"line":36,"column":null}},{"start":{"line":34,"column":16},"end":{"line":36,"column":null}}],"line":32},"2":{"loc":{"start":{"line":33,"column":16},"end":{"line":33,"column":null}},"type":"binary-expr","locations":[{"start":{"line":33,"column":16},"end":{"line":33,"column":39}},{"start":{"line":33,"column":39},"end":{"line":33,"column":null}}],"line":33},"3":{"loc":{"start":{"line":34,"column":16},"end":{"line":36,"column":null}},"type":"if","locations":[{"start":{"line":34,"column":16},"end":{"line":36,"column":null}},{"start":{},"end":{}}],"line":34},"4":{"loc":{"start":{"line":35,"column":20},"end":{"line":35,"column":39}},"type":"binary-expr","locations":[{"start":{"line":35,"column":20},"end":{"line":35,"column":37}},{"start":{"line":35,"column":37},"end":{"line":35,"column":39}}],"line":35},"5":{"loc":{"start":{"line":36,"column":17},"end":{"line":36,"column":54}},"type":"binary-expr","locations":[{"start":{"line":36,"column":17},"end":{"line":36,"column":41}},{"start":{"line":36,"column":41},"end":{"line":36,"column":54}}],"line":36},"6":{"loc":{"start":{"line":54,"column":29},"end":{"line":54,"column":null}},"type":"cond-expr","locations":[{"start":{"line":54,"column":44},"end":{"line":54,"column":75}},{"start":{"line":54,"column":75},"end":{"line":54,"column":null}}],"line":54},"7":{"loc":{"start":{"line":57,"column":10},"end":{"line":57,"column":null}},"type":"cond-expr","locations":[{"start":{"line":57,"column":25},"end":{"line":57,"column":67}},{"start":{"line":57,"column":67},"end":{"line":57,"column":null}}],"line":57},"8":{"loc":{"start":{"line":97,"column":11},"end":{"line":97,"column":43}},"type":"binary-expr","locations":[{"start":{"line":97,"column":11},"end":{"line":97,"column":33}},{"start":{"line":97,"column":33},"end":{"line":97,"column":43}}],"line":97},"9":{"loc":{"start":{"line":98,"column":5},"end":{"line":100,"column":null}},"type":"binary-expr","locations":[{"start":{"line":98,"column":5},"end":{"line":98,"column":null}},{"start":{"line":99,"column":5},"end":{"line":100,"column":null}}],"line":98}},"s":{"0":32,"1":32,"2":16,"3":15,"4":15,"5":15,"6":15,"7":9,"8":6,"9":5,"10":3,"11":5,"12":15,"13":15,"14":15,"15":15,"16":15,"17":32,"18":32,"19":0,"20":17},"f":{"0":32,"1":15,"2":16,"3":15,"4":15,"5":3,"6":1,"7":15,"8":0,"9":17},"b":{"0":[15,1],"1":[9,6],"2":[9,2],"3":[5,1],"4":[5,1],"5":[5,3],"6":[26,6],"7":[26,6],"8":[17,1],"9":[17,14]},"meta":{"lastBranch":10,"lastFunction":10,"lastStatement":21,"seen":{"f:17:9:17:26":0,"s:18:15:18:92":0,"s:20:1:48:Infinity":1,"f:20:1:20:17":1,"f:21:11:21:21":2,"s:22:3:40:Infinity":2,"f:23:5:23:11":3,"s:23:17:23:25":3,"f:24:5:24:11":4,"s:30:21:30:Infinity":4,"b:30:21:30:42:30:42:30:Infinity":0,"s:31:19:31:Infinity":5,"b:32:5:36:Infinity:34:16:36:Infinity":1,"s:32:5:36:Infinity":6,"s:33:6:33:Infinity":7,"b:33:16:33:39:33:39:33:Infinity":2,"b:34:16:36:Infinity:undefined:undefined:undefined:undefined":3,"s:34:16:36:Infinity":8,"s:35:12:35:75":9,"b:35:20:35:37:35:37:35:39":4,"f:35:41:35:47":5,"s:35:53:35:75":10,"s:36:6:36:Infinity":11,"b:36:17:36:41:36:41:36:54":5,"s:38:5:38:Infinity":12,"f:40:5:40:17":6,"s:43:2:43:Infinity":13,"s:44:2:44:Infinity":14,"s:45:2:46:Infinity":15,"f:45:2:45:15":7,"s:46:3:46:Infinity":16,"s:50:42:50:Infinity":17,"s:52:1:63:Infinity":18,"b:54:44:54:75:54:75:54:Infinity":6,"b:57:25:57:67:57:67:57:Infinity":7,"f:58:3:58:18":8,"s:59:4:59:Infinity":19,"f:71:16:71:23":9,"s:72:1:202:Infinity":20,"b:97:11:97:33:97:33:97:43":8,"b:98:5:98:Infinity:99:5:100:Infinity":9}}}
,"/home/runner/work/magicmirror-module-sandbox/magicmirror-module-sandbox/client/app/components/icons/GitHubMark.tsx": {"path":"/home/runner/work/magicmirror-module-sandbox/magicmirror-module-sandbox/client/app/components/icons/GitHubMark.tsx","statementMap":{"0":{"start":{"line":10,"column":1},"end":{"line":13,"column":null}}},"fnMap":{"0":{"name":"GitHubMark","decl":{"start":{"line":9,"column":16},"end":{"line":9,"column":29}},"loc":{"start":{"line":9,"column":29},"end":{"line":13,"column":null}},"line":9}},"branchMap":{},"s":{"0":16},"f":{"0":16},"b":{},"meta":{"lastBranch":0,"lastFunction":1,"lastStatement":1,"seen":{"f:9:16:9:29":0,"s:10:1:13:Infinity":0}}}
,"/home/runner/work/magicmirror-module-sandbox/magicmirror-module-sandbox/client/app/components/sidebar/AboutDomain.tsx": {"path":"/home/runner/work/magicmirror-module-sandbox/magicmirror-module-sandbox/client/app/components/sidebar/AboutDomain.tsx","statementMap":{"0":{"start":{"line":11,"column":1},"end":{"line":108,"column":null}}},"fnMap":{"0":{"name":"AboutDomain","decl":{"start":{"line":10,"column":16},"end":{"line":10,"column":30}},"loc":{"start":{"line":10,"column":30},"end":{"line":108,"column":null}},"line":10}},"branchMap":{},"s":{"0":15},"f":{"0":15},"b":{},"meta":{"lastBranch":0,"lastFunction":1,"lastStatement":1,"seen":{"f:10:16:10:30":0,"s:11:1:108:Infinity":0}}}
,"/home/runner/work/magicmirror-module-sandbox/magicmirror-module-sandbox/client/app/components/sidebar/ConfigDomain.tsx": {"path":"/home/runner/work/magicmirror-module-sandbox/magicmirror-module-sandbox/client/app/components/sidebar/ConfigDomain.tsx","statementMap":{"0":{"start":{"line":21,"column":1},"end":{"line":21,"column":null}},"1":{"start":{"line":30,"column":1},"end":{"line":30,"column":null}},"2":{"start":{"line":40,"column":1},"end":{"line":45,"column":null}},"3":{"start":{"line":54,"column":22},"end":{"line":54,"column":46}},"4":{"start":{"line":55,"column":29},"end":{"line":55,"column":60}},"5":{"start":{"line":56,"column":7},"end":{"line":63,"column":3}},"6":{"start":{"line":65,"column":1},"end":{"line":328,"column":null}},"7":{"start":{"line":116,"column":6},"end":{"line":118,"column":null}},"8":{"start":{"line":128,"column":6},"end":{"line":133,"column":null}},"9":{"start":{"line":181,"column":7},"end":{"line":186,"column":null}},"10":{"start":{"line":196,"column":7},"end":{"line":201,"column":null}}},"fnMap":{"0":{"name":"getModuleConfig","decl":{"start":{"line":20,"column":9},"end":{"line":20,"column":25}},"loc":{"start":{"line":20,"column":69},"end":{"line":21,"column":null}},"line":20},"1":{"name":"getModuleConfigOptions","decl":{"start":{"line":27,"column":9},"end":{"line":27,"column":null}},"loc":{"start":{"line":29,"column":30},"end":{"line":30,"column":null}},"line":29},"2":{"name":"renderLanguageOption","decl":{"start":{"line":36,"column":9},"end":{"line":36,"column":null}},"loc":{"start":{"line":39,"column":2},"end":{"line":45,"column":null}},"line":39},"3":{"name":"ConfigDomain","decl":{"start":{"line":53,"column":16},"end":{"line":53,"column":29}},"loc":{"start":{"line":53,"column":61},"end":{"line":328,"column":null}},"line":53},"4":{"name":"(anonymous_4)","decl":{"start":{"line":115,"column":41},"end":{"line":115,"column":46}},"loc":{"start":{"line":116,"column":6},"end":{"line":118,"column":null}},"line":116},"5":{"name":"(anonymous_5)","decl":{"start":{"line":127,"column":44},"end":{"line":127,"column":49}},"loc":{"start":{"line":128,"column":6},"end":{"line":133,"column":null}},"line":128},"6":{"name":"(anonymous_6)","decl":{"start":{"line":179,"column":51},"end":{"line":179,"column":null}},"loc":{"start":{"line":181,"column":7},"end":{"line":186,"column":null}},"line":181},"7":{"name":"(anonymous_7)","decl":{"start":{"line":194,"column":52},"end":{"line":194,"column":null}},"loc":{"start":{"line":196,"column":7},"end":{"line":201,"column":null}},"line":196}},"branchMap":{"0":{"loc":{"start":{"line":21,"column":8},"end":{"line":21,"column":34}},"type":"binary-expr","locations":[{"start":{"line":21,"column":8},"end":{"line":21,"column":32}},{"start":{"line":21,"column":32},"end":{"line":21,"column":34}}],"line":21},"1":{"loc":{"start":{"line":30,"column":8},"end":{"line":30,"column":41}},"type":"binary-expr","locations":[{"start":{"line":30,"column":8},"end":{"line":30,"column":39}},{"start":{"line":30,"column":39},"end":{"line":30,"column":41}}],"line":30},"2":{"loc":{"start":{"line":60,"column":17},"end":{"line":60,"column":null}},"type":"binary-expr","locations":[{"start":{"line":60,"column":17},"end":{"line":60,"column":39}},{"start":{"line":60,"column":39},"end":{"line":60,"column":null}}],"line":60},"3":{"loc":{"start":{"line":61,"column":12},"end":{"line":61,"column":null}},"type":"binary-expr","locations":[{"start":{"line":61,"column":12},"end":{"line":61,"column":32}},{"start":{"line":61,"column":32},"end":{"line":61,"column":null}}],"line":61},"4":{"loc":{"start":{"line":62,"column":10},"end":{"line":62,"column":null}},"type":"binary-expr","locations":[{"start":{"line":62,"column":10},"end":{"line":62,"column":28}},{"start":{"line":62,"column":28},"end":{"line":62,"column":null}}],"line":62},"5":{"loc":{"start":{"line":115,"column":7},"end":{"line":115,"column":39}},"type":"binary-expr","locations":[{"start":{"line":115,"column":7},"end":{"line":115,"column":37}},{"start":{"line":115,"column":37},"end":{"line":115,"column":39}}],"line":115},"6":{"loc":{"start":{"line":118,"column":7},"end":{"line":118,"column":null}},"type":"binary-expr","locations":[{"start":{"line":118,"column":7},"end":{"line":118,"column":27}},{"start":{"line":118,"column":27},"end":{"line":118,"column":null}}],"line":118},"7":{"loc":{"start":{"line":127,"column":7},"end":{"line":127,"column":42}},"type":"binary-expr","locations":[{"start":{"line":127,"column":7},"end":{"line":127,"column":40}},{"start":{"line":127,"column":40},"end":{"line":127,"column":42}}],"line":127},"8":{"loc":{"start":{"line":145,"column":7},"end":{"line":147,"column":null}},"type":"cond-expr","locations":[{"start":{"line":146,"column":10},"end":{"line":146,"column":null}},{"start":{"line":147,"column":10},"end":{"line":147,"column":null}}],"line":145},"9":{"loc":{"start":{"line":172,"column":12},"end":{"line":172,"column":null}},"type":"binary-expr","locations":[{"start":{"line":172,"column":12},"end":{"line":172,"column":36}},{"start":{"line":172,"column":36},"end":{"line":172,"column":null}}],"line":172},"10":{"loc":{"start":{"line":179,"column":7},"end":{"line":179,"column":49}},"type":"binary-expr","locations":[{"start":{"line":179,"column":7},"end":{"line":179,"column":47}},{"start":{"line":179,"column":47},"end":{"line":179,"column":49}}],"line":179},"11":{"loc":{"start":{"line":185,"column":9},"end":{"line":185,"column":null}},"type":"binary-expr","locations":[{"start":{"line":185,"column":9},"end":{"line":185,"column":22}},{"start":{"line":185,"column":22},"end":{"line":185,"column":null}}],"line":185},"12":{"loc":{"start":{"line":194,"column":7},"end":{"line":194,"column":50}},"type":"binary-expr","locations":[{"start":{"line":194,"column":7},"end":{"line":194,"column":48}},{"start":{"line":194,"column":48},"end":{"line":194,"column":50}}],"line":194},"13":{"loc":{"start":{"line":200,"column":9},"end":{"line":200,"column":null}},"type":"binary-expr","locations":[{"start":{"line":200,"column":9},"end":{"line":200,"column":22}},{"start":{"line":200,"column":22},"end":{"line":200,"column":null}}],"line":200}},"s":{"0":16,"1":16,"2":10,"3":16,"4":16,"5":16,"6":16,"7":10,"8":65,"9":280,"10":215},"f":{"0":16,"1":16,"2":10,"3":16,"4":10,"5":65,"6":280,"7":215},"b":{"0":[16,0],"1":[16,1],"2":[16,0],"3":[16,1],"4":[16,1],"5":[16,1],"6":[10,0],"7":[16,1],"8":[5,11],"9":[16,16],"10":[16,1],"11":[280,5],"12":[16,1],"13":[215,5]},"meta":{"lastBranch":14,"lastFunction":8,"lastStatement":11,"seen":{"f:20:9:20:25":0,"s:21:1:21:Infinity":0,"b:21:8:21:32:21:32:21:34":0,"f:27:9:27:Infinity":1,"s:30:1:30:Infinity":1,"b:30:8:30:39:30:39:30:41":1,"f:36:9:36:Infinity":2,"s:40:1:45:Infinity":2,"f:53:16:53:29":3,"s:54:22:54:46":3,"s:55:29:55:60":4,"s:56:7:63:3":5,"b:60:17:60:39:60:39:60:Infinity":2,"b:61:12:61:32:61:32:61:Infinity":3,"b:62:10:62:28:62:28:62:Infinity":4,"s:65:1:328:Infinity":6,"b:115:7:115:37:115:37:115:39":5,"f:115:41:115:46":4,"s:116:6:118:Infinity":7,"b:118:7:118:27:118:27:118:Infinity":6,"b:127:7:127:40:127:40:127:42":7,"f:127:44:127:49":5,"s:128:6:133:Infinity":8,"b:146:10:146:Infinity:147:10:147:Infinity":8,"b:172:12:172:36:172:36:172:Infinity":9,"b:179:7:179:47:179:47:179:49":10,"f:179:51:179:Infinity":6,"s:181:7:186:Infinity":9,"b:185:9:185:22:185:22:185:Infinity":11,"b:194:7:194:48:194:48:194:50":12,"f:194:52:194:Infinity":7,"s:196:7:201:Infinity":10,"b:200:9:200:22:200:22:200:Infinity":13}}}
[...]
41,"column":null}},"55":{"start":{"line":244,"column":2},"end":{"line":245,"column":null}},"56":{"start":{"line":245,"column":3},"end":{"line":245,"column":null}},"57":{"start":{"line":248,"column":2},"end":{"line":249,"column":null}},"58":{"start":{"line":249,"column":3},"end":{"line":249,"column":null}},"59":{"start":{"line":252,"column":2},"end":{"line":281,"column":null}},"60":{"start":{"line":253,"column":3},"end":{"line":280,"column":null}},"61":{"start":{"line":254,"column":4},"end":{"line":278,"column":null}},"62":{"start":{"line":255,"column":26},"end":{"line":255,"column":59}},"63":{"start":{"line":256,"column":27},"end":{"line":256,"column":50}},"64":{"start":{"line":257,"column":5},"end":{"line":260,"column":null}},"65":{"start":{"line":264,"column":5},"end":{"line":268,"column":null}},"66":{"start":{"line":268,"column":6},"end":{"line":268,"column":null}},"67":{"start":{"line":271,"column":5},"end":{"line":276,"column":null}},"68":{"start":{"line":278,"column":5},"end":{"line":278,"column":null}},"69":{"start":{"line":284,"column":1},"end":{"line":284,"column":null}},"70":{"start":{"line":313,"column":1},"end":{"line":314,"column":null}},"71":{"start":{"line":314,"column":2},"end":{"line":314,"column":null}},"72":{"start":{"line":317,"column":26},"end":{"line":317,"column":47}},"73":{"start":{"line":318,"column":27},"end":{"line":318,"column":49}},"74":{"start":{"line":320,"column":20},"end":{"line":328,"column":null}},"75":{"start":{"line":330,"column":38},"end":{"line":330,"column":null}},"76":{"start":{"line":332,"column":17},"end":{"line":341,"column":3}},"77":{"start":{"line":343,"column":1},"end":{"line":397,"column":null}},"78":{"start":{"line":344,"column":2},"end":{"line":345,"column":null}},"79":{"start":{"line":345,"column":3},"end":{"line":345,"column":null}},"80":{"start":{"line":348,"column":2},"end":{"line":349,"column":null}},"81":{"start":{"line":349,"column":3},"end":{"line":349,"column":null}},"82":{"start":{"line":352,"column":2},"end":{"line":396,"column":null}},"83":{"start":{"line":353,"column":3},"end":{"line":395,"column":null}},"84":{"start":{"line":354,"column":4},"end":{"line":393,"column":null}},"85":{"start":{"line":355,"column":26},"end":{"line":355,"column":62}},"86":{"start":{"line":356,"column":27},"end":{"line":356,"column":50}},"87":{"start":{"line":357,"column":5},"end":{"line":360,"column":null}},"88":{"start":{"line":362,"column":5},"end":{"line":368,"column":null}},"89":{"start":{"line":368,"column":6},"end":{"line":368,"column":null}},"90":{"start":{"line":370,"column":5},"end":{"line":376,"column":null}},"91":{"start":{"line":376,"column":6},"end":{"line":376,"column":null}},"92":{"start":{"line":379,"column":5},"end":{"line":380,"column":null}},"93":{"start":{"line":380,"column":6},"end":{"line":380,"column":null}},"94":{"start":{"line":383,"column":5},"end":{"line":388,"column":null}},"95":{"start":{"line":390,"column":5},"end":{"line":393,"column":null}},"96":{"start":{"line":399,"column":1},"end":{"line":399,"column":null}}},"fnMap":{"0":{"name":"norm","decl":{"start":{"line":20,"column":9},"end":{"line":20,"column":14}},"loc":{"start":{"line":20,"column":33},"end":{"line":21,"column":null}},"line":20},"1":{"name":"loadModuleGitignore","decl":{"start":{"line":35,"column":9},"end":{"line":35,"column":37}},"loc":{"start":{"line":35,"column":37},"end":{"line":45,"column":null}},"line":35},"2":{"name":"isIgnoredByModuleGitignore","decl":{"start":{"line":54,"column":9},"end":{"line":54,"column":36}},"loc":{"start":{"line":54,"column":63},"end":{"line":74,"column":null}},"line":54},"3":{"name":"isRelevantFile","decl":{"start":{"line":84,"column":9},"end":{"line":84,"column":24}},"loc":{"start":{"line":84,"column":51},"end":{"line":88,"column":null}},"line":84},"4":{"name":"isSandboxPersistedConfigFile","decl":{"start":{"line":96,"column":9},"end":{"line":96,"column":38}},"loc":{"start":{"line":96,"column":65},"end":{"line":103,"column":null}},"line":96},"5":{"name":"isSandboxConfigFile","decl":{"start":{"line":111,"column":9},"end":{"line":111,"column":29}},"loc":{"start":{"line":111,"column":56},"end":{"line":116,"column":null}},"line":111},"6":{"name":"isStyleFile","decl":{"start":{"line":125,"column":9},"end":{"line":125,"column":21}},"loc":{"start":{"line":125,"column":48},"end":{"line":126,"column":null}},"line":125},"7":{"name":"isModuleTranslationFile","decl":{"start":{"line":134,"column":9},"end":{"line":134,"column":33}},"loc":{"start":{"line":134,"column":60},"end":{"line":137,"column":null}},"line":134},"8":{"name":"isHarnessClientSourceFile","decl":{"start":{"line":143,"column":9},"end":{"line":143,"column":35}},"loc":{"start":{"line":143,"column":62},"end":{"line":152,"column":null}},"line":143},"9":{"name":"isHarnessNodeCompatSourceFile","decl":{"start":{"line":159,"column":9},"end":{"line":159,"column":39}},"loc":{"start":{"line":159,"column":66},"end":{"line":165,"column":null}},"line":159},"10":{"name":"isModuleWatcherIgnored","decl":{"start":{"line":175,"column":9},"end":{"line":175,"column":32}},"loc":{"start":{"line":175,"column":59},"end":{"line":180,"column":null}},"line":175},"11":{"name":"isSandboxWatcherIgnored","decl":{"start":{"line":188,"column":9},"end":{"line":188,"column":33}},"loc":{"start":{"line":188,"column":60},"end":{"line":194,"column":null}},"line":188},"12":{"name":"startModuleWatcher","decl":{"start":{"line":207,"column":9},"end":{"line":207,"column":28}},"loc":{"start":{"line":213,"column":33},"end":{"line":284,"column":null}},"line":213},"13":{"name":"(anonymous_13)","decl":{"start":{"line":230,"column":12},"end":{"line":230,"column":20}},"loc":{"start":{"line":230,"column":60},"end":{"line":282,"column":null}},"line":230},"14":{"name":"(anonymous_14)","decl":{"start":{"line":252,"column":12},"end":{"line":252,"column":29}},"loc":{"start":{"line":252,"column":29},"end":{"line":281,"column":9}},"line":252},"15":{"name":"(anonymous_15)","decl":{"start":{"line":253,"column":9},"end":{"line":253,"column":21}},"loc":{"start":{"line":253,"column":21},"end":{"line":280,"column":null}},"line":253},"16":{"name":"startSandboxWatcher","decl":{"start":{"line":296,"column":9},"end":{"line":296,"column":29}},"loc":{"start":{"line":312,"column":40},"end":{"line":399,"column":null}},"line":312},"17":{"name":"(anonymous_17)","decl":{"start":{"line":343,"column":12},"end":{"line":343,"column":20}},"loc":{"start":{"line":343,"column":60},"end":{"line":397,"column":null}},"line":343},"18":{"name":"(anonymous_18)","decl":{"start":{"line":352,"column":12},"end":{"line":352,"column":29}},"loc":{"start":{"line":352,"column":29},"end":{"line":396,"column":9}},"line":352},"19":{"name":"(anonymous_19)","decl":{"start":{"line":353,"column":9},"end":{"line":353,"column":21}},"loc":{"start":{"line":353,"column":21},"end":{"line":395,"column":null}},"line":353}},"branchMap":{"0":{"loc":{"start":{"line":37,"column":1},"end":{"line":39,"column":null}},"type":"if","locations":[{"start":{"line":37,"column":1},"end":{"line":39,"column":null}},{"start":{},"end":{}}],"line":37},"1":{"loc":{"start":{"line":55,"column":1},"end":{"line":56,"column":null}},"type":"if","locations":[{"start":{"line":55,"column":1},"end":{"line":56,"column":null}},{"start":{},"end":{}}],"line":55},"2":{"loc":{"start":{"line":60,"column":1},"end":{"line":61,"column":null}},"type":"if","locations":[{"start":{"line":60,"column":1},"end":{"line":61,"column":null}},{"start":{},"end":{}}],"line":60},"3":{"loc":{"start":{"line":64,"column":1},"end":{"line":65,"column":null}},"type":"if","locations":[{"start":{"line":64,"column":1},"end":{"line":65,"column":null}},{"start":{},"end":{}}],"line":64},"4":{"loc":{"start":{"line":68,"column":1},"end":{"line":69,"column":null}},"type":"if","locations":[{"start":{"line":68,"column":1},"end":{"line":69,"column":null}},{"start":{},"end":{}}],"line":68},"5":{"loc":{"start":{"line":87,"column":2},"end":{"line":88,"column":65}},"type":"binary-expr","locations":[{"start":{"line":87,"column":2},"end":{"line":87,"column":40}},{"start":{"line":88,"column":2},"end":{"line":88,"column":65}}],"line":87},"6":{"loc":{"start":{"line":99,"column":2},"end":{"line":103,"column":40}},"type":"binary-expr","locations":[{"start":{"line":99,"column":2},"end":{"line":99,"column":null}},{"start":{"line":100,"column":2},"end":{"line":100,"column":null}},{"start":{"line":101,"column":2},"end":{"line":101,"column":null}},{"start":{"line":102,"column":2},"end":{"line":102,"column":39}},{"start":{"line":103,"column":2},"end":{"line":103,"column":40}}],"line":99},"7":{"loc":{"start":{"line":114,"column":2},"end":{"line":116,"column":42}},"type":"binary-expr","locations":[{"start":{"line":114,"column":2},"end":{"line":114,"column":40}},{"start":{"line":115,"column":2},"end":{"line":115,"column":42}},{"start":{"line":116,"column":2},"end":{"line":116,"column":42}}],"line":114},"8":{"loc":{"start":{"line":147,"column":2},"end":{"line":152,"column":null}},"type":"binary-expr","locations":[{"start":{"line":147,"column":2},"end":{"line":147,"column":35}},{"start":{"line":148,"column":2},"end":{"line":148,"column":37}},{"start":{"line":149,"column":2},"end":{"line":149,"column":34}},{"start":{"line":150,"column":2},"end":{"line":150,"column":33}},{"start":{"line":151,"column":3},"end":{"line":151,"column":37}},{"start":{"line":152,"column":3},"end":{"line":152,"column":41}}],"line":147},"9":{"loc":{"start":{"line":163,"column":2},"end":{"line":165,"column":28}},"type":"binary-expr","locations":[{"start":{"line":163,"column":2},"end":{"line":163,"column":34}},{"start":{"line":164,"column":2},"end":{"line":164,"column":37}},{"start":{"line":165,"column":2},"end":{"line":165,"column":28}}],"line":163},"10":{"loc":{"start":{"line":178,"column":2},"end":{"line":180,"column":32}},"type":"binary-expr","locations":[{"start":{"line":178,"column":2},"end":{"line":178,"column":30}},{"start":{"line":179,"column":2},"end":{"line":179,"column":22}},{"start":{"line":180,"column":2},"end":{"line":180,"column":32}}],"line":178},"11":{"loc":{"start":{"line":191,"column":2},"end":{"line":194,"column":33}},"type":"binary-expr","locations":[{"start":{"line":191,"column":2},"end":{"line":191,"column":30}},{"start":{"line":192,"column":2},"end":{"line":192,"column":22}},{"start":{"line":193,"column":2},"end":{"line":193,"column":34}},{"start":{"line":194,"column":2},"end":{"line":194,"column":33}}],"line":191},"12":{"loc":{"start":{"line":232,"column":2},"end":{"line":237,"column":null}},"type":"if","locations":[{"start":{"line":232,"column":2},"end":{"line":237,"column":null}},{"start":{},"end":{}}],"line":232},"13":{"loc":{"start":{"line":240,"column":2},"end":{"line":241,"column":null}},"type":"if","locations":[{"start":{"line":240,"column":2},"end":{"line":241,"column":null}},{"start":{},"end":{}}],"line":240},"14":{"loc":{"start":{"line":244,"column":2},"end":{"line":245,"column":null}},"type":"if","locations":[{"start":{"line":244,"column":2},"end":{"line":245,"column":null}},{"start":{},"end":{}}],"line":244},"15":{"loc":{"start":{"line":248,"column":2},"end":{"line":249,"column":null}},"type":"if","locations":[{"start":{"line":248,"column":2},"end":{"line":249,"column":null}},{"start":{},"end":{}}],"line":248},"16":{"loc":{"start":{"line":264,"column":5},"end":{"line":268,"column":null}},"type":"if","locations":[{"start":{"line":264,"column":5},"end":{"line":268,"column":null}},{"start":{},"end":{}}],"line":264},"17":{"loc":{"start":{"line":265,"column":6},"end":{"line":266,"column":40}},"type":"binary-expr","locations":[{"start":{"line":265,"column":6},"end":{"line":265,"column":28}},{"start":{"line":266,"column":6},"end":{"line":266,"column":40}}],"line":265},"18":{"loc":{"start":{"line":273,"column":12},"end":{"line":273,"column":null}},"type":"binary-expr","locations":[{"start":{"line":273,"column":12},"end":{"line":273,"column":28}},{"start":{"line":273,"column":28},"end":{"line":273,"column":null}}],"line":273},"19":{"loc":{"start":{"line":313,"column":1},"end":{"line":314,"column":null}},"type":"if","locations":[{"start":{"line":313,"column":1},"end":{"line":314,"column":null}},{"start":{},"end":{}}],"line":313},"20":{"loc":{"start":{"line":344,"column":2},"end":{"line":345,"column":null}},"type":"if","locations":[{"start":{"line":344,"column":2},"end":{"line":345,"column":null}},{"start":{},"end":{}}],"line":344},"21":{"loc":{"start":{"line":348,"column":2},"end":{"line":349,"column":null}},"type":"if","locations":[{"start":{"line":348,"column":2},"end":{"line":349,"column":null}},{"start":{},"end":{}}],"line":348},"22":{"loc":{"start":{"line":362,"column":5},"end":{"line":368,"column":null}},"type":"if","locations":[{"start":{"line":362,"column":5},"end":{"line":368,"column":null}},{"start":{},"end":{}}],"line":362},"23":{"loc":{"start":{"line":363,"column":6},"end":{"line":366,"column":41}},"type":"binary-expr","locations":[{"start":{"line":363,"column":6},"end":{"line":363,"column":null}},{"start":{"line":364,"column":6},"end":{"line":364,"column":null}},{"start":{"line":365,"column":6},"end":{"line":365,"column":29}},{"start":{"line":366,"column":6},"end":{"line":366,"column":41}}],"line":363},"24":{"loc":{"start":{"line":370,"column":5},"end":{"line":376,"column":null}},"type":"if","locations":[{"start":{"line":370,"column":5},"end":{"line":376,"column":null}},{"start":{},"end":{}}],"line":370},"25":{"loc":{"start":{"line":371,"column":6},"end":{"line":374,"column":45}},"type":"binary-expr","locations":[{"start":{"line":371,"column":6},"end":{"line":371,"column":null}},{"start":{"line":372,"column":6},"end":{"line":372,"column":null}},{"start":{"line":373,"column":6},"end":{"line":373,"column":29}},{"start":{"line":374,"column":6},"end":{"line":374,"column":45}}],"line":371},"26":{"loc":{"start":{"line":379,"column":5},"end":{"line":380,"column":null}},"type":"if","locations":[{"start":{"line":379,"column":5},"end":{"line":380,"column":null}},{"start":{},"end":{}}],"line":379},"27":{"loc":{"start":{"line":385,"column":12},"end":{"line":385,"column":null}},"type":"binary-expr","locations":[{"start":{"line":385,"column":12},"end":{"line":385,"column":28}},{"start":{"line":385,"column":28},"end":{"line":385,"column":null}}],"line":385}},"s":{"0":219,"1":17,"2":22,"3":22,"4":1,"5":1,"6":21,"7":21,"8":21,"9":1,"10":18,"11":2,"12":16,"13":16,"14":16,"15":0,"16":16,"17":16,"18":0,"19":16,"20":1,"21":15,"22":15,"23":0,"24":44,"25":44,"26":65,"27":65,"28":21,"29":21,"30":15,"31":12,"32":12,"33":12,"34":14,"35":14,"36":14,"37":14,"38":14,"39":14,"40":4,"41":4,"42":6,"43":6,"44":21,"45":21,"46":21,"47":21,"48":21,"49":21,"50":1,"51":1,"52":1,"53":20,"54":2,"55":18,"56":1,"57":17,"58":2,"59":17,"60":15,"61":15,"62":15,"63":15,"64":15,"65":15,"66":11,"67":15,"68":0,"69":21,"70":25,"71":1,"72":24,"73":24,"74":24,"75":24,"76":24,"77":24,"78":24,"79":1,"80":23,"81":2,"82":23,"83":21,"84":21,"85":21,"86":21,"87":21,"88":21,"89":6,"90":21,"91":1,"92":21,"93":7,"94":21,"95":0,"96":24},"f":{"0":219,"1":22,"2":18,"3":44,"4":65,"5":21,"6":15,"7":12,"8":14,"9":14,"10":4,"11":6,"12":21,"13":21,"14":15,"15":15,"16":25,"17":24,"18":21,"19":21},"b":{"0":[1,21],"1":[2,16],"2":[0,16],"3":[0,16],"4":[1,15],"5":[44,38],"6":[65,64,60,58,56],"7":[21,16,15],"8":[14,8,7,6,6,0],"9":[14,3,2],"10":[4,3,2],"11":[6,5,4,3],"12":[1,20],"13":[2,18],"14":[1,17],"15":[2,15],"16":[11,4],"17":[15,12],"18":[15,0],"19":[1,24],"20":[1,23],"21":[2,21],"22":[6,15],"23":[21,17,15,14],"24":[1,20],"25":[21,17,15,14],"26":[7,14],"27":[21,0]},"meta":{"lastBranch":28,"lastFunction":20,"lastStatement":97,"seen":{"f:20:9:20:14":0,"s:21:1:21:Infinity":0,"s:28:54:28:Infinity":1,"f:35:9:35:37":1,"s:36:23:36:56":2,"b:37:1:39:Infinity:undefined:undefined:undefined:undefined":0,"s:37:1:39:Infinity":3,"s:38:2:38:Infinity":4,"s:39:2:39:Infinity":5,"s:41:1:45:Infinity":6,"s:42:18:42:57":7,"s:43:2:43:Infinity":8,"s:45:2:45:Infinity":9,"f:54:9:54:36":2,"b:55:1:56:Infinity:undefined:undefined:undefined:undefined":1,"s:55:1:56:Infinity":10,"s:56:2:56:Infinity":11,"s:58:20:58:34":12,"s:59:24:59:38":13,"b:60:1:61:Infinity:undefined:undefined:undefined:undefined":2,"s:60:1:61:Infinity":14,"s:61:2:61:Infinity":15,"s:63:18:63:61":16,"b:64:1:65:Infinity:undefined:undefined:undefined:undefined":3,"s:64:1:65:Infinity":17,"s:65:2:65:Infinity":18,"b:68:1:69:Infinity:undefined:undefined:undefined:undefined":4,"s:68:1:69:Infinity":19,"s:69:2:69:Infinity":20,"s:71:1:74:Infinity":21,"s:72:2:72:Infinity":22,"s:74:2:74:Infinity":23,"f:84:9:84:24":3,"s:85:20:85:34":24,"s:86:1:88:Infinity":25,"b:87:2:87:40:88:2:88:65":5,"f:96:9:96:38":4,"s:97:18:97:55":26,"s:98:1:103:Infinity":27,"b:99:2:99:Infinity:100:2:100:Infinity:101:2:101:Infinity:102:2:102:39:103:2:103:40":6,"f:111:9:111:29":5,"s:112:20:112:34":28,"s:113:1:116:Infinity":29,"b:114:2:114:40:115:2:115:42:116:2:116:42":7,"f:125:9:125:21":6,"s:126:1:126:Infinity":30,"f:134:9:134:33":7,"s:135:20:135:34":31,"s:136:25:136:66":32,"s:137:1:137:Infinity":33,"f:143:9:143:35":8,"s:144:20:144:34":34,"s:145:20:145:58":35,"s:146:1:152:Infinity":36,"b:147:2:147:35:148:2:148:37:149:2:149:34:150:2:150:33:151:3:151:37:152:3:152:41":8,"f:159:9:159:39":9,"s:160:20:160:34":37,"s:161:19:161:56":38,"s:162:1:165:Infinity":39,"b:163:2:163:34:164:2:164:37:165:2:165:28":9,"f:175:9:175:32":10,"s:176:11:176:39":40,"s:177:1:180:Infinity":41,"b:178:2:178:30:179:2:179:22:180:2:180:32":10,"f:188:9:188:33":11,"s:189:11:189:39":42,"s:190:1:194:Infinity":43,"b:191:2:191:30:192:2:192:22:193:2:193:34:194:2:194:33":11,"f:207:9:207:28":12,"s:214:1:214:Infinity":44,"s:216:29:216:68":45,"s:217:38:217:Infinity":46,"s:219:17:228:3":47,"s:230:1:282:Infinity":48,"f:230:12:230:20":13,"b:232:2:237:Infinity:undefined:undefined:undefined:undefined":12,"s:232:2:237:Infinity":49,"s:233:3:233:Infinity":50,"s:234:3:236:Infinity":51,"s:237:3:237:Infinity":52,"b:240:2:241:Infinity:undefined:undefined:undefined:undefined":13,"s:240:2:241:Infinity":53,"s:241:3:241:Infinity":54,"b:244:2:245:Infinity:undefined:undefined:undefined:undefined":14,"s:244:2:245:Infinity":55,"s:245:3:245:Infinity":56,"b:248:2:249:Infinity:undefined:undefined:undefined:undefined":15,"s:248:2:249:Infinity":57,"s:249:3:249:Infinity":58,"s:252:2:281:Infinity":59,"f:252:12:252:29":14,"s:253:3:280:Infinity":60,"f:253:9:253:21":15,"s:254:4:278:Infinity":61,"s:255:26:255:59":62,"s:256:27:256:50":63,"s:257:5:260:Infinity":64,"b:264:5:268:Infinity:undefined:undefined:undefined:undefined":16,"s:264:5:268:Infinity":65,"b:265:6:265:28:266:6:266:40":17,"s:268:6:268:Infinity":66,"s:271:5:276:Infinity":67,"b:273:12:273:28:273:28:273:Infinity":18,"s:278:5:278:Infinity":68,"s:284:1:284:Infinity":69,"f:296:9:296:29":16,"b:313:1:314:Infinity:undefined:undefined:undefined:undefined":19,"s:313:1:314:Infinity":70,"s:314:2:314:Infinity":71,"s:317:26:317:47":72,"s:318:27:318:49":73,"s:320:20:328:Infinity":74,"s:330:38:330:Infinity":75,"s:332:17:341:3":76,"s:343:1:397:Infinity":77,"f:343:12:343:20":17,"b:344:2:345:Infinity:undefined:undefined:undefined:undefined":20,"s:344:2:345:Infinity":78,"s:345:3:345:Infinity":79,"b:348:2:349:Infinity:undefined:undefined:undefined:undefined":21,"s:348:2:349:Infinity":80,"s:349:3:349:Infinity":81,"s:352:2:396:Infinity":82,"f:352:12:352:29":18,"s:353:3:395:Infinity":83,"f:353:9:353:21":19,"s:354:4:393:Infinity":84,"s:355:26:355:62":85,"s:356:27:356:50":86,"s:357:5:360:Infinity":87,"b:362:5:368:Infinity:undefined:undefined:undefined:undefined":22,"s:362:5:368:Infinity":88,"b:363:6:363:Infinity:364:6:364:Infinity:365:6:365:29:366:6:366:41":23,"s:368:6:368:Infinity":89,"b:370:5:376:Infinity:undefined:undefined:undefined:undefined":24,"s:370:5:376:Infinity":90,"b:371:6:371:Infinity:372:6:372:Infinity:373:6:373:29:374:6:374:45":25,"s:376:6:376:Infinity":91,"b:379:5:380:Infinity:undefined:undefined:undefined:undefined":26,"s:379:5:380:Infinity":92,"s:380:6:380:Infinity":93,"s:383:5:388:Infinity":94,"b:385:12:385:28:385:28:385:Infinity":27,"s:390:5:393:Infinity":95,"s:399:1:399:Infinity":96}}}
}
