{"total": {"lines":{"total":1211,"covered":1163,"skipped":0,"pct":96.03},"statements":{"total":1249,"covered":1193,"skipped":0,"pct":95.51},"functions":{"total":312,"covered":303,"skipped":0,"pct":97.11},"branches":{"total":953,"covered":876,"skipped":0,"pct":91.92},"branchesTrue":{"total":0,"covered":0,"skipped":0,"pct":100}}
,"/home/runner/work/magicmirror-module-sandbox/magicmirror-module-sandbox/bin/install-guard.ts": {"lines":{"total":45,"covered":37,"skipped":0,"pct":82.22},"functions":{"total":14,"covered":11,"skipped":0,"pct":78.57},"statements":{"total":46,"covered":38,"skipped":0,"pct":82.6},"branches":{"total":47,"covered":42,"skipped":0,"pct":89.36}}
,"/home/runner/work/magicmirror-module-sandbox/magicmirror-module-sandbox/bin/preview.ts": {"lines":{"total":14,"covered":14,"skipped":0,"pct":100},"functions":{"total":5,"covered":5,"skipped":0,"pct":100},"statements":{"total":15,"covered":15,"skipped":0,"pct":100},"branches":{"total":12,"covered":11,"skipped":0,"pct":91.66}}
,"/home/runner/work/magicmirror-module-sandbox/magicmirror-module-sandbox/bin/sync-magicmirror-assets.ts": {"lines":{"total":81,"covered":72,"skipped":0,"pct":88.88},"functions":{"total":19,"covered":19,"skipped":0,"pct":100},"statements":{"total":82,"covered":73,"skipped":0,"pct":89.02},"branches":{"total":46,"covered":38,"skipped":0,"pct":82.6}}
,"/home/runner/work/magicmirror-module-sandbox/magicmirror-module-sandbox/bin/helpers/css-bundler.ts": {"lines":{"total":50,"covered":50,"skipped":0,"pct":100},"functions":{"total":17,"covered":17,"skipped":0,"pct":100},"statements":{"total":51,"covered":51,"skipped":0,"pct":100},"branches":{"total":32,"covered":29,"skipped":0,"pct":90.62}}
,"/home/runner/work/magicmirror-module-sandbox/magicmirror-module-sandbox/client/app/components/Footer.tsx": {"lines":{"total":1,"covered":1,"skipped":0,"pct":100},"functions":{"total":1,"covered":1,"skipped":0,"pct":100},"statements":{"total":1,"covered":1,"skipped":0,"pct":100},"branches":{"total":2,"covered":2,"skipped":0,"pct":100}}
,"/home/runner/work/magicmirror-module-sandbox/magicmirror-module-sandbox/client/app/components/Sidebar.tsx": {"lines":{"total":23,"covered":23,"skipped":0,"pct":100},"functions":{"total":11,"covered":11,"skipped":0,"pct":100},"statements":{"total":26,"covered":25,"skipped":0,"pct":96.15},"branches":{"total":14,"covered":12,"skipped":0,"pct":85.71}}
,"/home/runner/work/magicmirror-module-sandbox/magicmirror-module-sandbox/client/app/components/Topbar.tsx": {"lines":{"total":20,"covered":19,"skipped":0,"pct":95},"functions":{"total":10,"covered":9,"skipped":0,"pct":90},"statements":{"total":21,"covered":20,"skipped":0,"pct":95.23},"branches":{"total":20,"covered":20,"skipped":0,"pct":100}}
,"/home/runner/work/magicmirror-module-sandbox/magicmirror-module-sandbox/client/app/components/icons/GitHubMark.tsx": {"lines":{"total":1,"covered":1,"skipped":0,"pct":100},"functions":{"total":1,"covered":1,"skipped":0,"pct":100},"statements":{"total":1,"covered":1,"skipped":0,"pct":100},"branches":{"total":0,"covered":0,"skipped":0,"pct":100}}
,"/home/runner/work/magicmirror-module-sandbox/magicmirror-module-sandbox/client/app/components/sidebar/AboutDomain.tsx": {"lines":{"total":1,"covered":1,"skipped":0,"pct":100},"functions":{"total":1,"covered":1,"skipped":0,"pct":100},"statements":{"total":1,"covered":1,"skipped":0,"pct":100},"branches":{"total":0,"covered":0,"skipped":0,"pct":100}}
,"/home/runner/work/magicmirror-module-sandbox/magicmirror-module-sandbox/client/app/components/sidebar/ConfigDomain.tsx": {"lines":{"total":11,"covered":11,"skipped":0,"pct":100},"functions":{"total":8,"covered":8,"skipped":0,"pct":100},"statements":{"total":11,"covered":11,"skipped":0,"pct":100},"branches":{"total":28,"covered":25,"skipped":0,"pct":89.28}}
,"/home/runner/work/magicmirror-module-sandbox/magicmirror-module-sandbox/client/app/components/sidebar/DebugDomain.tsx": {"lines":{"total":1,"covered":1,"skipped":0,"pct":100},"functions":{"total":1,"covered":1,"skipped":0,"pct":100},"statements":{"total":1,"covered":1,"skipped":0,"pct":100},"branches":{"total":0,"covered":0,"skipped":0,"pct":100}}
,"/home/runner/work/magicmirror-module-sandbox/magicmirror-module-sandbox/client/app/components/sidebar/MmVersionDomain.tsx": {"lines":{"total":139,"covered":137,"skipped":0,"pct":98.56},"functions":{"total":54,"covered":51,"skipped":0,"pct":94.44},"statements":{"total":156,"covered":148,"skipped":0,"pct":94.87},"branches":{"total":175,"covered":162,"skipped":0,"pct":92.57}}
,"/home/runner/work/magicmirror-module-sandbox/magicmirror-module-sandbox/client/app/components/sidebar/NotificationsDomain.tsx": {"lines":{"total":2,"covered":2,"skipped":0,"pct":100},"functions":{"total":1,"covered":1,"skipped":0,"pct":100},"statements":{"total":2,"covered":2,"skipped":0,"pct":100},"branches":{"total":0,"covered":0,"skipped":0,"pct":100}}
,"/home/runner/work/magicmirror-module-sandbox/magicmirror-module-sandbox/client/app/components/sidebar/QualityDomain.tsx": {"lines":{"total":1,"covered":1,"skipped":0,"pct":100},"functions":{"total":1,"covered":1,"skipped":0,"pct":100},"statements":{"total":1,"covered":1,"skipped":0,"pct":100},"branches":{"total":0,"covered":0,"skipped":0,"pct":100}}
,"/home/runner/work/magicmirror-module-sandbox/magicmirror-module-sandbox/client/app/components/sidebar/RuntimeDomain.tsx": {"lines":{"total":1,"covered":1,"skipped":0,"pct":100},"functions":{"total":1,"covered":1,"skipped":0,"pct":100},"statements":{"total":1,"covered":1,"skipped":0,"pct":100},"branches":{"total":4,"covered":4,"skipped":0,"pct":100}}
,"/home/runner/work/magicmirror-module-sandbox/magicmirror-module-sandbox/config/contract.ts": {"lines":{"total":2,"covered":2,"skipped":0,"pct":100},"functions":{"total":1,"covered":1,"skipped":0,"pct":100},"statements":{"total":2,"covered":2,"skipped":0,"pct":100},"branches":{"total":0,"covered":0,"skipped":0,"pct":100}}
,"/home/runner/work/magicmirror-module-sandbox/magicmirror-module-sandbox/config/harness.config.ts": {"lines":{"total":4,"covered":4,"skipped":0,"pct":100},"functions":{"total":1,"covered":1,"skipped":0,"pct":100},"statements":{"total":4,"covered":4,"skipped":0,"pct":100},"branches":{"total":6,"covered":6,"skipped":0,"pct":100}}
,"/home/runner/work/magicmirror-module-sandbox/magicmirror-module-sandbox/config/magicmirror-languages.ts": {"lines":{"total":1,"covered":1,"skipped":0,"pct":100},"functions":{"total":0,"covered":0,"skipped":0,"pct":100},"statements":{"total":1,"covered":1,"skipped":0,"pct":100},"branches":{"total":0,"covered":0,"skipped":0,"pct":100}}
,"/home/runner/work/magicmirror-module-sandbox/magicmirror-module-sandbox/config/module-options.ts": {"lines":{"total":74,"covered":70,"skipped":0,"pct":94.59},"functions":{"total":10,"covered":10,"skipped":0,"pct":100},"statements":{"total":74,"covered":70,"skipped":0,"pct":94.59},"branches":{"total":68,"covered":63,"skipped":0,"pct":92.64}}
,"/home/runner/work/magicmirror-module-sandbox/magicmirror-module-sandbox/server/config-payloads.ts": {"lines":{"total":12,"covered":12,"skipped":0,"pct":100},"functions":{"total":3,"covered":3,"skipped":0,"pct":100},"statements":{"total":12,"covered":12,"skipped":0,"pct":100},"branches":{"total":4,"covered":4,"skipped":0,"pct":100}}
,"/home/runner/work/magicmirror-module-sandbox/magicmirror-module-sandbox/server/config.ts": {"lines":{"total":95,"covered":91,"skipped":0,"pct":95.78},"functions":{"total":26,"covered":26,"skipped":0,"pct":100},"statements":{"total":95,"covered":91,"skipped":0,"pct":95.78},"branches":{"total":89,"covered":82,"skipped":0,"pct":92.13}}
,"/home/runner/work/magicmirror-module-sandbox/magicmirror-module-sandbox/server/errors.ts": {"lines":{"total":3,"covered":3,"skipped":0,"pct":100},"functions":{"total":1,"covered":1,"skipped":0,"pct":100},"statements":{"total":3,"covered":3,"skipped":0,"pct":100},"branches":{"total":0,"covered":0,"skipped":0,"pct":100}}
,"/home/runner/work/magicmirror-module-sandbox/magicmirror-module-sandbox/server/helper-runtime.ts": {"lines":{"total":63,"covered":62,"skipped":0,"pct":98.41},"functions":{"total":11,"covered":11,"skipped":0,"pct":100},"statements":{"total":63,"covered":62,"skipped":0,"pct":98.41},"branches":{"total":37,"covered":34,"skipped":0,"pct":91.89}}
,"/home/runner/work/magicmirror-module-sandbox/magicmirror-module-sandbox/server/html.ts": {"lines":{"total":39,"covered":38,"skipped":0,"pct":97.43},"functions":{"total":8,"covered":8,"skipped":0,"pct":100},"statements":{"total":39,"covered":38,"skipped":0,"pct":97.43},"branches":{"total":34,"covered":31,"skipped":0,"pct":91.17}}
,"/home/runner/work/magicmirror-module-sandbox/magicmirror-module-sandbox/server/log-store.ts": {"lines":{"total":22,"covered":22,"skipped":0,"pct":100},"functions":{"total":4,"covered":4,"skipped":0,"pct":100},"statements":{"total":22,"covered":22,"skipped":0,"pct":100},"branches":{"total":16,"covered":16,"skipped":0,"pct":100}}
,"/home/runner/work/magicmirror-module-sandbox/magicmirror-module-sandbox/server/mm-version-manager.ts": {"lines":{"total":94,"covered":91,"skipped":0,"pct":96.8},"functions":{"total":24,"covered":24,"skipped":0,"pct":100},"statements":{"total":104,"covered":100,"skipped":0,"pct":96.15},"branches":{"total":57,"covered":51,"skipped":0,"pct":89.47}}
,"/home/runner/work/magicmirror-module-sandbox/magicmirror-module-sandbox/server/paths.ts": {"lines":{"total":93,"covered":87,"skipped":0,"pct":93.54},"functions":{"total":21,"covered":21,"skipped":0,"pct":100},"statements":{"total":94,"covered":88,"skipped":0,"pct":93.61},"branches":{"total":77,"covered":68,"skipped":0,"pct":88.31}}
,"/home/runner/work/magicmirror-module-sandbox/magicmirror-module-sandbox/server/routes.ts": {"lines":{"total":141,"covered":140,"skipped":0,"pct":99.29},"functions":{"total":22,"covered":21,"skipped":0,"pct":95.45},"statements":{"total":143,"covered":142,"skipped":0,"pct":99.3},"branches":{"total":52,"covered":52,"skipped":0,"pct":100}}
,"/home/runner/work/magicmirror-module-sandbox/magicmirror-module-sandbox/server/startup-scripts.ts": {"lines":{"total":80,"covered":77,"skipped":0,"pct":96.25},"functions":{"total":15,"covered":14,"skipped":0,"pct":93.33},"statements":{"total":80,"covered":77,"skipped":0,"pct":96.25},"branches":{"total":61,"covered":57,"skipped":0,"pct":93.44}}
,"/home/runner/work/magicmirror-module-sandbox/magicmirror-module-sandbox/server/watch.ts": {"lines":{"total":97,"covered":92,"skipped":0,"pct":94.84},"functions":{"total":20,"covered":20,"skipped":0,"pct":100},"statements":{"total":97,"covered":92,"skipped":0,"pct":94.84},"branches":{"total":72,"covered":67,"skipped":0,"pct":93.05}}
}
